[0.988s] Invoking command in '/home/amwhisper/ros/workspace/roscar/src/controller': PYTHONPATH=/home/amwhisper/ros/workspace/roscar/build/controller/prefix_override:/usr/lib/python3/dist-packages/colcon_core/task/python/colcon_distutils_commands:/home/amwhisper/ros/workspace/roscar/install/controller/lib/python3.10/site-packages:${PYTHONPATH} /usr/bin/python3 -W ignore:setup.py install is deprecated setup.py egg_info --egg-base ../../build/controller build --build-base /home/amwhisper/ros/workspace/roscar/build/controller/build install --record /home/amwhisper/ros/workspace/roscar/build/controller/install.log --single-version-externally-managed install_data
[1.222s] running egg_info
[1.227s] writing ../../build/controller/controller.egg-info/PKG-INFO
[1.227s] writing dependency_links to ../../build/controller/controller.egg-info/dependency_links.txt
[1.227s] writing entry points to ../../build/controller/controller.egg-info/entry_points.txt
[1.231s] writing requirements to ../../build/controller/controller.egg-info/requires.txt
[1.231s] writing top-level names to ../../build/controller/controller.egg-info/top_level.txt
[1.237s] reading manifest file '../../build/controller/controller.egg-info/SOURCES.txt'
[1.240s] writing manifest file '../../build/controller/controller.egg-info/SOURCES.txt'
[1.240s] running build
[1.240s] running build_py
[1.240s] running install
[1.240s] running install_lib
[1.245s] running install_data
[1.245s] running install_egg_info
[1.249s] removing '/home/amwhisper/ros/workspace/roscar/install/controller/lib/python3.10/site-packages/controller-0.0.0-py3.10.egg-info' (and everything under it)
[1.251s] Copying ../../build/controller/controller.egg-info to /home/amwhisper/ros/workspace/roscar/install/controller/lib/python3.10/site-packages/controller-0.0.0-py3.10.egg-info
[1.255s] running install_scripts
[1.295s] Installing controller_node script to /home/amwhisper/ros/workspace/roscar/install/controller/lib/controller
[1.296s] writing list of installed files to '/home/amwhisper/ros/workspace/roscar/build/controller/install.log'
[1.321s] Invoked command in '/home/amwhisper/ros/workspace/roscar/src/controller' returned '0': PYTHONPATH=/home/amwhisper/ros/workspace/roscar/build/controller/prefix_override:/usr/lib/python3/dist-packages/colcon_core/task/python/colcon_distutils_commands:/home/amwhisper/ros/workspace/roscar/install/controller/lib/python3.10/site-packages:${PYTHONPATH} /usr/bin/python3 -W ignore:setup.py install is deprecated setup.py egg_info --egg-base ../../build/controller build --build-base /home/amwhisper/ros/workspace/roscar/build/controller/build install --record /home/amwhisper/ros/workspace/roscar/build/controller/install.log --single-version-externally-managed install_data
