[0.953s] Invoking command in '/home/amwhisper/ros/workspace/roscar/src/car_task': AMENT_PREFIX_PATH=/home/amwhisper/ros/workspace/roscar/install/roscar_interfaces:${AMENT_PREFIX_PATH} CMAKE_PREFIX_PATH=/home/amwhisper/ros/workspace/roscar/install/roscar_interfaces LD_LIBRARY_PATH=/home/amwhisper/ros/workspace/roscar/install/roscar_interfaces/lib:${LD_LIBRARY_PATH} PYTHONPATH=/home/amwhisper/ros/workspace/roscar/build/car_task/prefix_override:/usr/lib/python3/dist-packages/colcon_core/task/python/colcon_distutils_commands:/home/amwhisper/ros/workspace/roscar/install/car_task/lib/python3.10/site-packages:/home/amwhisper/ros/workspace/roscar/install/roscar_interfaces/local/lib/python3.10/dist-packages:${PYTHONPATH} /usr/bin/python3 -W ignore:setup.py install is deprecated setup.py egg_info --egg-base ../../build/car_task build --build-base /home/amwhisper/ros/workspace/roscar/build/car_task/build install --record /home/amwhisper/ros/workspace/roscar/build/car_task/install.log --single-version-externally-managed install_data
[1.131s] running egg_info
[1.131s] writing ../../build/car_task/car_task.egg-info/PKG-INFO
[1.131s] writing dependency_links to ../../build/car_task/car_task.egg-info/dependency_links.txt
[1.131s] writing entry points to ../../build/car_task/car_task.egg-info/entry_points.txt
[1.132s] writing requirements to ../../build/car_task/car_task.egg-info/requires.txt
[1.132s] writing top-level names to ../../build/car_task/car_task.egg-info/top_level.txt
[1.133s] reading manifest file '../../build/car_task/car_task.egg-info/SOURCES.txt'
[1.133s] writing manifest file '../../build/car_task/car_task.egg-info/SOURCES.txt'
[1.135s] running build
[1.135s] running build_py
[1.135s] running install
[1.135s] running install_lib
[1.136s] running install_data
[1.136s] running install_egg_info
[1.137s] removing '/home/amwhisper/ros/workspace/roscar/install/car_task/lib/python3.10/site-packages/car_task-0.0.0-py3.10.egg-info' (and everything under it)
[1.142s] Copying ../../build/car_task/car_task.egg-info to /home/amwhisper/ros/workspace/roscar/install/car_task/lib/python3.10/site-packages/car_task-0.0.0-py3.10.egg-info
[1.142s] running install_scripts
[1.157s] Installing chassis_node script to /home/amwhisper/ros/workspace/roscar/install/car_task/lib/car_task
[1.157s] writing list of installed files to '/home/amwhisper/ros/workspace/roscar/build/car_task/install.log'
[1.189s] Invoked command in '/home/amwhisper/ros/workspace/roscar/src/car_task' returned '0': AMENT_PREFIX_PATH=/home/amwhisper/ros/workspace/roscar/install/roscar_interfaces:${AMENT_PREFIX_PATH} CMAKE_PREFIX_PATH=/home/amwhisper/ros/workspace/roscar/install/roscar_interfaces LD_LIBRARY_PATH=/home/amwhisper/ros/workspace/roscar/install/roscar_interfaces/lib:${LD_LIBRARY_PATH} PYTHONPATH=/home/amwhisper/ros/workspace/roscar/build/car_task/prefix_override:/usr/lib/python3/dist-packages/colcon_core/task/python/colcon_distutils_commands:/home/amwhisper/ros/workspace/roscar/install/car_task/lib/python3.10/site-packages:/home/amwhisper/ros/workspace/roscar/install/roscar_interfaces/local/lib/python3.10/dist-packages:${PYTHONPATH} /usr/bin/python3 -W ignore:setup.py install is deprecated setup.py egg_info --egg-base ../../build/car_task build --build-base /home/amwhisper/ros/workspace/roscar/build/car_task/build install --record /home/amwhisper/ros/workspace/roscar/build/car_task/install.log --single-version-externally-managed install_data
