[0.676s] Invoking command in '/home/amwhisper/ros/workspace/roscar/build/roscar_interfaces': CMAKE_PREFIX_PATH=${CMAKE_PREFIX_PATH}:/home/amwhisper/ros/workspace/roscar/install/controller:/home/amwhisper/ros/workspace/roscar/install/car_task:/home/amwhisper/ros/workspace/roscar/install/can_control:/opt/ros/humble /usr/bin/cmake --build /home/amwhisper/ros/workspace/roscar/build/roscar_interfaces -- -j6 -l6
[0.741s] [  3%] Built target roscar_interfaces__cpp
[0.750s] [ 12%] Built target roscar_interfaces__rosidl_generator_c
[0.768s] [ 12%] Built target ament_cmake_python_copy_roscar_interfaces
[0.774s] [ 22%] Built target roscar_interfaces__rosidl_typesupport_cpp
[0.784s] [ 32%] Built target roscar_interfaces__rosidl_typesupport_introspection_cpp
[0.785s] [ 41%] Built target roscar_interfaces__rosidl_typesupport_fastrtps_cpp
[0.792s] [ 51%] Built target roscar_interfaces__rosidl_typesupport_introspection_c
[0.795s] [ 61%] Built target roscar_interfaces__rosidl_typesupport_fastrtps_c
[0.809s] [ 70%] Built target roscar_interfaces__rosidl_typesupport_c
[0.838s] [ 70%] Built target roscar_interfaces
[0.860s] [ 74%] Built target roscar_interfaces__py
[0.886s] [ 80%] Built target roscar_interfaces__rosidl_generator_py
[0.923s] [ 87%] Built target roscar_interfaces__rosidl_typesupport_fastrtps_c__pyext
[0.929s] [ 93%] Built target roscar_interfaces__rosidl_typesupport_introspection_c__pyext
[0.934s] [100%] Built target roscar_interfaces__rosidl_typesupport_c__pyext
[1.002s] running egg_info
[1.002s] writing roscar_interfaces.egg-info/PKG-INFO
[1.002s] writing dependency_links to roscar_interfaces.egg-info/dependency_links.txt
[1.002s] writing top-level names to roscar_interfaces.egg-info/top_level.txt
[1.004s] reading manifest file 'roscar_interfaces.egg-info/SOURCES.txt'
[1.005s] writing manifest file 'roscar_interfaces.egg-info/SOURCES.txt'
[1.035s] [100%] Built target ament_cmake_python_build_roscar_interfaces_egg
[1.051s] Invoked command in '/home/amwhisper/ros/workspace/roscar/build/roscar_interfaces' returned '0': CMAKE_PREFIX_PATH=${CMAKE_PREFIX_PATH}:/home/amwhisper/ros/workspace/roscar/install/controller:/home/amwhisper/ros/workspace/roscar/install/car_task:/home/amwhisper/ros/workspace/roscar/install/can_control:/opt/ros/humble /usr/bin/cmake --build /home/amwhisper/ros/workspace/roscar/build/roscar_interfaces -- -j6 -l6
[1.179s] Invoking command in '/home/amwhisper/ros/workspace/roscar/build/roscar_interfaces': CMAKE_PREFIX_PATH=${CMAKE_PREFIX_PATH}:/home/amwhisper/ros/workspace/roscar/install/controller:/home/amwhisper/ros/workspace/roscar/install/car_task:/home/amwhisper/ros/workspace/roscar/install/can_control:/opt/ros/humble /usr/bin/cmake --install /home/amwhisper/ros/workspace/roscar/build/roscar_interfaces
[1.187s] -- Install configuration: ""
[1.187s] -- Up-to-date: /home/amwhisper/ros/workspace/roscar/install/roscar_interfaces/share/ament_index/resource_index/rosidl_interfaces/roscar_interfaces
[1.188s] -- Up-to-date: /home/amwhisper/ros/workspace/roscar/install/roscar_interfaces/include/roscar_interfaces/roscar_interfaces
[1.188s] -- Up-to-date: /home/amwhisper/ros/workspace/roscar/install/roscar_interfaces/include/roscar_interfaces/roscar_interfaces/msg
[1.188s] -- Up-to-date: /home/amwhisper/ros/workspace/roscar/install/roscar_interfaces/include/roscar_interfaces/roscar_interfaces/msg/controller.h
[1.188s] -- Up-to-date: /home/amwhisper/ros/workspace/roscar/install/roscar_interfaces/include/roscar_interfaces/roscar_interfaces/msg/detail
[1.189s] -- Up-to-date: /home/amwhisper/ros/workspace/roscar/install/roscar_interfaces/include/roscar_interfaces/roscar_interfaces/msg/detail/controller__functions.c
[1.189s] -- Up-to-date: /home/amwhisper/ros/workspace/roscar/install/roscar_interfaces/include/roscar_interfaces/roscar_interfaces/msg/detail/can_control__struct.h
[1.189s] -- Up-to-date: /home/amwhisper/ros/workspace/roscar/install/roscar_interfaces/include/roscar_interfaces/roscar_interfaces/msg/detail/controller__type_support.h
[1.189s] -- Up-to-date: /home/amwhisper/ros/workspace/roscar/install/roscar_interfaces/include/roscar_interfaces/roscar_interfaces/msg/detail/can_control__functions.c
[1.189s] -- Up-to-date: /home/amwhisper/ros/workspace/roscar/install/roscar_interfaces/include/roscar_interfaces/roscar_interfaces/msg/detail/can_control__type_support.h
[1.189s] -- Up-to-date: /home/amwhisper/ros/workspace/roscar/install/roscar_interfaces/include/roscar_interfaces/roscar_interfaces/msg/detail/controller__struct.h
[1.189s] -- Up-to-date: /home/amwhisper/ros/workspace/roscar/install/roscar_interfaces/include/roscar_interfaces/roscar_interfaces/msg/detail/controller__functions.h
[1.189s] -- Up-to-date: /home/amwhisper/ros/workspace/roscar/install/roscar_interfaces/include/roscar_interfaces/roscar_interfaces/msg/detail/can_control__functions.h
[1.191s] -- Up-to-date: /home/amwhisper/ros/workspace/roscar/install/roscar_interfaces/include/roscar_interfaces/roscar_interfaces/msg/can_control.h
[1.191s] -- Up-to-date: /home/amwhisper/ros/workspace/roscar/install/roscar_interfaces/include/roscar_interfaces/roscar_interfaces/msg/rosidl_generator_c__visibility_control.h
[1.191s] -- Up-to-date: /home/amwhisper/ros/workspace/roscar/install/roscar_interfaces/share/roscar_interfaces/environment/library_path.sh
[1.191s] -- Up-to-date: /home/amwhisper/ros/workspace/roscar/install/roscar_interfaces/share/roscar_interfaces/environment/library_path.dsv
[1.192s] -- Up-to-date: /home/amwhisper/ros/workspace/roscar/install/roscar_interfaces/lib/libroscar_interfaces__rosidl_generator_c.so
[1.193s] -- Up-to-date: /home/amwhisper/ros/workspace/roscar/install/roscar_interfaces/include/roscar_interfaces/roscar_interfaces
[1.193s] -- Up-to-date: /home/amwhisper/ros/workspace/roscar/install/roscar_interfaces/include/roscar_interfaces/roscar_interfaces/msg
[1.193s] -- Up-to-date: /home/amwhisper/ros/workspace/roscar/install/roscar_interfaces/include/roscar_interfaces/roscar_interfaces/msg/rosidl_typesupport_fastrtps_c__visibility_control.h
[1.193s] -- Up-to-date: /home/amwhisper/ros/workspace/roscar/install/roscar_interfaces/include/roscar_interfaces/roscar_interfaces/msg/detail
[1.193s] -- Up-to-date: /home/amwhisper/ros/workspace/roscar/install/roscar_interfaces/include/roscar_interfaces/roscar_interfaces/msg/detail/controller__rosidl_typesupport_fastrtps_c.h
[1.193s] -- Up-to-date: /home/amwhisper/ros/workspace/roscar/install/roscar_interfaces/include/roscar_interfaces/roscar_interfaces/msg/detail/can_control__rosidl_typesupport_fastrtps_c.h
[1.193s] -- Up-to-date: /home/amwhisper/ros/workspace/roscar/install/roscar_interfaces/lib/libroscar_interfaces__rosidl_typesupport_fastrtps_c.so
[1.193s] -- Up-to-date: /home/amwhisper/ros/workspace/roscar/install/roscar_interfaces/include/roscar_interfaces/roscar_interfaces
[1.193s] -- Up-to-date: /home/amwhisper/ros/workspace/roscar/install/roscar_interfaces/include/roscar_interfaces/roscar_interfaces/msg
[1.194s] -- Up-to-date: /home/amwhisper/ros/workspace/roscar/install/roscar_interfaces/include/roscar_interfaces/roscar_interfaces/msg/rosidl_typesupport_introspection_c__visibility_control.h
[1.194s] -- Up-to-date: /home/amwhisper/ros/workspace/roscar/install/roscar_interfaces/include/roscar_interfaces/roscar_interfaces/msg/detail
[1.194s] -- Up-to-date: /home/amwhisper/ros/workspace/roscar/install/roscar_interfaces/include/roscar_interfaces/roscar_interfaces/msg/detail/can_control__rosidl_typesupport_introspection_c.h
[1.194s] -- Up-to-date: /home/amwhisper/ros/workspace/roscar/install/roscar_interfaces/include/roscar_interfaces/roscar_interfaces/msg/detail/controller__rosidl_typesupport_introspection_c.h
[1.194s] -- Up-to-date: /home/amwhisper/ros/workspace/roscar/install/roscar_interfaces/include/roscar_interfaces/roscar_interfaces/msg/detail/controller__type_support.c
[1.194s] -- Up-to-date: /home/amwhisper/ros/workspace/roscar/install/roscar_interfaces/include/roscar_interfaces/roscar_interfaces/msg/detail/can_control__type_support.c
[1.199s] -- Up-to-date: /home/amwhisper/ros/workspace/roscar/install/roscar_interfaces/lib/libroscar_interfaces__rosidl_typesupport_introspection_c.so
[1.200s] -- Up-to-date: /home/amwhisper/ros/workspace/roscar/install/roscar_interfaces/lib/libroscar_interfaces__rosidl_typesupport_c.so
[1.201s] -- Up-to-date: /home/amwhisper/ros/workspace/roscar/install/roscar_interfaces/include/roscar_interfaces/roscar_interfaces
[1.202s] -- Up-to-date: /home/amwhisper/ros/workspace/roscar/install/roscar_interfaces/include/roscar_interfaces/roscar_interfaces/msg
[1.202s] -- Up-to-date: /home/amwhisper/ros/workspace/roscar/install/roscar_interfaces/include/roscar_interfaces/roscar_interfaces/msg/controller.hpp
[1.202s] -- Up-to-date: /home/amwhisper/ros/workspace/roscar/install/roscar_interfaces/include/roscar_interfaces/roscar_interfaces/msg/detail
[1.202s] -- Up-to-date: /home/amwhisper/ros/workspace/roscar/install/roscar_interfaces/include/roscar_interfaces/roscar_interfaces/msg/detail/can_control__traits.hpp
[1.202s] -- Up-to-date: /home/amwhisper/ros/workspace/roscar/install/roscar_interfaces/include/roscar_interfaces/roscar_interfaces/msg/detail/can_control__builder.hpp
[1.203s] -- Up-to-date: /home/amwhisper/ros/workspace/roscar/install/roscar_interfaces/include/roscar_interfaces/roscar_interfaces/msg/detail/controller__traits.hpp
[1.203s] -- Up-to-date: /home/amwhisper/ros/workspace/roscar/install/roscar_interfaces/include/roscar_interfaces/roscar_interfaces/msg/detail/can_control__struct.hpp
[1.203s] -- Up-to-date: /home/amwhisper/ros/workspace/roscar/install/roscar_interfaces/include/roscar_interfaces/roscar_interfaces/msg/detail/controller__builder.hpp
[1.203s] -- Up-to-date: /home/amwhisper/ros/workspace/roscar/install/roscar_interfaces/include/roscar_interfaces/roscar_interfaces/msg/detail/controller__struct.hpp
[1.203s] -- Up-to-date: /home/amwhisper/ros/workspace/roscar/install/roscar_interfaces/include/roscar_interfaces/roscar_interfaces/msg/can_control.hpp
[1.203s] -- Up-to-date: /home/amwhisper/ros/workspace/roscar/install/roscar_interfaces/include/roscar_interfaces/roscar_interfaces
[1.203s] -- Up-to-date: /home/amwhisper/ros/workspace/roscar/install/roscar_interfaces/include/roscar_interfaces/roscar_interfaces/msg
[1.203s] -- Up-to-date: /home/amwhisper/ros/workspace/roscar/install/roscar_interfaces/include/roscar_interfaces/roscar_interfaces/msg/rosidl_typesupport_fastrtps_cpp__visibility_control.h
[1.203s] -- Up-to-date: /home/amwhisper/ros/workspace/roscar/install/roscar_interfaces/include/roscar_interfaces/roscar_interfaces/msg/detail
[1.203s] -- Up-to-date: /home/amwhisper/ros/workspace/roscar/install/roscar_interfaces/include/roscar_interfaces/roscar_interfaces/msg/detail/can_control__rosidl_typesupport_fastrtps_cpp.hpp
[1.203s] -- Up-to-date: /home/amwhisper/ros/workspace/roscar/install/roscar_interfaces/include/roscar_interfaces/roscar_interfaces/msg/detail/controller__rosidl_typesupport_fastrtps_cpp.hpp
[1.203s] -- Up-to-date: /home/amwhisper/ros/workspace/roscar/install/roscar_interfaces/include/roscar_interfaces/roscar_interfaces/msg/detail/dds_fastrtps
[1.203s] -- Up-to-date: /home/amwhisper/ros/workspace/roscar/install/roscar_interfaces/lib/libroscar_interfaces__rosidl_typesupport_fastrtps_cpp.so
[1.203s] -- Up-to-date: /home/amwhisper/ros/workspace/roscar/install/roscar_interfaces/include/roscar_interfaces/roscar_interfaces
[1.203s] -- Up-to-date: /home/amwhisper/ros/workspace/roscar/install/roscar_interfaces/include/roscar_interfaces/roscar_interfaces/msg
[1.203s] -- Up-to-date: /home/amwhisper/ros/workspace/roscar/install/roscar_interfaces/include/roscar_interfaces/roscar_interfaces/msg/detail
[1.203s] -- Up-to-date: /home/amwhisper/ros/workspace/roscar/install/roscar_interfaces/include/roscar_interfaces/roscar_interfaces/msg/detail/controller__rosidl_typesupport_introspection_cpp.hpp
[1.203s] -- Up-to-date: /home/amwhisper/ros/workspace/roscar/install/roscar_interfaces/include/roscar_interfaces/roscar_interfaces/msg/detail/controller__type_support.cpp
[1.203s] -- Up-to-date: /home/amwhisper/ros/workspace/roscar/install/roscar_interfaces/include/roscar_interfaces/roscar_interfaces/msg/detail/can_control__rosidl_typesupport_introspection_cpp.hpp
[1.203s] -- Up-to-date: /home/amwhisper/ros/workspace/roscar/install/roscar_interfaces/include/roscar_interfaces/roscar_interfaces/msg/detail/can_control__type_support.cpp
[1.203s] -- Up-to-date: /home/amwhisper/ros/workspace/roscar/install/roscar_interfaces/lib/libroscar_interfaces__rosidl_typesupport_introspection_cpp.so
[1.204s] -- Up-to-date: /home/amwhisper/ros/workspace/roscar/install/roscar_interfaces/lib/libroscar_interfaces__rosidl_typesupport_cpp.so
[1.205s] -- Up-to-date: /home/amwhisper/ros/workspace/roscar/install/roscar_interfaces/share/roscar_interfaces/environment/pythonpath.sh
[1.205s] -- Up-to-date: /home/amwhisper/ros/workspace/roscar/install/roscar_interfaces/share/roscar_interfaces/environment/pythonpath.dsv
[1.205s] -- Up-to-date: /home/amwhisper/ros/workspace/roscar/install/roscar_interfaces/local/lib/python3.10/dist-packages/roscar_interfaces-0.0.0-py3.10.egg-info
[1.205s] -- Installing: /home/amwhisper/ros/workspace/roscar/install/roscar_interfaces/local/lib/python3.10/dist-packages/roscar_interfaces-0.0.0-py3.10.egg-info/top_level.txt
[1.205s] -- Installing: /home/amwhisper/ros/workspace/roscar/install/roscar_interfaces/local/lib/python3.10/dist-packages/roscar_interfaces-0.0.0-py3.10.egg-info/SOURCES.txt
[1.206s] -- Installing: /home/amwhisper/ros/workspace/roscar/install/roscar_interfaces/local/lib/python3.10/dist-packages/roscar_interfaces-0.0.0-py3.10.egg-info/PKG-INFO
[1.206s] -- Installing: /home/amwhisper/ros/workspace/roscar/install/roscar_interfaces/local/lib/python3.10/dist-packages/roscar_interfaces-0.0.0-py3.10.egg-info/dependency_links.txt
[1.208s] -- Up-to-date: /home/amwhisper/ros/workspace/roscar/install/roscar_interfaces/local/lib/python3.10/dist-packages/roscar_interfaces
[1.208s] -- Up-to-date: /home/amwhisper/ros/workspace/roscar/install/roscar_interfaces/local/lib/python3.10/dist-packages/roscar_interfaces/_roscar_interfaces_s.ep.rosidl_typesupport_c.c
[1.208s] -- Up-to-date: /home/amwhisper/ros/workspace/roscar/install/roscar_interfaces/local/lib/python3.10/dist-packages/roscar_interfaces/msg
[1.208s] -- Up-to-date: /home/amwhisper/ros/workspace/roscar/install/roscar_interfaces/local/lib/python3.10/dist-packages/roscar_interfaces/msg/_controller.py
[1.208s] -- Up-to-date: /home/amwhisper/ros/workspace/roscar/install/roscar_interfaces/local/lib/python3.10/dist-packages/roscar_interfaces/msg/__init__.py
[1.208s] -- Up-to-date: /home/amwhisper/ros/workspace/roscar/install/roscar_interfaces/local/lib/python3.10/dist-packages/roscar_interfaces/msg/_can_control.py
[1.208s] -- Up-to-date: /home/amwhisper/ros/workspace/roscar/install/roscar_interfaces/local/lib/python3.10/dist-packages/roscar_interfaces/msg/_can_control_s.c
[1.208s] -- Up-to-date: /home/amwhisper/ros/workspace/roscar/install/roscar_interfaces/local/lib/python3.10/dist-packages/roscar_interfaces/msg/_controller_s.c
[1.208s] -- Up-to-date: /home/amwhisper/ros/workspace/roscar/install/roscar_interfaces/local/lib/python3.10/dist-packages/roscar_interfaces/__init__.py
[1.208s] -- Up-to-date: /home/amwhisper/ros/workspace/roscar/install/roscar_interfaces/local/lib/python3.10/dist-packages/roscar_interfaces/roscar_interfaces_s__rosidl_typesupport_c.cpython-310-x86_64-linux-gnu.so
[1.208s] -- Up-to-date: /home/amwhisper/ros/workspace/roscar/install/roscar_interfaces/local/lib/python3.10/dist-packages/roscar_interfaces/libroscar_interfaces__rosidl_generator_py.so
[1.208s] -- Up-to-date: /home/amwhisper/ros/workspace/roscar/install/roscar_interfaces/local/lib/python3.10/dist-packages/roscar_interfaces/_roscar_interfaces_s.ep.rosidl_typesupport_fastrtps_c.c
[1.208s] -- Up-to-date: /home/amwhisper/ros/workspace/roscar/install/roscar_interfaces/local/lib/python3.10/dist-packages/roscar_interfaces/roscar_interfaces_s__rosidl_typesupport_introspection_c.cpython-310-x86_64-linux-gnu.so
[1.208s] -- Up-to-date: /home/amwhisper/ros/workspace/roscar/install/roscar_interfaces/local/lib/python3.10/dist-packages/roscar_interfaces/_roscar_interfaces_s.ep.rosidl_typesupport_introspection_c.c
[1.208s] -- Up-to-date: /home/amwhisper/ros/workspace/roscar/install/roscar_interfaces/local/lib/python3.10/dist-packages/roscar_interfaces/roscar_interfaces_s__rosidl_typesupport_fastrtps_c.cpython-310-x86_64-linux-gnu.so
[1.253s] Listing '/home/amwhisper/ros/workspace/roscar/install/roscar_interfaces/local/lib/python3.10/dist-packages/roscar_interfaces'...
[1.253s] Listing '/home/amwhisper/ros/workspace/roscar/install/roscar_interfaces/local/lib/python3.10/dist-packages/roscar_interfaces/msg'...
[1.257s] -- Up-to-date: /home/amwhisper/ros/workspace/roscar/install/roscar_interfaces/local/lib/python3.10/dist-packages/roscar_interfaces/roscar_interfaces_s__rosidl_typesupport_fastrtps_c.cpython-310-x86_64-linux-gnu.so
[1.257s] -- Up-to-date: /home/amwhisper/ros/workspace/roscar/install/roscar_interfaces/local/lib/python3.10/dist-packages/roscar_interfaces/roscar_interfaces_s__rosidl_typesupport_introspection_c.cpython-310-x86_64-linux-gnu.so
[1.258s] -- Up-to-date: /home/amwhisper/ros/workspace/roscar/install/roscar_interfaces/local/lib/python3.10/dist-packages/roscar_interfaces/roscar_interfaces_s__rosidl_typesupport_c.cpython-310-x86_64-linux-gnu.so
[1.259s] -- Up-to-date: /home/amwhisper/ros/workspace/roscar/install/roscar_interfaces/lib/libroscar_interfaces__rosidl_generator_py.so
[1.259s] -- Up-to-date: /home/amwhisper/ros/workspace/roscar/install/roscar_interfaces/share/roscar_interfaces/msg/Controller.idl
[1.260s] -- Up-to-date: /home/amwhisper/ros/workspace/roscar/install/roscar_interfaces/share/roscar_interfaces/msg/Controller.msg
[1.260s] -- Up-to-date: /home/amwhisper/ros/workspace/roscar/install/roscar_interfaces/share/ament_index/resource_index/package_run_dependencies/roscar_interfaces
[1.260s] -- Up-to-date: /home/amwhisper/ros/workspace/roscar/install/roscar_interfaces/share/ament_index/resource_index/parent_prefix_path/roscar_interfaces
[1.260s] -- Up-to-date: /home/amwhisper/ros/workspace/roscar/install/roscar_interfaces/share/roscar_interfaces/environment/ament_prefix_path.sh
[1.260s] -- Up-to-date: /home/amwhisper/ros/workspace/roscar/install/roscar_interfaces/share/roscar_interfaces/environment/ament_prefix_path.dsv
[1.260s] -- Up-to-date: /home/amwhisper/ros/workspace/roscar/install/roscar_interfaces/share/roscar_interfaces/environment/path.sh
[1.261s] -- Up-to-date: /home/amwhisper/ros/workspace/roscar/install/roscar_interfaces/share/roscar_interfaces/environment/path.dsv
[1.261s] -- Up-to-date: /home/amwhisper/ros/workspace/roscar/install/roscar_interfaces/share/roscar_interfaces/local_setup.bash
[1.261s] -- Up-to-date: /home/amwhisper/ros/workspace/roscar/install/roscar_interfaces/share/roscar_interfaces/local_setup.sh
[1.261s] -- Up-to-date: /home/amwhisper/ros/workspace/roscar/install/roscar_interfaces/share/roscar_interfaces/local_setup.zsh
[1.261s] -- Up-to-date: /home/amwhisper/ros/workspace/roscar/install/roscar_interfaces/share/roscar_interfaces/local_setup.dsv
[1.262s] -- Installing: /home/amwhisper/ros/workspace/roscar/install/roscar_interfaces/share/roscar_interfaces/package.dsv
[1.262s] -- Up-to-date: /home/amwhisper/ros/workspace/roscar/install/roscar_interfaces/share/ament_index/resource_index/packages/roscar_interfaces
[1.262s] -- Up-to-date: /home/amwhisper/ros/workspace/roscar/install/roscar_interfaces/share/roscar_interfaces/cmake/export_roscar_interfaces__rosidl_generator_cExport.cmake
[1.262s] -- Up-to-date: /home/amwhisper/ros/workspace/roscar/install/roscar_interfaces/share/roscar_interfaces/cmake/export_roscar_interfaces__rosidl_generator_cExport-noconfig.cmake
[1.263s] -- Up-to-date: /home/amwhisper/ros/workspace/roscar/install/roscar_interfaces/share/roscar_interfaces/cmake/export_roscar_interfaces__rosidl_typesupport_fastrtps_cExport.cmake
[1.263s] -- Up-to-date: /home/amwhisper/ros/workspace/roscar/install/roscar_interfaces/share/roscar_interfaces/cmake/export_roscar_interfaces__rosidl_typesupport_fastrtps_cExport-noconfig.cmake
[1.263s] -- Up-to-date: /home/amwhisper/ros/workspace/roscar/install/roscar_interfaces/share/roscar_interfaces/cmake/roscar_interfaces__rosidl_typesupport_introspection_cExport.cmake
[1.263s] -- Up-to-date: /home/amwhisper/ros/workspace/roscar/install/roscar_interfaces/share/roscar_interfaces/cmake/roscar_interfaces__rosidl_typesupport_introspection_cExport-noconfig.cmake
[1.264s] -- Up-to-date: /home/amwhisper/ros/workspace/roscar/install/roscar_interfaces/share/roscar_interfaces/cmake/roscar_interfaces__rosidl_typesupport_cExport.cmake
[1.264s] -- Up-to-date: /home/amwhisper/ros/workspace/roscar/install/roscar_interfaces/share/roscar_interfaces/cmake/roscar_interfaces__rosidl_typesupport_cExport-noconfig.cmake
[1.265s] -- Up-to-date: /home/amwhisper/ros/workspace/roscar/install/roscar_interfaces/share/roscar_interfaces/cmake/export_roscar_interfaces__rosidl_generator_cppExport.cmake
[1.265s] -- Up-to-date: /home/amwhisper/ros/workspace/roscar/install/roscar_interfaces/share/roscar_interfaces/cmake/export_roscar_interfaces__rosidl_typesupport_fastrtps_cppExport.cmake
[1.265s] -- Up-to-date: /home/amwhisper/ros/workspace/roscar/install/roscar_interfaces/share/roscar_interfaces/cmake/export_roscar_interfaces__rosidl_typesupport_fastrtps_cppExport-noconfig.cmake
[1.266s] -- Up-to-date: /home/amwhisper/ros/workspace/roscar/install/roscar_interfaces/share/roscar_interfaces/cmake/roscar_interfaces__rosidl_typesupport_introspection_cppExport.cmake
[1.266s] -- Up-to-date: /home/amwhisper/ros/workspace/roscar/install/roscar_interfaces/share/roscar_interfaces/cmake/roscar_interfaces__rosidl_typesupport_introspection_cppExport-noconfig.cmake
[1.266s] -- Up-to-date: /home/amwhisper/ros/workspace/roscar/install/roscar_interfaces/share/roscar_interfaces/cmake/roscar_interfaces__rosidl_typesupport_cppExport.cmake
[1.266s] -- Up-to-date: /home/amwhisper/ros/workspace/roscar/install/roscar_interfaces/share/roscar_interfaces/cmake/roscar_interfaces__rosidl_typesupport_cppExport-noconfig.cmake
[1.266s] -- Up-to-date: /home/amwhisper/ros/workspace/roscar/install/roscar_interfaces/share/roscar_interfaces/cmake/export_roscar_interfaces__rosidl_generator_pyExport.cmake
[1.266s] -- Up-to-date: /home/amwhisper/ros/workspace/roscar/install/roscar_interfaces/share/roscar_interfaces/cmake/export_roscar_interfaces__rosidl_generator_pyExport-noconfig.cmake
[1.267s] -- Up-to-date: /home/amwhisper/ros/workspace/roscar/install/roscar_interfaces/share/roscar_interfaces/cmake/rosidl_cmake-extras.cmake
[1.267s] -- Up-to-date: /home/amwhisper/ros/workspace/roscar/install/roscar_interfaces/share/roscar_interfaces/cmake/ament_cmake_export_dependencies-extras.cmake
[1.267s] -- Up-to-date: /home/amwhisper/ros/workspace/roscar/install/roscar_interfaces/share/roscar_interfaces/cmake/ament_cmake_export_include_directories-extras.cmake
[1.267s] -- Up-to-date: /home/amwhisper/ros/workspace/roscar/install/roscar_interfaces/share/roscar_interfaces/cmake/ament_cmake_export_libraries-extras.cmake
[1.267s] -- Up-to-date: /home/amwhisper/ros/workspace/roscar/install/roscar_interfaces/share/roscar_interfaces/cmake/ament_cmake_export_targets-extras.cmake
[1.267s] -- Up-to-date: /home/amwhisper/ros/workspace/roscar/install/roscar_interfaces/share/roscar_interfaces/cmake/rosidl_cmake_export_typesupport_targets-extras.cmake
[1.267s] -- Up-to-date: /home/amwhisper/ros/workspace/roscar/install/roscar_interfaces/share/roscar_interfaces/cmake/rosidl_cmake_export_typesupport_libraries-extras.cmake
[1.268s] -- Up-to-date: /home/amwhisper/ros/workspace/roscar/install/roscar_interfaces/share/roscar_interfaces/cmake/roscar_interfacesConfig.cmake
[1.268s] -- Up-to-date: /home/amwhisper/ros/workspace/roscar/install/roscar_interfaces/share/roscar_interfaces/cmake/roscar_interfacesConfig-version.cmake
[1.268s] -- Up-to-date: /home/amwhisper/ros/workspace/roscar/install/roscar_interfaces/share/roscar_interfaces/package.xml
[1.281s] Invoked command in '/home/amwhisper/ros/workspace/roscar/build/roscar_interfaces' returned '0': CMAKE_PREFIX_PATH=${CMAKE_PREFIX_PATH}:/home/amwhisper/ros/workspace/roscar/install/controller:/home/amwhisper/ros/workspace/roscar/install/car_task:/home/amwhisper/ros/workspace/roscar/install/can_control:/opt/ros/humble /usr/bin/cmake --install /home/amwhisper/ros/workspace/roscar/build/roscar_interfaces
