[0.013s] Invoking command in '/home/amwhisper/ros/workspace/roscar/build/roscar_interfaces': CMAKE_PREFIX_PATH=${CMAKE_PREFIX_PATH}:/home/amwhisper/ros/workspace/roscar/install/controller:/home/amwhisper/ros/workspace/roscar/install/car_task:/home/amwhisper/ros/workspace/roscar/install/can_control:/opt/ros/humble /usr/bin/cmake --build /home/amwhisper/ros/workspace/roscar/build/roscar_interfaces -- -j6 -l6
[0.081s] [  2%] Built target roscar_interfaces__cpp
[0.081s] [ 12%] Built target roscar_interfaces__rosidl_generator_c
[0.104s] [ 12%] Built target ament_cmake_python_copy_roscar_interfaces
[0.110s] [ 23%] Built target roscar_interfaces__rosidl_typesupport_cpp
[0.114s] [ 40%] Built target roscar_interfaces__rosidl_typesupport_introspection_cpp
[0.116s] [ 44%] Built target roscar_interfaces__rosidl_typesupport_fastrtps_cpp
[0.140s] [ 55%] Built target roscar_interfaces__rosidl_typesupport_c
[0.140s] [ 65%] Built target roscar_interfaces__rosidl_typesupport_introspection_c
[0.149s] [ 76%] Built target roscar_interfaces__rosidl_typesupport_fastrtps_c
[0.175s] [ 76%] Built target roscar_interfaces
[0.199s] [ 78%] Built target roscar_interfaces__py
[0.231s] [ 87%] Built target roscar_interfaces__rosidl_generator_py
[0.262s] [ 91%] Built target roscar_interfaces__rosidl_typesupport_c__pyext
[0.263s] [ 95%] Built target roscar_interfaces__rosidl_typesupport_fastrtps_c__pyext
[0.266s] [100%] Built target roscar_interfaces__rosidl_typesupport_introspection_c__pyext
[0.325s] running egg_info
[0.326s] writing roscar_interfaces.egg-info/PKG-INFO
[0.326s] writing dependency_links to roscar_interfaces.egg-info/dependency_links.txt
[0.326s] writing top-level names to roscar_interfaces.egg-info/top_level.txt
[0.326s] reading manifest file 'roscar_interfaces.egg-info/SOURCES.txt'
[0.326s] writing manifest file 'roscar_interfaces.egg-info/SOURCES.txt'
[0.354s] [100%] Built target ament_cmake_python_build_roscar_interfaces_egg
[0.374s] Invoked command in '/home/amwhisper/ros/workspace/roscar/build/roscar_interfaces' returned '0': CMAKE_PREFIX_PATH=${CMAKE_PREFIX_PATH}:/home/amwhisper/ros/workspace/roscar/install/controller:/home/amwhisper/ros/workspace/roscar/install/car_task:/home/amwhisper/ros/workspace/roscar/install/can_control:/opt/ros/humble /usr/bin/cmake --build /home/amwhisper/ros/workspace/roscar/build/roscar_interfaces -- -j6 -l6
[0.601s] Invoking command in '/home/amwhisper/ros/workspace/roscar/build/roscar_interfaces': CMAKE_PREFIX_PATH=${CMAKE_PREFIX_PATH}:/home/amwhisper/ros/workspace/roscar/install/controller:/home/amwhisper/ros/workspace/roscar/install/car_task:/home/amwhisper/ros/workspace/roscar/install/can_control:/opt/ros/humble /usr/bin/cmake --install /home/amwhisper/ros/workspace/roscar/build/roscar_interfaces
[0.608s] -- Install configuration: ""
[0.608s] -- Up-to-date: /home/amwhisper/ros/workspace/roscar/install/roscar_interfaces/share/ament_index/resource_index/rosidl_interfaces/roscar_interfaces
[0.609s] -- Up-to-date: /home/amwhisper/ros/workspace/roscar/install/roscar_interfaces/include/roscar_interfaces/roscar_interfaces
[0.609s] -- Up-to-date: /home/amwhisper/ros/workspace/roscar/install/roscar_interfaces/include/roscar_interfaces/roscar_interfaces/msg
[0.609s] -- Up-to-date: /home/amwhisper/ros/workspace/roscar/install/roscar_interfaces/include/roscar_interfaces/roscar_interfaces/msg/controller.h
[0.609s] -- Up-to-date: /home/amwhisper/ros/workspace/roscar/install/roscar_interfaces/include/roscar_interfaces/roscar_interfaces/msg/detail
[0.609s] -- Up-to-date: /home/amwhisper/ros/workspace/roscar/install/roscar_interfaces/include/roscar_interfaces/roscar_interfaces/msg/detail/controller__functions.c
[0.609s] -- Up-to-date: /home/amwhisper/ros/workspace/roscar/install/roscar_interfaces/include/roscar_interfaces/roscar_interfaces/msg/detail/can_control__struct.h
[0.609s] -- Up-to-date: /home/amwhisper/ros/workspace/roscar/install/roscar_interfaces/include/roscar_interfaces/roscar_interfaces/msg/detail/can__type_support.h
[0.609s] -- Up-to-date: /home/amwhisper/ros/workspace/roscar/install/roscar_interfaces/include/roscar_interfaces/roscar_interfaces/msg/detail/controller__type_support.h
[0.609s] -- Up-to-date: /home/amwhisper/ros/workspace/roscar/install/roscar_interfaces/include/roscar_interfaces/roscar_interfaces/msg/detail/pid__functions.c
[0.609s] -- Up-to-date: /home/amwhisper/ros/workspace/roscar/install/roscar_interfaces/include/roscar_interfaces/roscar_interfaces/msg/detail/can__struct.h
[0.610s] -- Up-to-date: /home/amwhisper/ros/workspace/roscar/install/roscar_interfaces/include/roscar_interfaces/roscar_interfaces/msg/detail/can_control__functions.c
[0.610s] -- Up-to-date: /home/amwhisper/ros/workspace/roscar/install/roscar_interfaces/include/roscar_interfaces/roscar_interfaces/msg/detail/pid__type_support.h
[0.610s] -- Up-to-date: /home/amwhisper/ros/workspace/roscar/install/roscar_interfaces/include/roscar_interfaces/roscar_interfaces/msg/detail/pid__functions.h
[0.610s] -- Up-to-date: /home/amwhisper/ros/workspace/roscar/install/roscar_interfaces/include/roscar_interfaces/roscar_interfaces/msg/detail/pid__struct.h
[0.610s] -- Up-to-date: /home/amwhisper/ros/workspace/roscar/install/roscar_interfaces/include/roscar_interfaces/roscar_interfaces/msg/detail/can_control__type_support.h
[0.610s] -- Up-to-date: /home/amwhisper/ros/workspace/roscar/install/roscar_interfaces/include/roscar_interfaces/roscar_interfaces/msg/detail/can__functions.h
[0.610s] -- Up-to-date: /home/amwhisper/ros/workspace/roscar/install/roscar_interfaces/include/roscar_interfaces/roscar_interfaces/msg/detail/controller__struct.h
[0.611s] -- Up-to-date: /home/amwhisper/ros/workspace/roscar/install/roscar_interfaces/include/roscar_interfaces/roscar_interfaces/msg/detail/controller__functions.h
[0.611s] -- Up-to-date: /home/amwhisper/ros/workspace/roscar/install/roscar_interfaces/include/roscar_interfaces/roscar_interfaces/msg/detail/can_control__functions.h
[0.611s] -- Up-to-date: /home/amwhisper/ros/workspace/roscar/install/roscar_interfaces/include/roscar_interfaces/roscar_interfaces/msg/detail/can__functions.c
[0.611s] -- Up-to-date: /home/amwhisper/ros/workspace/roscar/install/roscar_interfaces/include/roscar_interfaces/roscar_interfaces/msg/can_control.h
[0.611s] -- Up-to-date: /home/amwhisper/ros/workspace/roscar/install/roscar_interfaces/include/roscar_interfaces/roscar_interfaces/msg/rosidl_generator_c__visibility_control.h
[0.611s] -- Up-to-date: /home/amwhisper/ros/workspace/roscar/install/roscar_interfaces/include/roscar_interfaces/roscar_interfaces/msg/can.h
[0.611s] -- Up-to-date: /home/amwhisper/ros/workspace/roscar/install/roscar_interfaces/include/roscar_interfaces/roscar_interfaces/msg/pid.h
[0.611s] -- Up-to-date: /home/amwhisper/ros/workspace/roscar/install/roscar_interfaces/share/roscar_interfaces/environment/library_path.sh
[0.611s] -- Up-to-date: /home/amwhisper/ros/workspace/roscar/install/roscar_interfaces/share/roscar_interfaces/environment/library_path.dsv
[0.611s] -- Up-to-date: /home/amwhisper/ros/workspace/roscar/install/roscar_interfaces/lib/libroscar_interfaces__rosidl_generator_c.so
[0.612s] -- Up-to-date: /home/amwhisper/ros/workspace/roscar/install/roscar_interfaces/include/roscar_interfaces/roscar_interfaces
[0.612s] -- Up-to-date: /home/amwhisper/ros/workspace/roscar/install/roscar_interfaces/include/roscar_interfaces/roscar_interfaces/msg
[0.612s] -- Up-to-date: /home/amwhisper/ros/workspace/roscar/install/roscar_interfaces/include/roscar_interfaces/roscar_interfaces/msg/rosidl_typesupport_fastrtps_c__visibility_control.h
[0.612s] -- Up-to-date: /home/amwhisper/ros/workspace/roscar/install/roscar_interfaces/include/roscar_interfaces/roscar_interfaces/msg/detail
[0.612s] -- Up-to-date: /home/amwhisper/ros/workspace/roscar/install/roscar_interfaces/include/roscar_interfaces/roscar_interfaces/msg/detail/controller__rosidl_typesupport_fastrtps_c.h
[0.612s] -- Up-to-date: /home/amwhisper/ros/workspace/roscar/install/roscar_interfaces/include/roscar_interfaces/roscar_interfaces/msg/detail/can_control__rosidl_typesupport_fastrtps_c.h
[0.613s] -- Up-to-date: /home/amwhisper/ros/workspace/roscar/install/roscar_interfaces/include/roscar_interfaces/roscar_interfaces/msg/detail/can__rosidl_typesupport_fastrtps_c.h
[0.613s] -- Up-to-date: /home/amwhisper/ros/workspace/roscar/install/roscar_interfaces/include/roscar_interfaces/roscar_interfaces/msg/detail/pid__rosidl_typesupport_fastrtps_c.h
[0.613s] -- Up-to-date: /home/amwhisper/ros/workspace/roscar/install/roscar_interfaces/lib/libroscar_interfaces__rosidl_typesupport_fastrtps_c.so
[0.613s] -- Up-to-date: /home/amwhisper/ros/workspace/roscar/install/roscar_interfaces/include/roscar_interfaces/roscar_interfaces
[0.613s] -- Up-to-date: /home/amwhisper/ros/workspace/roscar/install/roscar_interfaces/include/roscar_interfaces/roscar_interfaces/msg
[0.613s] -- Up-to-date: /home/amwhisper/ros/workspace/roscar/install/roscar_interfaces/include/roscar_interfaces/roscar_interfaces/msg/rosidl_typesupport_introspection_c__visibility_control.h
[0.613s] -- Up-to-date: /home/amwhisper/ros/workspace/roscar/install/roscar_interfaces/include/roscar_interfaces/roscar_interfaces/msg/detail
[0.613s] -- Up-to-date: /home/amwhisper/ros/workspace/roscar/install/roscar_interfaces/include/roscar_interfaces/roscar_interfaces/msg/detail/pid__rosidl_typesupport_introspection_c.h
[0.613s] -- Up-to-date: /home/amwhisper/ros/workspace/roscar/install/roscar_interfaces/include/roscar_interfaces/roscar_interfaces/msg/detail/can__type_support.c
[0.613s] -- Up-to-date: /home/amwhisper/ros/workspace/roscar/install/roscar_interfaces/include/roscar_interfaces/roscar_interfaces/msg/detail/can_control__rosidl_typesupport_introspection_c.h
[0.613s] -- Up-to-date: /home/amwhisper/ros/workspace/roscar/install/roscar_interfaces/include/roscar_interfaces/roscar_interfaces/msg/detail/can__rosidl_typesupport_introspection_c.h
[0.614s] -- Up-to-date: /home/amwhisper/ros/workspace/roscar/install/roscar_interfaces/include/roscar_interfaces/roscar_interfaces/msg/detail/controller__rosidl_typesupport_introspection_c.h
[0.614s] -- Up-to-date: /home/amwhisper/ros/workspace/roscar/install/roscar_interfaces/include/roscar_interfaces/roscar_interfaces/msg/detail/controller__type_support.c
[0.614s] -- Up-to-date: /home/amwhisper/ros/workspace/roscar/install/roscar_interfaces/include/roscar_interfaces/roscar_interfaces/msg/detail/can_control__type_support.c
[0.614s] -- Up-to-date: /home/amwhisper/ros/workspace/roscar/install/roscar_interfaces/include/roscar_interfaces/roscar_interfaces/msg/detail/pid__type_support.c
[0.614s] -- Up-to-date: /home/amwhisper/ros/workspace/roscar/install/roscar_interfaces/lib/libroscar_interfaces__rosidl_typesupport_introspection_c.so
[0.614s] -- Up-to-date: /home/amwhisper/ros/workspace/roscar/install/roscar_interfaces/lib/libroscar_interfaces__rosidl_typesupport_c.so
[0.615s] -- Up-to-date: /home/amwhisper/ros/workspace/roscar/install/roscar_interfaces/include/roscar_interfaces/roscar_interfaces
[0.615s] -- Up-to-date: /home/amwhisper/ros/workspace/roscar/install/roscar_interfaces/include/roscar_interfaces/roscar_interfaces/msg
[0.615s] -- Up-to-date: /home/amwhisper/ros/workspace/roscar/install/roscar_interfaces/include/roscar_interfaces/roscar_interfaces/msg/controller.hpp
[0.615s] -- Up-to-date: /home/amwhisper/ros/workspace/roscar/install/roscar_interfaces/include/roscar_interfaces/roscar_interfaces/msg/detail
[0.615s] -- Up-to-date: /home/amwhisper/ros/workspace/roscar/install/roscar_interfaces/include/roscar_interfaces/roscar_interfaces/msg/detail/can_control__traits.hpp
[0.615s] -- Up-to-date: /home/amwhisper/ros/workspace/roscar/install/roscar_interfaces/include/roscar_interfaces/roscar_interfaces/msg/detail/pid__builder.hpp
[0.615s] -- Up-to-date: /home/amwhisper/ros/workspace/roscar/install/roscar_interfaces/include/roscar_interfaces/roscar_interfaces/msg/detail/can__builder.hpp
[0.615s] -- Up-to-date: /home/amwhisper/ros/workspace/roscar/install/roscar_interfaces/include/roscar_interfaces/roscar_interfaces/msg/detail/pid__traits.hpp
[0.615s] -- Up-to-date: /home/amwhisper/ros/workspace/roscar/install/roscar_interfaces/include/roscar_interfaces/roscar_interfaces/msg/detail/can__traits.hpp
[0.615s] -- Up-to-date: /home/amwhisper/ros/workspace/roscar/install/roscar_interfaces/include/roscar_interfaces/roscar_interfaces/msg/detail/can_control__builder.hpp
[0.615s] -- Up-to-date: /home/amwhisper/ros/workspace/roscar/install/roscar_interfaces/include/roscar_interfaces/roscar_interfaces/msg/detail/pid__struct.hpp
[0.615s] -- Up-to-date: /home/amwhisper/ros/workspace/roscar/install/roscar_interfaces/include/roscar_interfaces/roscar_interfaces/msg/detail/controller__traits.hpp
[0.615s] -- Up-to-date: /home/amwhisper/ros/workspace/roscar/install/roscar_interfaces/include/roscar_interfaces/roscar_interfaces/msg/detail/can_control__struct.hpp
[0.615s] -- Up-to-date: /home/amwhisper/ros/workspace/roscar/install/roscar_interfaces/include/roscar_interfaces/roscar_interfaces/msg/detail/controller__builder.hpp
[0.615s] -- Up-to-date: /home/amwhisper/ros/workspace/roscar/install/roscar_interfaces/include/roscar_interfaces/roscar_interfaces/msg/detail/controller__struct.hpp
[0.615s] -- Up-to-date: /home/amwhisper/ros/workspace/roscar/install/roscar_interfaces/include/roscar_interfaces/roscar_interfaces/msg/detail/can__struct.hpp
[0.615s] -- Up-to-date: /home/amwhisper/ros/workspace/roscar/install/roscar_interfaces/include/roscar_interfaces/roscar_interfaces/msg/can.hpp
[0.615s] -- Up-to-date: /home/amwhisper/ros/workspace/roscar/install/roscar_interfaces/include/roscar_interfaces/roscar_interfaces/msg/can_control.hpp
[0.615s] -- Up-to-date: /home/amwhisper/ros/workspace/roscar/install/roscar_interfaces/include/roscar_interfaces/roscar_interfaces/msg/pid.hpp
[0.615s] -- Up-to-date: /home/amwhisper/ros/workspace/roscar/install/roscar_interfaces/include/roscar_interfaces/roscar_interfaces
[0.615s] -- Up-to-date: /home/amwhisper/ros/workspace/roscar/install/roscar_interfaces/include/roscar_interfaces/roscar_interfaces/msg
[0.615s] -- Up-to-date: /home/amwhisper/ros/workspace/roscar/install/roscar_interfaces/include/roscar_interfaces/roscar_interfaces/msg/rosidl_typesupport_fastrtps_cpp__visibility_control.h
[0.615s] -- Up-to-date: /home/amwhisper/ros/workspace/roscar/install/roscar_interfaces/include/roscar_interfaces/roscar_interfaces/msg/detail
[0.615s] -- Up-to-date: /home/amwhisper/ros/workspace/roscar/install/roscar_interfaces/include/roscar_interfaces/roscar_interfaces/msg/detail/pid__rosidl_typesupport_fastrtps_cpp.hpp
[0.615s] -- Up-to-date: /home/amwhisper/ros/workspace/roscar/install/roscar_interfaces/include/roscar_interfaces/roscar_interfaces/msg/detail/can_control__rosidl_typesupport_fastrtps_cpp.hpp
[0.615s] -- Up-to-date: /home/amwhisper/ros/workspace/roscar/install/roscar_interfaces/include/roscar_interfaces/roscar_interfaces/msg/detail/can__rosidl_typesupport_fastrtps_cpp.hpp
[0.616s] -- Up-to-date: /home/amwhisper/ros/workspace/roscar/install/roscar_interfaces/include/roscar_interfaces/roscar_interfaces/msg/detail/controller__rosidl_typesupport_fastrtps_cpp.hpp
[0.616s] -- Up-to-date: /home/amwhisper/ros/workspace/roscar/install/roscar_interfaces/include/roscar_interfaces/roscar_interfaces/msg/detail/dds_fastrtps
[0.616s] -- Up-to-date: /home/amwhisper/ros/workspace/roscar/install/roscar_interfaces/lib/libroscar_interfaces__rosidl_typesupport_fastrtps_cpp.so
[0.616s] -- Up-to-date: /home/amwhisper/ros/workspace/roscar/install/roscar_interfaces/include/roscar_interfaces/roscar_interfaces
[0.616s] -- Up-to-date: /home/amwhisper/ros/workspace/roscar/install/roscar_interfaces/include/roscar_interfaces/roscar_interfaces/msg
[0.616s] -- Up-to-date: /home/amwhisper/ros/workspace/roscar/install/roscar_interfaces/include/roscar_interfaces/roscar_interfaces/msg/detail
[0.616s] -- Up-to-date: /home/amwhisper/ros/workspace/roscar/install/roscar_interfaces/include/roscar_interfaces/roscar_interfaces/msg/detail/controller__rosidl_typesupport_introspection_cpp.hpp
[0.616s] -- Up-to-date: /home/amwhisper/ros/workspace/roscar/install/roscar_interfaces/include/roscar_interfaces/roscar_interfaces/msg/detail/can__rosidl_typesupport_introspection_cpp.hpp
[0.616s] -- Up-to-date: /home/amwhisper/ros/workspace/roscar/install/roscar_interfaces/include/roscar_interfaces/roscar_interfaces/msg/detail/controller__type_support.cpp
[0.616s] -- Up-to-date: /home/amwhisper/ros/workspace/roscar/install/roscar_interfaces/include/roscar_interfaces/roscar_interfaces/msg/detail/pid__rosidl_typesupport_introspection_cpp.hpp
[0.616s] -- Up-to-date: /home/amwhisper/ros/workspace/roscar/install/roscar_interfaces/include/roscar_interfaces/roscar_interfaces/msg/detail/can_control__rosidl_typesupport_introspection_cpp.hpp
[0.616s] -- Up-to-date: /home/amwhisper/ros/workspace/roscar/install/roscar_interfaces/include/roscar_interfaces/roscar_interfaces/msg/detail/can_control__type_support.cpp
[0.616s] -- Up-to-date: /home/amwhisper/ros/workspace/roscar/install/roscar_interfaces/include/roscar_interfaces/roscar_interfaces/msg/detail/can__type_support.cpp
[0.616s] -- Up-to-date: /home/amwhisper/ros/workspace/roscar/install/roscar_interfaces/include/roscar_interfaces/roscar_interfaces/msg/detail/pid__type_support.cpp
[0.616s] -- Up-to-date: /home/amwhisper/ros/workspace/roscar/install/roscar_interfaces/lib/libroscar_interfaces__rosidl_typesupport_introspection_cpp.so
[0.616s] -- Up-to-date: /home/amwhisper/ros/workspace/roscar/install/roscar_interfaces/lib/libroscar_interfaces__rosidl_typesupport_cpp.so
[0.616s] -- Up-to-date: /home/amwhisper/ros/workspace/roscar/install/roscar_interfaces/share/roscar_interfaces/environment/pythonpath.sh
[0.616s] -- Up-to-date: /home/amwhisper/ros/workspace/roscar/install/roscar_interfaces/share/roscar_interfaces/environment/pythonpath.dsv
[0.616s] -- Up-to-date: /home/amwhisper/ros/workspace/roscar/install/roscar_interfaces/local/lib/python3.10/dist-packages/roscar_interfaces-0.0.0-py3.10.egg-info
[0.616s] -- Installing: /home/amwhisper/ros/workspace/roscar/install/roscar_interfaces/local/lib/python3.10/dist-packages/roscar_interfaces-0.0.0-py3.10.egg-info/top_level.txt
[0.616s] -- Installing: /home/amwhisper/ros/workspace/roscar/install/roscar_interfaces/local/lib/python3.10/dist-packages/roscar_interfaces-0.0.0-py3.10.egg-info/SOURCES.txt
[0.616s] -- Installing: /home/amwhisper/ros/workspace/roscar/install/roscar_interfaces/local/lib/python3.10/dist-packages/roscar_interfaces-0.0.0-py3.10.egg-info/PKG-INFO
[0.616s] -- Installing: /home/amwhisper/ros/workspace/roscar/install/roscar_interfaces/local/lib/python3.10/dist-packages/roscar_interfaces-0.0.0-py3.10.egg-info/dependency_links.txt
[0.616s] -- Up-to-date: /home/amwhisper/ros/workspace/roscar/install/roscar_interfaces/local/lib/python3.10/dist-packages/roscar_interfaces
[0.616s] -- Up-to-date: /home/amwhisper/ros/workspace/roscar/install/roscar_interfaces/local/lib/python3.10/dist-packages/roscar_interfaces/_roscar_interfaces_s.ep.rosidl_typesupport_c.c
[0.616s] -- Up-to-date: /home/amwhisper/ros/workspace/roscar/install/roscar_interfaces/local/lib/python3.10/dist-packages/roscar_interfaces/msg
[0.616s] -- Up-to-date: /home/amwhisper/ros/workspace/roscar/install/roscar_interfaces/local/lib/python3.10/dist-packages/roscar_interfaces/msg/_controller.py
[0.616s] -- Up-to-date: /home/amwhisper/ros/workspace/roscar/install/roscar_interfaces/local/lib/python3.10/dist-packages/roscar_interfaces/msg/_pid.py
[0.617s] -- Up-to-date: /home/amwhisper/ros/workspace/roscar/install/roscar_interfaces/local/lib/python3.10/dist-packages/roscar_interfaces/msg/_can.py
[0.617s] -- Up-to-date: /home/amwhisper/ros/workspace/roscar/install/roscar_interfaces/local/lib/python3.10/dist-packages/roscar_interfaces/msg/__init__.py
[0.617s] -- Up-to-date: /home/amwhisper/ros/workspace/roscar/install/roscar_interfaces/local/lib/python3.10/dist-packages/roscar_interfaces/msg/_can_control.py
[0.617s] -- Up-to-date: /home/amwhisper/ros/workspace/roscar/install/roscar_interfaces/local/lib/python3.10/dist-packages/roscar_interfaces/msg/_can_control_s.c
[0.617s] -- Up-to-date: /home/amwhisper/ros/workspace/roscar/install/roscar_interfaces/local/lib/python3.10/dist-packages/roscar_interfaces/msg/_controller_s.c
[0.617s] -- Up-to-date: /home/amwhisper/ros/workspace/roscar/install/roscar_interfaces/local/lib/python3.10/dist-packages/roscar_interfaces/msg/_can_s.c
[0.617s] -- Up-to-date: /home/amwhisper/ros/workspace/roscar/install/roscar_interfaces/local/lib/python3.10/dist-packages/roscar_interfaces/msg/_pid_s.c
[0.617s] -- Up-to-date: /home/amwhisper/ros/workspace/roscar/install/roscar_interfaces/local/lib/python3.10/dist-packages/roscar_interfaces/__init__.py
[0.617s] -- Up-to-date: /home/amwhisper/ros/workspace/roscar/install/roscar_interfaces/local/lib/python3.10/dist-packages/roscar_interfaces/roscar_interfaces_s__rosidl_typesupport_c.cpython-310-x86_64-linux-gnu.so
[0.617s] -- Up-to-date: /home/amwhisper/ros/workspace/roscar/install/roscar_interfaces/local/lib/python3.10/dist-packages/roscar_interfaces/libroscar_interfaces__rosidl_generator_py.so
[0.617s] -- Up-to-date: /home/amwhisper/ros/workspace/roscar/install/roscar_interfaces/local/lib/python3.10/dist-packages/roscar_interfaces/_roscar_interfaces_s.ep.rosidl_typesupport_fastrtps_c.c
[0.617s] -- Up-to-date: /home/amwhisper/ros/workspace/roscar/install/roscar_interfaces/local/lib/python3.10/dist-packages/roscar_interfaces/roscar_interfaces_s__rosidl_typesupport_introspection_c.cpython-310-x86_64-linux-gnu.so
[0.617s] -- Up-to-date: /home/amwhisper/ros/workspace/roscar/install/roscar_interfaces/local/lib/python3.10/dist-packages/roscar_interfaces/_roscar_interfaces_s.ep.rosidl_typesupport_introspection_c.c
[0.617s] -- Up-to-date: /home/amwhisper/ros/workspace/roscar/install/roscar_interfaces/local/lib/python3.10/dist-packages/roscar_interfaces/roscar_interfaces_s__rosidl_typesupport_fastrtps_c.cpython-310-x86_64-linux-gnu.so
[0.650s] Listing '/home/amwhisper/ros/workspace/roscar/install/roscar_interfaces/local/lib/python3.10/dist-packages/roscar_interfaces'...
[0.651s] Listing '/home/amwhisper/ros/workspace/roscar/install/roscar_interfaces/local/lib/python3.10/dist-packages/roscar_interfaces/msg'...
[0.655s] -- Up-to-date: /home/amwhisper/ros/workspace/roscar/install/roscar_interfaces/local/lib/python3.10/dist-packages/roscar_interfaces/roscar_interfaces_s__rosidl_typesupport_fastrtps_c.cpython-310-x86_64-linux-gnu.so
[0.656s] -- Up-to-date: /home/amwhisper/ros/workspace/roscar/install/roscar_interfaces/local/lib/python3.10/dist-packages/roscar_interfaces/roscar_interfaces_s__rosidl_typesupport_introspection_c.cpython-310-x86_64-linux-gnu.so
[0.656s] -- Up-to-date: /home/amwhisper/ros/workspace/roscar/install/roscar_interfaces/local/lib/python3.10/dist-packages/roscar_interfaces/roscar_interfaces_s__rosidl_typesupport_c.cpython-310-x86_64-linux-gnu.so
[0.656s] -- Up-to-date: /home/amwhisper/ros/workspace/roscar/install/roscar_interfaces/lib/libroscar_interfaces__rosidl_generator_py.so
[0.656s] -- Up-to-date: /home/amwhisper/ros/workspace/roscar/install/roscar_interfaces/share/roscar_interfaces/msg/Controller.idl
[0.657s] -- Up-to-date: /home/amwhisper/ros/workspace/roscar/install/roscar_interfaces/share/roscar_interfaces/msg/Can.idl
[0.657s] -- Up-to-date: /home/amwhisper/ros/workspace/roscar/install/roscar_interfaces/share/roscar_interfaces/msg/Pid.idl
[0.657s] -- Up-to-date: /home/amwhisper/ros/workspace/roscar/install/roscar_interfaces/share/roscar_interfaces/msg/Controller.msg
[0.657s] -- Up-to-date: /home/amwhisper/ros/workspace/roscar/install/roscar_interfaces/share/roscar_interfaces/msg/Can.msg
[0.657s] -- Up-to-date: /home/amwhisper/ros/workspace/roscar/install/roscar_interfaces/share/roscar_interfaces/msg/Pid.msg
[0.657s] -- Up-to-date: /home/amwhisper/ros/workspace/roscar/install/roscar_interfaces/share/ament_index/resource_index/package_run_dependencies/roscar_interfaces
[0.657s] -- Up-to-date: /home/amwhisper/ros/workspace/roscar/install/roscar_interfaces/share/ament_index/resource_index/parent_prefix_path/roscar_interfaces
[0.658s] -- Up-to-date: /home/amwhisper/ros/workspace/roscar/install/roscar_interfaces/share/roscar_interfaces/environment/ament_prefix_path.sh
[0.658s] -- Up-to-date: /home/amwhisper/ros/workspace/roscar/install/roscar_interfaces/share/roscar_interfaces/environment/ament_prefix_path.dsv
[0.658s] -- Up-to-date: /home/amwhisper/ros/workspace/roscar/install/roscar_interfaces/share/roscar_interfaces/environment/path.sh
[0.658s] -- Up-to-date: /home/amwhisper/ros/workspace/roscar/install/roscar_interfaces/share/roscar_interfaces/environment/path.dsv
[0.658s] -- Up-to-date: /home/amwhisper/ros/workspace/roscar/install/roscar_interfaces/share/roscar_interfaces/local_setup.bash
[0.658s] -- Up-to-date: /home/amwhisper/ros/workspace/roscar/install/roscar_interfaces/share/roscar_interfaces/local_setup.sh
[0.658s] -- Up-to-date: /home/amwhisper/ros/workspace/roscar/install/roscar_interfaces/share/roscar_interfaces/local_setup.zsh
[0.658s] -- Up-to-date: /home/amwhisper/ros/workspace/roscar/install/roscar_interfaces/share/roscar_interfaces/local_setup.dsv
[0.658s] -- Installing: /home/amwhisper/ros/workspace/roscar/install/roscar_interfaces/share/roscar_interfaces/package.dsv
[0.658s] -- Up-to-date: /home/amwhisper/ros/workspace/roscar/install/roscar_interfaces/share/ament_index/resource_index/packages/roscar_interfaces
[0.658s] -- Up-to-date: /home/amwhisper/ros/workspace/roscar/install/roscar_interfaces/share/roscar_interfaces/cmake/export_roscar_interfaces__rosidl_generator_cExport.cmake
[0.658s] -- Up-to-date: /home/amwhisper/ros/workspace/roscar/install/roscar_interfaces/share/roscar_interfaces/cmake/export_roscar_interfaces__rosidl_generator_cExport-noconfig.cmake
[0.658s] -- Up-to-date: /home/amwhisper/ros/workspace/roscar/install/roscar_interfaces/share/roscar_interfaces/cmake/export_roscar_interfaces__rosidl_typesupport_fastrtps_cExport.cmake
[0.658s] -- Up-to-date: /home/amwhisper/ros/workspace/roscar/install/roscar_interfaces/share/roscar_interfaces/cmake/export_roscar_interfaces__rosidl_typesupport_fastrtps_cExport-noconfig.cmake
[0.658s] -- Up-to-date: /home/amwhisper/ros/workspace/roscar/install/roscar_interfaces/share/roscar_interfaces/cmake/roscar_interfaces__rosidl_typesupport_introspection_cExport.cmake
[0.658s] -- Up-to-date: /home/amwhisper/ros/workspace/roscar/install/roscar_interfaces/share/roscar_interfaces/cmake/roscar_interfaces__rosidl_typesupport_introspection_cExport-noconfig.cmake
[0.658s] -- Up-to-date: /home/amwhisper/ros/workspace/roscar/install/roscar_interfaces/share/roscar_interfaces/cmake/roscar_interfaces__rosidl_typesupport_cExport.cmake
[0.658s] -- Up-to-date: /home/amwhisper/ros/workspace/roscar/install/roscar_interfaces/share/roscar_interfaces/cmake/roscar_interfaces__rosidl_typesupport_cExport-noconfig.cmake
[0.658s] -- Up-to-date: /home/amwhisper/ros/workspace/roscar/install/roscar_interfaces/share/roscar_interfaces/cmake/export_roscar_interfaces__rosidl_generator_cppExport.cmake
[0.658s] -- Up-to-date: /home/amwhisper/ros/workspace/roscar/install/roscar_interfaces/share/roscar_interfaces/cmake/export_roscar_interfaces__rosidl_typesupport_fastrtps_cppExport.cmake
[0.659s] -- Up-to-date: /home/amwhisper/ros/workspace/roscar/install/roscar_interfaces/share/roscar_interfaces/cmake/export_roscar_interfaces__rosidl_typesupport_fastrtps_cppExport-noconfig.cmake
[0.659s] -- Up-to-date: /home/amwhisper/ros/workspace/roscar/install/roscar_interfaces/share/roscar_interfaces/cmake/roscar_interfaces__rosidl_typesupport_introspection_cppExport.cmake
[0.659s] -- Up-to-date: /home/amwhisper/ros/workspace/roscar/install/roscar_interfaces/share/roscar_interfaces/cmake/roscar_interfaces__rosidl_typesupport_introspection_cppExport-noconfig.cmake
[0.659s] -- Up-to-date: /home/amwhisper/ros/workspace/roscar/install/roscar_interfaces/share/roscar_interfaces/cmake/roscar_interfaces__rosidl_typesupport_cppExport.cmake
[0.659s] -- Up-to-date: /home/amwhisper/ros/workspace/roscar/install/roscar_interfaces/share/roscar_interfaces/cmake/roscar_interfaces__rosidl_typesupport_cppExport-noconfig.cmake
[0.659s] -- Up-to-date: /home/amwhisper/ros/workspace/roscar/install/roscar_interfaces/share/roscar_interfaces/cmake/export_roscar_interfaces__rosidl_generator_pyExport.cmake
[0.659s] -- Up-to-date: /home/amwhisper/ros/workspace/roscar/install/roscar_interfaces/share/roscar_interfaces/cmake/export_roscar_interfaces__rosidl_generator_pyExport-noconfig.cmake
[0.659s] -- Up-to-date: /home/amwhisper/ros/workspace/roscar/install/roscar_interfaces/share/roscar_interfaces/cmake/rosidl_cmake-extras.cmake
[0.659s] -- Up-to-date: /home/amwhisper/ros/workspace/roscar/install/roscar_interfaces/share/roscar_interfaces/cmake/ament_cmake_export_dependencies-extras.cmake
[0.659s] -- Up-to-date: /home/amwhisper/ros/workspace/roscar/install/roscar_interfaces/share/roscar_interfaces/cmake/ament_cmake_export_include_directories-extras.cmake
[0.659s] -- Up-to-date: /home/amwhisper/ros/workspace/roscar/install/roscar_interfaces/share/roscar_interfaces/cmake/ament_cmake_export_libraries-extras.cmake
[0.659s] -- Up-to-date: /home/amwhisper/ros/workspace/roscar/install/roscar_interfaces/share/roscar_interfaces/cmake/ament_cmake_export_targets-extras.cmake
[0.659s] -- Up-to-date: /home/amwhisper/ros/workspace/roscar/install/roscar_interfaces/share/roscar_interfaces/cmake/rosidl_cmake_export_typesupport_targets-extras.cmake
[0.659s] -- Up-to-date: /home/amwhisper/ros/workspace/roscar/install/roscar_interfaces/share/roscar_interfaces/cmake/rosidl_cmake_export_typesupport_libraries-extras.cmake
[0.659s] -- Up-to-date: /home/amwhisper/ros/workspace/roscar/install/roscar_interfaces/share/roscar_interfaces/cmake/roscar_interfacesConfig.cmake
[0.660s] -- Up-to-date: /home/amwhisper/ros/workspace/roscar/install/roscar_interfaces/share/roscar_interfaces/cmake/roscar_interfacesConfig-version.cmake
[0.660s] -- Up-to-date: /home/amwhisper/ros/workspace/roscar/install/roscar_interfaces/share/roscar_interfaces/package.xml
[0.662s] Invoked command in '/home/amwhisper/ros/workspace/roscar/build/roscar_interfaces' returned '0': CMAKE_PREFIX_PATH=${CMAKE_PREFIX_PATH}:/home/amwhisper/ros/workspace/roscar/install/controller:/home/amwhisper/ros/workspace/roscar/install/car_task:/home/amwhisper/ros/workspace/roscar/install/can_control:/opt/ros/humble /usr/bin/cmake --install /home/amwhisper/ros/workspace/roscar/build/roscar_interfaces
