[0.095s] DEBUG:colcon:Command line arguments: ['/usr/bin/colcon', 'build']
[0.095s] DEBUG:colcon:Parsed command line arguments: Namespace(log_base=None, log_level=None, verb_name='build', build_base='build', install_base='install', merge_install=False, symlink_install=False, test_result_base=None, continue_on_error=False, executor='parallel', parallel_workers=6, event_handlers=None, ignore_user_meta=False, metas=['./colcon.meta'], base_paths=['.'], packages_ignore=None, packages_ignore_regex=None, paths=None, packages_up_to=None, packages_up_to_regex=None, packages_above=None, packages_above_and_dependencies=None, packages_above_depth=None, packages_select_by_dep=None, packages_skip_by_dep=None, packages_skip_up_to=None, packages_select_build_failed=False, packages_skip_build_finished=False, packages_select_test_failures=False, packages_skip_test_passed=False, packages_select=None, packages_skip=None, packages_select_regex=None, packages_skip_regex=None, packages_start=None, packages_end=None, allow_overriding=[], cmake_args=None, cmake_target=None, cmake_target_skip_unavailable=False, cmake_clean_cache=False, cmake_clean_first=False, cmake_force_configure=False, ament_cmake_args=None, catkin_cmake_args=None, catkin_skip_building_tests=False, verb_parser=<colcon_defaults.argument_parser.defaults.DefaultArgumentsDecorator object at 0x73c9711386a0>, verb_extension=<colcon_core.verb.build.BuildVerb object at 0x73c9712ade40>, main=<bound method BuildVerb.main of <colcon_core.verb.build.BuildVerb object at 0x73c9712ade40>>)
[0.220s] Level 1:colcon.colcon_core.package_discovery:discover_packages(colcon_meta) check parameters
[0.220s] Level 1:colcon.colcon_core.package_discovery:discover_packages(recursive) check parameters
[0.220s] Level 1:colcon.colcon_core.package_discovery:discover_packages(ignore) check parameters
[0.220s] Level 1:colcon.colcon_core.package_discovery:discover_packages(path) check parameters
[0.220s] Level 1:colcon.colcon_core.package_discovery:discover_packages(colcon_meta) discover
[0.220s] Level 1:colcon.colcon_core.package_discovery:discover_packages(recursive) discover
[0.220s] INFO:colcon.colcon_core.package_discovery:Crawling recursively for packages in '/home/amwhisper/ros/workspace/roscar'
[0.220s] Level 1:colcon.colcon_core.package_identification:_identify(.) by extensions ['ignore', 'ignore_ament_install']
[0.221s] Level 1:colcon.colcon_core.package_identification:_identify(.) by extension 'ignore'
[0.221s] Level 1:colcon.colcon_core.package_identification:_identify(.) by extension 'ignore_ament_install'
[0.221s] Level 1:colcon.colcon_core.package_identification:_identify(.) by extensions ['colcon_pkg']
[0.221s] Level 1:colcon.colcon_core.package_identification:_identify(.) by extension 'colcon_pkg'
[0.221s] Level 1:colcon.colcon_core.package_identification:_identify(.) by extensions ['colcon_meta']
[0.221s] Level 1:colcon.colcon_core.package_identification:_identify(.) by extension 'colcon_meta'
[0.221s] Level 1:colcon.colcon_core.package_identification:_identify(.) by extensions ['ros']
[0.221s] Level 1:colcon.colcon_core.package_identification:_identify(.) by extension 'ros'
[0.231s] Level 1:colcon.colcon_core.package_identification:_identify(.) by extensions ['cmake', 'python']
[0.231s] Level 1:colcon.colcon_core.package_identification:_identify(.) by extension 'cmake'
[0.231s] Level 1:colcon.colcon_core.package_identification:_identify(.) by extension 'python'
[0.231s] Level 1:colcon.colcon_core.package_identification:_identify(.) by extensions ['python_setup_py']
[0.231s] Level 1:colcon.colcon_core.package_identification:_identify(.) by extension 'python_setup_py'
[0.231s] Level 1:colcon.colcon_core.package_identification:_identify(build) by extensions ['ignore', 'ignore_ament_install']
[0.231s] Level 1:colcon.colcon_core.package_identification:_identify(build) by extension 'ignore'
[0.231s] Level 1:colcon.colcon_core.package_identification:_identify(build) ignored
[0.231s] Level 1:colcon.colcon_core.package_identification:_identify(install) by extensions ['ignore', 'ignore_ament_install']
[0.231s] Level 1:colcon.colcon_core.package_identification:_identify(install) by extension 'ignore'
[0.231s] Level 1:colcon.colcon_core.package_identification:_identify(install) ignored
[0.231s] Level 1:colcon.colcon_core.package_identification:_identify(log) by extensions ['ignore', 'ignore_ament_install']
[0.231s] Level 1:colcon.colcon_core.package_identification:_identify(log) by extension 'ignore'
[0.231s] Level 1:colcon.colcon_core.package_identification:_identify(log) ignored
[0.232s] Level 1:colcon.colcon_core.package_identification:_identify(src) by extensions ['ignore', 'ignore_ament_install']
[0.232s] Level 1:colcon.colcon_core.package_identification:_identify(src) by extension 'ignore'
[0.232s] Level 1:colcon.colcon_core.package_identification:_identify(src) by extension 'ignore_ament_install'
[0.232s] Level 1:colcon.colcon_core.package_identification:_identify(src) by extensions ['colcon_pkg']
[0.232s] Level 1:colcon.colcon_core.package_identification:_identify(src) by extension 'colcon_pkg'
[0.232s] Level 1:colcon.colcon_core.package_identification:_identify(src) by extensions ['colcon_meta']
[0.232s] Level 1:colcon.colcon_core.package_identification:_identify(src) by extension 'colcon_meta'
[0.232s] Level 1:colcon.colcon_core.package_identification:_identify(src) by extensions ['ros']
[0.232s] Level 1:colcon.colcon_core.package_identification:_identify(src) by extension 'ros'
[0.232s] Level 1:colcon.colcon_core.package_identification:_identify(src) by extensions ['cmake', 'python']
[0.232s] Level 1:colcon.colcon_core.package_identification:_identify(src) by extension 'cmake'
[0.232s] Level 1:colcon.colcon_core.package_identification:_identify(src) by extension 'python'
[0.232s] Level 1:colcon.colcon_core.package_identification:_identify(src) by extensions ['python_setup_py']
[0.232s] Level 1:colcon.colcon_core.package_identification:_identify(src) by extension 'python_setup_py'
[0.232s] Level 1:colcon.colcon_core.package_identification:_identify(src/can_control) by extensions ['ignore', 'ignore_ament_install']
[0.232s] Level 1:colcon.colcon_core.package_identification:_identify(src/can_control) by extension 'ignore'
[0.232s] Level 1:colcon.colcon_core.package_identification:_identify(src/can_control) by extension 'ignore_ament_install'
[0.232s] Level 1:colcon.colcon_core.package_identification:_identify(src/can_control) by extensions ['colcon_pkg']
[0.232s] Level 1:colcon.colcon_core.package_identification:_identify(src/can_control) by extension 'colcon_pkg'
[0.232s] Level 1:colcon.colcon_core.package_identification:_identify(src/can_control) by extensions ['colcon_meta']
[0.232s] Level 1:colcon.colcon_core.package_identification:_identify(src/can_control) by extension 'colcon_meta'
[0.232s] Level 1:colcon.colcon_core.package_identification:_identify(src/can_control) by extensions ['ros']
[0.232s] Level 1:colcon.colcon_core.package_identification:_identify(src/can_control) by extension 'ros'
[0.234s] DEBUG:colcon.colcon_core.package_identification:Package 'src/can_control' with type 'ros.ament_python' and name 'can_control'
[0.234s] Level 1:colcon.colcon_core.package_identification:_identify(src/car_task) by extensions ['ignore', 'ignore_ament_install']
[0.235s] Level 1:colcon.colcon_core.package_identification:_identify(src/car_task) by extension 'ignore'
[0.235s] Level 1:colcon.colcon_core.package_identification:_identify(src/car_task) by extension 'ignore_ament_install'
[0.235s] Level 1:colcon.colcon_core.package_identification:_identify(src/car_task) by extensions ['colcon_pkg']
[0.235s] Level 1:colcon.colcon_core.package_identification:_identify(src/car_task) by extension 'colcon_pkg'
[0.235s] Level 1:colcon.colcon_core.package_identification:_identify(src/car_task) by extensions ['colcon_meta']
[0.235s] Level 1:colcon.colcon_core.package_identification:_identify(src/car_task) by extension 'colcon_meta'
[0.235s] Level 1:colcon.colcon_core.package_identification:_identify(src/car_task) by extensions ['ros']
[0.235s] Level 1:colcon.colcon_core.package_identification:_identify(src/car_task) by extension 'ros'
[0.235s] DEBUG:colcon.colcon_core.package_identification:Package 'src/car_task' with type 'ros.ament_python' and name 'car_task'
[0.235s] Level 1:colcon.colcon_core.package_identification:_identify(src/controller) by extensions ['ignore', 'ignore_ament_install']
[0.235s] Level 1:colcon.colcon_core.package_identification:_identify(src/controller) by extension 'ignore'
[0.236s] Level 1:colcon.colcon_core.package_identification:_identify(src/controller) by extension 'ignore_ament_install'
[0.236s] Level 1:colcon.colcon_core.package_identification:_identify(src/controller) by extensions ['colcon_pkg']
[0.236s] Level 1:colcon.colcon_core.package_identification:_identify(src/controller) by extension 'colcon_pkg'
[0.236s] Level 1:colcon.colcon_core.package_identification:_identify(src/controller) by extensions ['colcon_meta']
[0.236s] Level 1:colcon.colcon_core.package_identification:_identify(src/controller) by extension 'colcon_meta'
[0.236s] Level 1:colcon.colcon_core.package_identification:_identify(src/controller) by extensions ['ros']
[0.236s] Level 1:colcon.colcon_core.package_identification:_identify(src/controller) by extension 'ros'
[0.236s] DEBUG:colcon.colcon_core.package_identification:Package 'src/controller' with type 'ros.ament_python' and name 'controller'
[0.236s] Level 1:colcon.colcon_core.package_identification:_identify(src/roscar_interfaces) by extensions ['ignore', 'ignore_ament_install']
[0.236s] Level 1:colcon.colcon_core.package_identification:_identify(src/roscar_interfaces) by extension 'ignore'
[0.237s] Level 1:colcon.colcon_core.package_identification:_identify(src/roscar_interfaces) by extension 'ignore_ament_install'
[0.237s] Level 1:colcon.colcon_core.package_identification:_identify(src/roscar_interfaces) by extensions ['colcon_pkg']
[0.237s] Level 1:colcon.colcon_core.package_identification:_identify(src/roscar_interfaces) by extension 'colcon_pkg'
[0.237s] Level 1:colcon.colcon_core.package_identification:_identify(src/roscar_interfaces) by extensions ['colcon_meta']
[0.237s] Level 1:colcon.colcon_core.package_identification:_identify(src/roscar_interfaces) by extension 'colcon_meta'
[0.237s] Level 1:colcon.colcon_core.package_identification:_identify(src/roscar_interfaces) by extensions ['ros']
[0.237s] Level 1:colcon.colcon_core.package_identification:_identify(src/roscar_interfaces) by extension 'ros'
[0.237s] DEBUG:colcon.colcon_core.package_identification:Package 'src/roscar_interfaces' with type 'ros.ament_cmake' and name 'roscar_interfaces'
[0.237s] Level 1:colcon.colcon_core.package_discovery:discover_packages(recursive) using defaults
[0.237s] Level 1:colcon.colcon_core.package_discovery:discover_packages(ignore) discover
[0.237s] Level 1:colcon.colcon_core.package_discovery:discover_packages(ignore) using defaults
[0.237s] Level 1:colcon.colcon_core.package_discovery:discover_packages(path) discover
[0.237s] Level 1:colcon.colcon_core.package_discovery:discover_packages(path) using defaults
[0.254s] Level 1:colcon.colcon_core.package_discovery:discover_packages(prefix_path) check parameters
[0.254s] Level 1:colcon.colcon_core.package_discovery:discover_packages(prefix_path) discover
[0.256s] DEBUG:colcon.colcon_installed_package_information.package_discovery:Found 270 installed packages in /opt/ros/humble
[0.258s] Level 1:colcon.colcon_core.package_discovery:discover_packages(prefix_path) using defaults
[0.293s] Level 5:colcon.colcon_core.verb:set package 'can_control' build argument 'cmake_args' from command line to 'None'
[0.293s] Level 5:colcon.colcon_core.verb:set package 'can_control' build argument 'cmake_target' from command line to 'None'
[0.293s] Level 5:colcon.colcon_core.verb:set package 'can_control' build argument 'cmake_target_skip_unavailable' from command line to 'False'
[0.293s] Level 5:colcon.colcon_core.verb:set package 'can_control' build argument 'cmake_clean_cache' from command line to 'False'
[0.293s] Level 5:colcon.colcon_core.verb:set package 'can_control' build argument 'cmake_clean_first' from command line to 'False'
[0.293s] Level 5:colcon.colcon_core.verb:set package 'can_control' build argument 'cmake_force_configure' from command line to 'False'
[0.293s] Level 5:colcon.colcon_core.verb:set package 'can_control' build argument 'ament_cmake_args' from command line to 'None'
[0.293s] Level 5:colcon.colcon_core.verb:set package 'can_control' build argument 'catkin_cmake_args' from command line to 'None'
[0.293s] Level 5:colcon.colcon_core.verb:set package 'can_control' build argument 'catkin_skip_building_tests' from command line to 'False'
[0.293s] DEBUG:colcon.colcon_core.verb:Building package 'can_control' with the following arguments: {'ament_cmake_args': None, 'build_base': '/home/amwhisper/ros/workspace/roscar/build/can_control', 'catkin_cmake_args': None, 'catkin_skip_building_tests': False, 'cmake_args': None, 'cmake_clean_cache': False, 'cmake_clean_first': False, 'cmake_force_configure': False, 'cmake_target': None, 'cmake_target_skip_unavailable': False, 'install_base': '/home/amwhisper/ros/workspace/roscar/install/can_control', 'merge_install': False, 'path': '/home/amwhisper/ros/workspace/roscar/src/can_control', 'symlink_install': False, 'test_result_base': None}
[0.293s] Level 5:colcon.colcon_core.verb:set package 'car_task' build argument 'cmake_args' from command line to 'None'
[0.294s] Level 5:colcon.colcon_core.verb:set package 'car_task' build argument 'cmake_target' from command line to 'None'
[0.294s] Level 5:colcon.colcon_core.verb:set package 'car_task' build argument 'cmake_target_skip_unavailable' from command line to 'False'
[0.294s] Level 5:colcon.colcon_core.verb:set package 'car_task' build argument 'cmake_clean_cache' from command line to 'False'
[0.294s] Level 5:colcon.colcon_core.verb:set package 'car_task' build argument 'cmake_clean_first' from command line to 'False'
[0.294s] Level 5:colcon.colcon_core.verb:set package 'car_task' build argument 'cmake_force_configure' from command line to 'False'
[0.294s] Level 5:colcon.colcon_core.verb:set package 'car_task' build argument 'ament_cmake_args' from command line to 'None'
[0.294s] Level 5:colcon.colcon_core.verb:set package 'car_task' build argument 'catkin_cmake_args' from command line to 'None'
[0.294s] Level 5:colcon.colcon_core.verb:set package 'car_task' build argument 'catkin_skip_building_tests' from command line to 'False'
[0.294s] DEBUG:colcon.colcon_core.verb:Building package 'car_task' with the following arguments: {'ament_cmake_args': None, 'build_base': '/home/amwhisper/ros/workspace/roscar/build/car_task', 'catkin_cmake_args': None, 'catkin_skip_building_tests': False, 'cmake_args': None, 'cmake_clean_cache': False, 'cmake_clean_first': False, 'cmake_force_configure': False, 'cmake_target': None, 'cmake_target_skip_unavailable': False, 'install_base': '/home/amwhisper/ros/workspace/roscar/install/car_task', 'merge_install': False, 'path': '/home/amwhisper/ros/workspace/roscar/src/car_task', 'symlink_install': False, 'test_result_base': None}
[0.294s] Level 5:colcon.colcon_core.verb:set package 'controller' build argument 'cmake_args' from command line to 'None'
[0.294s] Level 5:colcon.colcon_core.verb:set package 'controller' build argument 'cmake_target' from command line to 'None'
[0.294s] Level 5:colcon.colcon_core.verb:set package 'controller' build argument 'cmake_target_skip_unavailable' from command line to 'False'
[0.294s] Level 5:colcon.colcon_core.verb:set package 'controller' build argument 'cmake_clean_cache' from command line to 'False'
[0.294s] Level 5:colcon.colcon_core.verb:set package 'controller' build argument 'cmake_clean_first' from command line to 'False'
[0.294s] Level 5:colcon.colcon_core.verb:set package 'controller' build argument 'cmake_force_configure' from command line to 'False'
[0.294s] Level 5:colcon.colcon_core.verb:set package 'controller' build argument 'ament_cmake_args' from command line to 'None'
[0.294s] Level 5:colcon.colcon_core.verb:set package 'controller' build argument 'catkin_cmake_args' from command line to 'None'
[0.294s] Level 5:colcon.colcon_core.verb:set package 'controller' build argument 'catkin_skip_building_tests' from command line to 'False'
[0.294s] DEBUG:colcon.colcon_core.verb:Building package 'controller' with the following arguments: {'ament_cmake_args': None, 'build_base': '/home/amwhisper/ros/workspace/roscar/build/controller', 'catkin_cmake_args': None, 'catkin_skip_building_tests': False, 'cmake_args': None, 'cmake_clean_cache': False, 'cmake_clean_first': False, 'cmake_force_configure': False, 'cmake_target': None, 'cmake_target_skip_unavailable': False, 'install_base': '/home/amwhisper/ros/workspace/roscar/install/controller', 'merge_install': False, 'path': '/home/amwhisper/ros/workspace/roscar/src/controller', 'symlink_install': False, 'test_result_base': None}
[0.294s] Level 5:colcon.colcon_core.verb:set package 'roscar_interfaces' build argument 'cmake_args' from command line to 'None'
[0.294s] Level 5:colcon.colcon_core.verb:set package 'roscar_interfaces' build argument 'cmake_target' from command line to 'None'
[0.294s] Level 5:colcon.colcon_core.verb:set package 'roscar_interfaces' build argument 'cmake_target_skip_unavailable' from command line to 'False'
[0.294s] Level 5:colcon.colcon_core.verb:set package 'roscar_interfaces' build argument 'cmake_clean_cache' from command line to 'False'
[0.294s] Level 5:colcon.colcon_core.verb:set package 'roscar_interfaces' build argument 'cmake_clean_first' from command line to 'False'
[0.294s] Level 5:colcon.colcon_core.verb:set package 'roscar_interfaces' build argument 'cmake_force_configure' from command line to 'False'
[0.294s] Level 5:colcon.colcon_core.verb:set package 'roscar_interfaces' build argument 'ament_cmake_args' from command line to 'None'
[0.295s] Level 5:colcon.colcon_core.verb:set package 'roscar_interfaces' build argument 'catkin_cmake_args' from command line to 'None'
[0.295s] Level 5:colcon.colcon_core.verb:set package 'roscar_interfaces' build argument 'catkin_skip_building_tests' from command line to 'False'
[0.295s] DEBUG:colcon.colcon_core.verb:Building package 'roscar_interfaces' with the following arguments: {'ament_cmake_args': None, 'build_base': '/home/amwhisper/ros/workspace/roscar/build/roscar_interfaces', 'catkin_cmake_args': None, 'catkin_skip_building_tests': False, 'cmake_args': None, 'cmake_clean_cache': False, 'cmake_clean_first': False, 'cmake_force_configure': False, 'cmake_target': None, 'cmake_target_skip_unavailable': False, 'install_base': '/home/amwhisper/ros/workspace/roscar/install/roscar_interfaces', 'merge_install': False, 'path': '/home/amwhisper/ros/workspace/roscar/src/roscar_interfaces', 'symlink_install': False, 'test_result_base': None}
[0.295s] INFO:colcon.colcon_core.executor:Executing jobs using 'parallel' executor
[0.296s] DEBUG:colcon.colcon_parallel_executor.executor.parallel:run_until_complete
[0.296s] INFO:colcon.colcon_ros.task.ament_python.build:Building ROS package in '/home/amwhisper/ros/workspace/roscar/src/can_control' with build type 'ament_python'
[0.296s] Level 1:colcon.colcon_core.shell:create_environment_hook('can_control', 'ament_prefix_path')
[0.298s] INFO:colcon.colcon_core.plugin_system:Skipping extension 'colcon_core.shell.bat': Not used on non-Windows systems
[0.298s] INFO:colcon.colcon_core.shell:Creating environment hook '/home/amwhisper/ros/workspace/roscar/install/can_control/share/can_control/hook/ament_prefix_path.ps1'
[0.299s] INFO:colcon.colcon_core.shell:Creating environment descriptor '/home/amwhisper/ros/workspace/roscar/install/can_control/share/can_control/hook/ament_prefix_path.dsv'
[0.300s] INFO:colcon.colcon_core.shell:Creating environment hook '/home/amwhisper/ros/workspace/roscar/install/can_control/share/can_control/hook/ament_prefix_path.sh'
[0.301s] INFO:colcon.colcon_core.shell:Skip shell extension 'powershell' for command environment: Not usable outside of PowerShell
[0.301s] DEBUG:colcon.colcon_core.shell:Skip shell extension 'dsv' for command environment
[0.303s] INFO:colcon.colcon_ros.task.ament_python.build:Building ROS package in '/home/amwhisper/ros/workspace/roscar/src/car_task' with build type 'ament_python'
[0.303s] Level 1:colcon.colcon_core.shell:create_environment_hook('car_task', 'ament_prefix_path')
[0.304s] INFO:colcon.colcon_core.shell:Creating environment hook '/home/amwhisper/ros/workspace/roscar/install/car_task/share/car_task/hook/ament_prefix_path.ps1'
[0.304s] INFO:colcon.colcon_core.shell:Creating environment descriptor '/home/amwhisper/ros/workspace/roscar/install/car_task/share/car_task/hook/ament_prefix_path.dsv'
[0.305s] INFO:colcon.colcon_core.shell:Creating environment hook '/home/amwhisper/ros/workspace/roscar/install/car_task/share/car_task/hook/ament_prefix_path.sh'
[0.306s] INFO:colcon.colcon_core.shell:Skip shell extension 'powershell' for command environment: Not usable outside of PowerShell
[0.306s] DEBUG:colcon.colcon_core.shell:Skip shell extension 'dsv' for command environment
[0.309s] INFO:colcon.colcon_ros.task.ament_python.build:Building ROS package in '/home/amwhisper/ros/workspace/roscar/src/controller' with build type 'ament_python'
[0.309s] Level 1:colcon.colcon_core.shell:create_environment_hook('controller', 'ament_prefix_path')
[0.310s] INFO:colcon.colcon_core.shell:Creating environment hook '/home/amwhisper/ros/workspace/roscar/install/controller/share/controller/hook/ament_prefix_path.ps1'
[0.310s] INFO:colcon.colcon_core.shell:Creating environment descriptor '/home/amwhisper/ros/workspace/roscar/install/controller/share/controller/hook/ament_prefix_path.dsv'
[0.310s] INFO:colcon.colcon_core.shell:Creating environment hook '/home/amwhisper/ros/workspace/roscar/install/controller/share/controller/hook/ament_prefix_path.sh'
[0.311s] INFO:colcon.colcon_core.shell:Skip shell extension 'powershell' for command environment: Not usable outside of PowerShell
[0.311s] DEBUG:colcon.colcon_core.shell:Skip shell extension 'dsv' for command environment
[0.313s] INFO:colcon.colcon_ros.task.ament_cmake.build:Building ROS package in '/home/amwhisper/ros/workspace/roscar/src/roscar_interfaces' with build type 'ament_cmake'
[0.313s] INFO:colcon.colcon_cmake.task.cmake.build:Building CMake package in '/home/amwhisper/ros/workspace/roscar/src/roscar_interfaces'
[0.314s] INFO:colcon.colcon_core.shell:Skip shell extension 'powershell' for command environment: Not usable outside of PowerShell
[0.314s] DEBUG:colcon.colcon_core.shell:Skip shell extension 'dsv' for command environment
[0.522s] INFO:colcon.colcon_core.task.python.build:Building Python package in '/home/amwhisper/ros/workspace/roscar/src/can_control'
[0.523s] INFO:colcon.colcon_core.shell:Skip shell extension 'powershell' for command environment: Not usable outside of PowerShell
[0.523s] DEBUG:colcon.colcon_core.shell:Skip shell extension 'dsv' for command environment
[0.733s] INFO:colcon.colcon_core.task.python.build:Building Python package in '/home/amwhisper/ros/workspace/roscar/src/car_task'
[0.734s] INFO:colcon.colcon_core.shell:Skip shell extension 'powershell' for command environment: Not usable outside of PowerShell
[0.734s] DEBUG:colcon.colcon_core.shell:Skip shell extension 'dsv' for command environment
[0.950s] INFO:colcon.colcon_core.task.python.build:Building Python package in '/home/amwhisper/ros/workspace/roscar/src/controller'
[0.951s] INFO:colcon.colcon_core.shell:Skip shell extension 'powershell' for command environment: Not usable outside of PowerShell
[0.951s] DEBUG:colcon.colcon_core.shell:Skip shell extension 'dsv' for command environment
[0.964s] DEBUG:colcon.colcon_core.event_handler.log_command:Invoking command in '/home/amwhisper/ros/workspace/roscar/build/roscar_interfaces': CMAKE_PREFIX_PATH=/opt/ros/humble /usr/bin/cmake --build /home/amwhisper/ros/workspace/roscar/build/roscar_interfaces -- -j6 -l6
[1.217s] DEBUG:colcon.colcon_core.event_handler.log_command:Invoked command in '/home/amwhisper/ros/workspace/roscar/build/roscar_interfaces' returned '2': CMAKE_PREFIX_PATH=/opt/ros/humble /usr/bin/cmake --build /home/amwhisper/ros/workspace/roscar/build/roscar_interfaces -- -j6 -l6
[1.237s] DEBUG:colcon.colcon_core.event_handler.log_command:Invoking command in '/home/amwhisper/ros/workspace/roscar/src/can_control': PYTHONPATH=/home/amwhisper/ros/workspace/roscar/build/can_control/prefix_override:/usr/lib/python3/dist-packages/colcon_core/task/python/colcon_distutils_commands:/home/amwhisper/ros/workspace/roscar/install/can_control/lib/python3.10/site-packages:${PYTHONPATH} /usr/bin/python3 -W ignore:setup.py install is deprecated setup.py egg_info --egg-base ../../build/can_control build --build-base /home/amwhisper/ros/workspace/roscar/build/can_control/build install --record /home/amwhisper/ros/workspace/roscar/build/can_control/install.log --single-version-externally-managed install_data
[1.238s] DEBUG:colcon.colcon_core.event_handler.log_command:Invoking command in '/home/amwhisper/ros/workspace/roscar/src/car_task': PYTHONPATH=/home/amwhisper/ros/workspace/roscar/build/car_task/prefix_override:/usr/lib/python3/dist-packages/colcon_core/task/python/colcon_distutils_commands:/home/amwhisper/ros/workspace/roscar/install/car_task/lib/python3.10/site-packages:${PYTHONPATH} /usr/bin/python3 -W ignore:setup.py install is deprecated setup.py egg_info --egg-base ../../build/car_task build --build-base /home/amwhisper/ros/workspace/roscar/build/car_task/build install --record /home/amwhisper/ros/workspace/roscar/build/car_task/install.log --single-version-externally-managed install_data
[1.244s] DEBUG:colcon.colcon_core.event_handler.log_command:Invoking command in '/home/amwhisper/ros/workspace/roscar/src/controller': PYTHONPATH=/home/amwhisper/ros/workspace/roscar/build/controller/prefix_override:/usr/lib/python3/dist-packages/colcon_core/task/python/colcon_distutils_commands:/home/amwhisper/ros/workspace/roscar/install/controller/lib/python3.10/site-packages:${PYTHONPATH} /usr/bin/python3 -W ignore:setup.py install is deprecated setup.py egg_info --egg-base ../../build/controller build --build-base /home/amwhisper/ros/workspace/roscar/build/controller/build install --record /home/amwhisper/ros/workspace/roscar/build/controller/install.log --single-version-externally-managed install_data
[1.332s] Level 1:colcon.colcon_core.environment:create_environment_scripts_only(roscar_interfaces)
[1.334s] Level 1:colcon.colcon_core.environment:checking '/home/amwhisper/ros/workspace/roscar/install/roscar_interfaces' for CMake module files
[1.335s] Level 1:colcon.colcon_core.environment:checking '/home/amwhisper/ros/workspace/roscar/install/roscar_interfaces' for CMake config files
[1.335s] Level 1:colcon.colcon_core.shell:create_environment_hook('roscar_interfaces', 'cmake_prefix_path')
[1.336s] INFO:colcon.colcon_core.shell:Creating environment hook '/home/amwhisper/ros/workspace/roscar/install/roscar_interfaces/share/roscar_interfaces/hook/cmake_prefix_path.ps1'
[1.337s] INFO:colcon.colcon_core.shell:Creating environment descriptor '/home/amwhisper/ros/workspace/roscar/install/roscar_interfaces/share/roscar_interfaces/hook/cmake_prefix_path.dsv'
[1.338s] INFO:colcon.colcon_core.shell:Creating environment hook '/home/amwhisper/ros/workspace/roscar/install/roscar_interfaces/share/roscar_interfaces/hook/cmake_prefix_path.sh'
[1.339s] Level 1:colcon.colcon_core.environment:checking '/home/amwhisper/ros/workspace/roscar/install/roscar_interfaces/lib'
[1.339s] Level 1:colcon.colcon_core.shell:create_environment_hook('roscar_interfaces', 'ld_library_path_lib')
[1.339s] INFO:colcon.colcon_core.shell:Creating environment hook '/home/amwhisper/ros/workspace/roscar/install/roscar_interfaces/share/roscar_interfaces/hook/ld_library_path_lib.ps1'
[1.341s] INFO:colcon.colcon_core.shell:Creating environment descriptor '/home/amwhisper/ros/workspace/roscar/install/roscar_interfaces/share/roscar_interfaces/hook/ld_library_path_lib.dsv'
[1.342s] INFO:colcon.colcon_core.shell:Creating environment hook '/home/amwhisper/ros/workspace/roscar/install/roscar_interfaces/share/roscar_interfaces/hook/ld_library_path_lib.sh'
[1.343s] Level 1:colcon.colcon_core.environment:checking '/home/amwhisper/ros/workspace/roscar/install/roscar_interfaces/bin'
[1.343s] Level 1:colcon.colcon_core.environment:checking '/home/amwhisper/ros/workspace/roscar/install/roscar_interfaces/lib/pkgconfig/roscar_interfaces.pc'
[1.343s] Level 1:colcon.colcon_core.environment:checking '/home/amwhisper/ros/workspace/roscar/install/roscar_interfaces/lib/python3.10/site-packages'
[1.344s] Level 1:colcon.colcon_core.environment:checking '/home/amwhisper/ros/workspace/roscar/install/roscar_interfaces/bin'
[1.344s] INFO:colcon.colcon_core.shell:Creating package script '/home/amwhisper/ros/workspace/roscar/install/roscar_interfaces/share/roscar_interfaces/package.ps1'
[1.345s] INFO:colcon.colcon_core.shell:Creating package descriptor '/home/amwhisper/ros/workspace/roscar/install/roscar_interfaces/share/roscar_interfaces/package.dsv'
[1.346s] INFO:colcon.colcon_core.shell:Creating package script '/home/amwhisper/ros/workspace/roscar/install/roscar_interfaces/share/roscar_interfaces/package.sh'
[1.347s] INFO:colcon.colcon_core.shell:Creating package script '/home/amwhisper/ros/workspace/roscar/install/roscar_interfaces/share/roscar_interfaces/package.bash'
[1.348s] INFO:colcon.colcon_core.shell:Creating package script '/home/amwhisper/ros/workspace/roscar/install/roscar_interfaces/share/roscar_interfaces/package.zsh'
[1.349s] Level 1:colcon.colcon_core.environment:create_file_with_runtime_dependencies(/home/amwhisper/ros/workspace/roscar/install/roscar_interfaces/share/colcon-core/packages/roscar_interfaces)
[1.484s] DEBUG:colcon.colcon_parallel_executor.executor.parallel:closing loop
[1.484s] DEBUG:colcon.colcon_parallel_executor.executor.parallel:loop closed
[1.484s] DEBUG:colcon.colcon_parallel_executor.executor.parallel:run_until_complete finished with '2'
[1.484s] DEBUG:colcon.colcon_core.event_reactor:joining thread
[1.493s] INFO:colcon.colcon_core.plugin_system:Skipping extension 'colcon_notification.desktop_notification.terminal_notifier': Not used on non-Darwin systems
[1.493s] INFO:colcon.colcon_core.plugin_system:Skipping extension 'colcon_notification.desktop_notification.win32': Not used on non-Windows systems
[1.493s] INFO:colcon.colcon_notification.desktop_notification:Sending desktop notification using 'notify2'
[1.509s] DEBUG:colcon.colcon_core.event_reactor:joined thread
[1.509s] INFO:colcon.colcon_core.shell:Creating prefix script '/home/amwhisper/ros/workspace/roscar/install/local_setup.ps1'
[1.510s] INFO:colcon.colcon_core.shell:Creating prefix util module '/home/amwhisper/ros/workspace/roscar/install/_local_setup_util_ps1.py'
[1.512s] INFO:colcon.colcon_core.shell:Creating prefix chain script '/home/amwhisper/ros/workspace/roscar/install/setup.ps1'
[1.513s] INFO:colcon.colcon_core.shell:Creating prefix script '/home/amwhisper/ros/workspace/roscar/install/local_setup.sh'
[1.514s] INFO:colcon.colcon_core.shell:Creating prefix util module '/home/amwhisper/ros/workspace/roscar/install/_local_setup_util_sh.py'
[1.515s] INFO:colcon.colcon_core.shell:Creating prefix chain script '/home/amwhisper/ros/workspace/roscar/install/setup.sh'
[1.516s] INFO:colcon.colcon_core.shell:Creating prefix script '/home/amwhisper/ros/workspace/roscar/install/local_setup.bash'
[1.517s] INFO:colcon.colcon_core.shell:Creating prefix chain script '/home/amwhisper/ros/workspace/roscar/install/setup.bash'
[1.518s] INFO:colcon.colcon_core.shell:Creating prefix script '/home/amwhisper/ros/workspace/roscar/install/local_setup.zsh'
[1.519s] INFO:colcon.colcon_core.shell:Creating prefix chain script '/home/amwhisper/ros/workspace/roscar/install/setup.zsh'
