[0.513s] Invoking command in '/home/amwhisper/ros/workspace/roscar/src/controller': PYTHONPATH=/home/amwhisper/ros/workspace/roscar/build/controller/prefix_override:/usr/lib/python3/dist-packages/colcon_core/task/python/colcon_distutils_commands:/home/amwhisper/ros/workspace/roscar/install/controller/lib/python3.10/site-packages:${PYTHONPATH} /usr/bin/python3 -W ignore:setup.py install is deprecated setup.py egg_info --egg-base ../../build/controller build --build-base /home/amwhisper/ros/workspace/roscar/build/controller/build install --record /home/amwhisper/ros/workspace/roscar/build/controller/install.log --single-version-externally-managed install_data
[0.708s] running egg_info
[0.708s] writing ../../build/controller/controller.egg-info/PKG-INFO
[0.708s] writing dependency_links to ../../build/controller/controller.egg-info/dependency_links.txt
[0.708s] writing entry points to ../../build/controller/controller.egg-info/entry_points.txt
[0.710s] writing requirements to ../../build/controller/controller.egg-info/requires.txt
[0.710s] writing top-level names to ../../build/controller/controller.egg-info/top_level.txt
[0.711s] reading manifest file '../../build/controller/controller.egg-info/SOURCES.txt'
[0.712s] writing manifest file '../../build/controller/controller.egg-info/SOURCES.txt'
[0.712s] running build
[0.712s] running build_py
[0.712s] copying controller/controller.py -> /home/amwhisper/ros/workspace/roscar/build/controller/build/lib/controller
[0.712s] running install
[0.712s] running install_lib
[0.714s] copying /home/amwhisper/ros/workspace/roscar/build/controller/build/lib/controller/controller.py -> /home/amwhisper/ros/workspace/roscar/install/controller/lib/python3.10/site-packages/controller
[0.714s] byte-compiling /home/amwhisper/ros/workspace/roscar/install/controller/lib/python3.10/site-packages/controller/controller.py to controller.cpython-310.pyc
[0.714s] running install_data
[0.714s] running install_egg_info
[0.717s] removing '/home/amwhisper/ros/workspace/roscar/install/controller/lib/python3.10/site-packages/controller-0.0.0-py3.10.egg-info' (and everything under it)
[0.717s] Copying ../../build/controller/controller.egg-info to /home/amwhisper/ros/workspace/roscar/install/controller/lib/python3.10/site-packages/controller-0.0.0-py3.10.egg-info
[0.717s] running install_scripts
[0.737s] Installing controller_node script to /home/amwhisper/ros/workspace/roscar/install/controller/lib/controller
[0.737s] writing list of installed files to '/home/amwhisper/ros/workspace/roscar/build/controller/install.log'
[0.759s] Invoked command in '/home/amwhisper/ros/workspace/roscar/src/controller' returned '0': PYTHONPATH=/home/amwhisper/ros/workspace/roscar/build/controller/prefix_override:/usr/lib/python3/dist-packages/colcon_core/task/python/colcon_distutils_commands:/home/amwhisper/ros/workspace/roscar/install/controller/lib/python3.10/site-packages:${PYTHONPATH} /usr/bin/python3 -W ignore:setup.py install is deprecated setup.py egg_info --egg-base ../../build/controller build --build-base /home/amwhisper/ros/workspace/roscar/build/controller/build install --record /home/amwhisper/ros/workspace/roscar/build/controller/install.log --single-version-externally-managed install_data
