running egg_info
writing ../../build/car_task/car_task.egg-info/PKG-INFO
writing dependency_links to ../../build/car_task/car_task.egg-info/dependency_links.txt
writing entry points to ../../build/car_task/car_task.egg-info/entry_points.txt
writing requirements to ../../build/car_task/car_task.egg-info/requires.txt
writing top-level names to ../../build/car_task/car_task.egg-info/top_level.txt
reading manifest file '../../build/car_task/car_task.egg-info/SOURCES.txt'
writing manifest file '../../build/car_task/car_task.egg-info/SOURCES.txt'
running build
running build_py
copying car_task/chassis.py -> /home/amwhisper/ros/workspace/roscar/build/car_task/build/lib/car_task
running install
running install_lib
copying /home/amwhisper/ros/workspace/roscar/build/car_task/build/lib/car_task/chassis.py -> /home/amwhisper/ros/workspace/roscar/install/car_task/lib/python3.10/site-packages/car_task
byte-compiling /home/amwhisper/ros/workspace/roscar/install/car_task/lib/python3.10/site-packages/car_task/chassis.py to chassis.cpython-310.pyc
running install_data
running install_egg_info
removing '/home/amwhisper/ros/workspace/roscar/install/car_task/lib/python3.10/site-packages/car_task-0.0.0-py3.10.egg-info' (and everything under it)
Copying ../../build/car_task/car_task.egg-info to /home/amwhisper/ros/workspace/roscar/install/car_task/lib/python3.10/site-packages/car_task-0.0.0-py3.10.egg-info
running install_scripts
Installing chassis_node script to /home/amwhisper/ros/workspace/roscar/install/car_task/lib/car_task
writing list of installed files to '/home/amwhisper/ros/workspace/roscar/build/car_task/install.log'
