running egg_info
writing ../../build/can_control/can_control.egg-info/PKG-INFO
writing dependency_links to ../../build/can_control/can_control.egg-info/dependency_links.txt
writing entry points to ../../build/can_control/can_control.egg-info/entry_points.txt
writing requirements to ../../build/can_control/can_control.egg-info/requires.txt
writing top-level names to ../../build/can_control/can_control.egg-info/top_level.txt
reading manifest file '../../build/can_control/can_control.egg-info/SOURCES.txt'
writing manifest file '../../build/can_control/can_control.egg-info/SOURCES.txt'
running build
running build_py
copying can_control/can_control_node.py -> /home/amwhisper/ros/workspace/roscar/build/can_control/build/lib/can_control
running install
running install_lib
copying /home/amwhisper/ros/workspace/roscar/build/can_control/build/lib/can_control/can_control_node.py -> /home/amwhisper/ros/workspace/roscar/install/can_control/lib/python3.10/site-packages/can_control
byte-compiling /home/amwhisper/ros/workspace/roscar/install/can_control/lib/python3.10/site-packages/can_control/can_control_node.py to can_control_node.cpython-310.pyc
Sorry: IndentationError: unindent does not match any outer indentation level (can_control_node.py, line 59)
running install_data
running install_egg_info
removing '/home/amwhisper/ros/workspace/roscar/install/can_control/lib/python3.10/site-packages/can_control-0.0.0-py3.10.egg-info' (and everything under it)
Copying ../../build/can_control/can_control.egg-info to /home/amwhisper/ros/workspace/roscar/install/can_control/lib/python3.10/site-packages/can_control-0.0.0-py3.10.egg-info
running install_scripts
Installing can_control_node script to /home/amwhisper/ros/workspace/roscar/install/can_control/lib/can_control
writing list of installed files to '/home/amwhisper/ros/workspace/roscar/build/can_control/install.log'
