running egg_info
creating ../../build/can_control/can_control.egg-info
writing ../../build/can_control/can_control.egg-info/PKG-INFO
writing dependency_links to ../../build/can_control/can_control.egg-info/dependency_links.txt
writing entry points to ../../build/can_control/can_control.egg-info/entry_points.txt
writing requirements to ../../build/can_control/can_control.egg-info/requires.txt
writing top-level names to ../../build/can_control/can_control.egg-info/top_level.txt
writing manifest file '../../build/can_control/can_control.egg-info/SOURCES.txt'
reading manifest file '../../build/can_control/can_control.egg-info/SOURCES.txt'
writing manifest file '../../build/can_control/can_control.egg-info/SOURCES.txt'
running build
running build_py
creating /home/amwhisper/ros/workspace/roscar/build/can_control/build
creating /home/amwhisper/ros/workspace/roscar/build/can_control/build/lib
creating /home/amwhisper/ros/workspace/roscar/build/can_control/build/lib/can_control
copying can_control/__init__.py -> /home/amwhisper/ros/workspace/roscar/build/can_control/build/lib/can_control
copying can_control/can_control_node.py -> /home/amwhisper/ros/workspace/roscar/build/can_control/build/lib/can_control
running install
running install_lib
creating /home/amwhisper/ros/workspace/roscar/install/can_control/lib/python3.10/site-packages/can_control
copying /home/amwhisper/ros/workspace/roscar/build/can_control/build/lib/can_control/__init__.py -> /home/amwhisper/ros/workspace/roscar/install/can_control/lib/python3.10/site-packages/can_control
copying /home/amwhisper/ros/workspace/roscar/build/can_control/build/lib/can_control/can_control_node.py -> /home/amwhisper/ros/workspace/roscar/install/can_control/lib/python3.10/site-packages/can_control
byte-compiling /home/amwhisper/ros/workspace/roscar/install/can_control/lib/python3.10/site-packages/can_control/__init__.py to __init__.cpython-310.pyc
byte-compiling /home/amwhisper/ros/workspace/roscar/install/can_control/lib/python3.10/site-packages/can_control/can_control_node.py to can_control_node.cpython-310.pyc
running install_data
creating /home/amwhisper/ros/workspace/roscar/install/can_control/share/ament_index
creating /home/amwhisper/ros/workspace/roscar/install/can_control/share/ament_index/resource_index
creating /home/amwhisper/ros/workspace/roscar/install/can_control/share/ament_index/resource_index/packages
copying resource/can_control -> /home/amwhisper/ros/workspace/roscar/install/can_control/share/ament_index/resource_index/packages
copying package.xml -> /home/amwhisper/ros/workspace/roscar/install/can_control/share/can_control
running install_egg_info
Copying ../../build/can_control/can_control.egg-info to /home/amwhisper/ros/workspace/roscar/install/can_control/lib/python3.10/site-packages/can_control-0.0.0-py3.10.egg-info
running install_scripts
Installing can_control_node script to /home/amwhisper/ros/workspace/roscar/install/can_control/lib/can_control
writing list of installed files to '/home/amwhisper/ros/workspace/roscar/build/can_control/install.log'
