[0.896s] Invoking command in '/home/amwhisper/ros/workspace/roscar/src/can_control': PYTHONPATH=/home/amwhisper/ros/workspace/roscar/build/can_control/prefix_override:/usr/lib/python3/dist-packages/colcon_core/task/python/colcon_distutils_commands:/home/amwhisper/ros/workspace/roscar/install/can_control/lib/python3.10/site-packages:${PYTHONPATH} /usr/bin/python3 -W ignore:setup.py install is deprecated setup.py egg_info --egg-base ../../build/can_control build --build-base /home/amwhisper/ros/workspace/roscar/build/can_control/build install --record /home/amwhisper/ros/workspace/roscar/build/can_control/install.log --single-version-externally-managed install_data
[1.074s] running egg_info
[1.074s] creating ../../build/can_control/can_control.egg-info
[1.074s] writing ../../build/can_control/can_control.egg-info/PKG-INFO
[1.074s] writing dependency_links to ../../build/can_control/can_control.egg-info/dependency_links.txt
[1.074s] writing entry points to ../../build/can_control/can_control.egg-info/entry_points.txt
[1.075s] writing requirements to ../../build/can_control/can_control.egg-info/requires.txt
[1.075s] writing top-level names to ../../build/can_control/can_control.egg-info/top_level.txt
[1.075s] writing manifest file '../../build/can_control/can_control.egg-info/SOURCES.txt'
[1.076s] reading manifest file '../../build/can_control/can_control.egg-info/SOURCES.txt'
[1.077s] writing manifest file '../../build/can_control/can_control.egg-info/SOURCES.txt'
[1.077s] running build
[1.077s] running build_py
[1.077s] creating /home/amwhisper/ros/workspace/roscar/build/can_control/build
[1.077s] creating /home/amwhisper/ros/workspace/roscar/build/can_control/build/lib
[1.077s] creating /home/amwhisper/ros/workspace/roscar/build/can_control/build/lib/can_control
[1.077s] copying can_control/__init__.py -> /home/amwhisper/ros/workspace/roscar/build/can_control/build/lib/can_control
[1.077s] copying can_control/can_control_node.py -> /home/amwhisper/ros/workspace/roscar/build/can_control/build/lib/can_control
[1.077s] running install
[1.077s] running install_lib
[1.078s] creating /home/amwhisper/ros/workspace/roscar/install/can_control/lib/python3.10/site-packages/can_control
[1.078s] copying /home/amwhisper/ros/workspace/roscar/build/can_control/build/lib/can_control/__init__.py -> /home/amwhisper/ros/workspace/roscar/install/can_control/lib/python3.10/site-packages/can_control
[1.078s] copying /home/amwhisper/ros/workspace/roscar/build/can_control/build/lib/can_control/can_control_node.py -> /home/amwhisper/ros/workspace/roscar/install/can_control/lib/python3.10/site-packages/can_control
[1.078s] byte-compiling /home/amwhisper/ros/workspace/roscar/install/can_control/lib/python3.10/site-packages/can_control/__init__.py to __init__.cpython-310.pyc
[1.079s] byte-compiling /home/amwhisper/ros/workspace/roscar/install/can_control/lib/python3.10/site-packages/can_control/can_control_node.py to can_control_node.cpython-310.pyc
[1.079s] running install_data
[1.079s] creating /home/amwhisper/ros/workspace/roscar/install/can_control/share/ament_index
[1.079s] creating /home/amwhisper/ros/workspace/roscar/install/can_control/share/ament_index/resource_index
[1.079s] creating /home/amwhisper/ros/workspace/roscar/install/can_control/share/ament_index/resource_index/packages
[1.079s] copying resource/can_control -> /home/amwhisper/ros/workspace/roscar/install/can_control/share/ament_index/resource_index/packages
[1.080s] copying package.xml -> /home/amwhisper/ros/workspace/roscar/install/can_control/share/can_control
[1.080s] running install_egg_info
[1.081s] Copying ../../build/can_control/can_control.egg-info to /home/amwhisper/ros/workspace/roscar/install/can_control/lib/python3.10/site-packages/can_control-0.0.0-py3.10.egg-info
[1.082s] running install_scripts
[1.099s] Installing can_control_node script to /home/amwhisper/ros/workspace/roscar/install/can_control/lib/can_control
[1.100s] writing list of installed files to '/home/amwhisper/ros/workspace/roscar/build/can_control/install.log'
[1.118s] Invoked command in '/home/amwhisper/ros/workspace/roscar/src/can_control' returned '0': PYTHONPATH=/home/amwhisper/ros/workspace/roscar/build/can_control/prefix_override:/usr/lib/python3/dist-packages/colcon_core/task/python/colcon_distutils_commands:/home/amwhisper/ros/workspace/roscar/install/can_control/lib/python3.10/site-packages:${PYTHONPATH} /usr/bin/python3 -W ignore:setup.py install is deprecated setup.py egg_info --egg-base ../../build/can_control build --build-base /home/amwhisper/ros/workspace/roscar/build/can_control/build install --record /home/amwhisper/ros/workspace/roscar/build/can_control/install.log --single-version-externally-managed install_data
