[0.976s] Invoking command in '/home/amwhisper/ros/workspace/roscar/src/controller': PYTHONPATH=/home/amwhisper/ros/workspace/roscar/build/controller/prefix_override:/usr/lib/python3/dist-packages/colcon_core/task/python/colcon_distutils_commands:/home/amwhisper/ros/workspace/roscar/install/controller/lib/python3.10/site-packages:${PYTHONPATH} /usr/bin/python3 -W ignore:setup.py install is deprecated setup.py egg_info --egg-base ../../build/controller build --build-base /home/amwhisper/ros/workspace/roscar/build/controller/build install --record /home/amwhisper/ros/workspace/roscar/build/controller/install.log --single-version-externally-managed install_data
[1.175s] running egg_info
[1.175s] writing ../../build/controller/controller.egg-info/PKG-INFO
[1.175s] writing dependency_links to ../../build/controller/controller.egg-info/dependency_links.txt
[1.176s] writing entry points to ../../build/controller/controller.egg-info/entry_points.txt
[1.176s] writing requirements to ../../build/controller/controller.egg-info/requires.txt
[1.176s] writing top-level names to ../../build/controller/controller.egg-info/top_level.txt
[1.178s] reading manifest file '../../build/controller/controller.egg-info/SOURCES.txt'
[1.179s] writing manifest file '../../build/controller/controller.egg-info/SOURCES.txt'
[1.180s] running build
[1.180s] running build_py
[1.180s] running install
[1.180s] running install_lib
[1.181s] running install_data
[1.181s] running install_egg_info
[1.182s] removing '/home/amwhisper/ros/workspace/roscar/install/controller/lib/python3.10/site-packages/controller-0.0.0-py3.10.egg-info' (and everything under it)
[1.186s] Copying ../../build/controller/controller.egg-info to /home/amwhisper/ros/workspace/roscar/install/controller/lib/python3.10/site-packages/controller-0.0.0-py3.10.egg-info
[1.186s] running install_scripts
[1.209s] Installing controller_node script to /home/amwhisper/ros/workspace/roscar/install/controller/lib/controller
[1.209s] writing list of installed files to '/home/amwhisper/ros/workspace/roscar/build/controller/install.log'
[1.235s] Invoked command in '/home/amwhisper/ros/workspace/roscar/src/controller' returned '0': PYTHONPATH=/home/amwhisper/ros/workspace/roscar/build/controller/prefix_override:/usr/lib/python3/dist-packages/colcon_core/task/python/colcon_distutils_commands:/home/amwhisper/ros/workspace/roscar/install/controller/lib/python3.10/site-packages:${PYTHONPATH} /usr/bin/python3 -W ignore:setup.py install is deprecated setup.py egg_info --egg-base ../../build/controller build --build-base /home/amwhisper/ros/workspace/roscar/build/controller/build install --record /home/amwhisper/ros/workspace/roscar/build/controller/install.log --single-version-externally-managed install_data
