[1.100s] Invoking command in '/home/amwhisper/ros/workspace/roscar/src/can_control': AMENT_PREFIX_PATH=/home/amwhisper/ros/workspace/roscar/install/roscar_interfaces:${AMENT_PREFIX_PATH} CMAKE_PREFIX_PATH=/home/amwhisper/ros/workspace/roscar/install/roscar_interfaces LD_LIBRARY_PATH=/home/amwhisper/ros/workspace/roscar/install/roscar_interfaces/lib:${LD_LIBRARY_PATH} PYTHONPATH=/home/amwhisper/ros/workspace/roscar/build/can_control/prefix_override:/usr/lib/python3/dist-packages/colcon_core/task/python/colcon_distutils_commands:/home/amwhisper/ros/workspace/roscar/install/can_control/lib/python3.10/site-packages:/home/amwhisper/ros/workspace/roscar/install/roscar_interfaces/local/lib/python3.10/dist-packages:${PYTHONPATH} /usr/bin/python3 -W ignore:setup.py install is deprecated setup.py egg_info --egg-base ../../build/can_control build --build-base /home/amwhisper/ros/workspace/roscar/build/can_control/build install --record /home/amwhisper/ros/workspace/roscar/build/can_control/install.log --single-version-externally-managed install_data
[1.312s] running egg_info
[1.313s] writing ../../build/can_control/can_control.egg-info/PKG-INFO
[1.314s] writing dependency_links to ../../build/can_control/can_control.egg-info/dependency_links.txt
[1.314s] writing entry points to ../../build/can_control/can_control.egg-info/entry_points.txt
[1.314s] writing requirements to ../../build/can_control/can_control.egg-info/requires.txt
[1.315s] writing top-level names to ../../build/can_control/can_control.egg-info/top_level.txt
[1.316s] reading manifest file '../../build/can_control/can_control.egg-info/SOURCES.txt'
[1.317s] writing manifest file '../../build/can_control/can_control.egg-info/SOURCES.txt'
[1.317s] running build
[1.317s] running build_py
[1.318s] copying can_control/can_control_node.py -> /home/amwhisper/ros/workspace/roscar/build/can_control/build/lib/can_control
[1.318s] running install
[1.318s] running install_lib
[1.318s] copying /home/amwhisper/ros/workspace/roscar/build/can_control/build/lib/can_control/can_control_node.py -> /home/amwhisper/ros/workspace/roscar/install/can_control/lib/python3.10/site-packages/can_control
[1.318s] byte-compiling /home/amwhisper/ros/workspace/roscar/install/can_control/lib/python3.10/site-packages/can_control/can_control_node.py to can_control_node.cpython-310.pyc
[1.319s] running install_data
[1.319s] copying package.xml -> /home/amwhisper/ros/workspace/roscar/install/can_control/share/can_control
[1.320s] running install_egg_info
[1.322s] removing '/home/amwhisper/ros/workspace/roscar/install/can_control/lib/python3.10/site-packages/can_control-0.0.0-py3.10.egg-info' (and everything under it)
[1.323s] Copying ../../build/can_control/can_control.egg-info to /home/amwhisper/ros/workspace/roscar/install/can_control/lib/python3.10/site-packages/can_control-0.0.0-py3.10.egg-info
[1.324s] running install_scripts
[1.343s] Installing can_control_node script to /home/amwhisper/ros/workspace/roscar/install/can_control/lib/can_control
[1.345s] writing list of installed files to '/home/amwhisper/ros/workspace/roscar/build/can_control/install.log'
[1.365s] Invoked command in '/home/amwhisper/ros/workspace/roscar/src/can_control' returned '0': AMENT_PREFIX_PATH=/home/amwhisper/ros/workspace/roscar/install/roscar_interfaces:${AMENT_PREFIX_PATH} CMAKE_PREFIX_PATH=/home/amwhisper/ros/workspace/roscar/install/roscar_interfaces LD_LIBRARY_PATH=/home/amwhisper/ros/workspace/roscar/install/roscar_interfaces/lib:${LD_LIBRARY_PATH} PYTHONPATH=/home/amwhisper/ros/workspace/roscar/build/can_control/prefix_override:/usr/lib/python3/dist-packages/colcon_core/task/python/colcon_distutils_commands:/home/amwhisper/ros/workspace/roscar/install/can_control/lib/python3.10/site-packages:/home/amwhisper/ros/workspace/roscar/install/roscar_interfaces/local/lib/python3.10/dist-packages:${PYTHONPATH} /usr/bin/python3 -W ignore:setup.py install is deprecated setup.py egg_info --egg-base ../../build/can_control build --build-base /home/amwhisper/ros/workspace/roscar/build/can_control/build install --record /home/amwhisper/ros/workspace/roscar/build/can_control/install.log --single-version-externally-managed install_data
