[0.085s] DEBUG:colcon:Command line arguments: ['/usr/bin/colcon', 'build']
[0.085s] DEBUG:colcon:Parsed command line arguments: Namespace(log_base=None, log_level=None, verb_name='build', build_base='build', install_base='install', merge_install=False, symlink_install=False, test_result_base=None, continue_on_error=False, executor='parallel', parallel_workers=6, event_handlers=None, ignore_user_meta=False, metas=['./colcon.meta'], base_paths=['.'], packages_ignore=None, packages_ignore_regex=None, paths=None, packages_up_to=None, packages_up_to_regex=None, packages_above=None, packages_above_and_dependencies=None, packages_above_depth=None, packages_select_by_dep=None, packages_skip_by_dep=None, packages_skip_up_to=None, packages_select_build_failed=False, packages_skip_build_finished=False, packages_select_test_failures=False, packages_skip_test_passed=False, packages_select=None, packages_skip=None, packages_select_regex=None, packages_skip_regex=None, packages_start=None, packages_end=None, allow_overriding=[], cmake_args=None, cmake_target=None, cmake_target_skip_unavailable=False, cmake_clean_cache=False, cmake_clean_first=False, cmake_force_configure=False, ament_cmake_args=None, catkin_cmake_args=None, catkin_skip_building_tests=False, verb_parser=<colcon_defaults.argument_parser.defaults.DefaultArgumentsDecorator object at 0x7dc5741741c0>, verb_extension=<colcon_core.verb.build.BuildVerb object at 0x7dc5742d99c0>, main=<bound method BuildVerb.main of <colcon_core.verb.build.BuildVerb object at 0x7dc5742d99c0>>)
[0.205s] Level 1:colcon.colcon_core.package_discovery:discover_packages(colcon_meta) check parameters
[0.206s] Level 1:colcon.colcon_core.package_discovery:discover_packages(recursive) check parameters
[0.206s] Level 1:colcon.colcon_core.package_discovery:discover_packages(ignore) check parameters
[0.206s] Level 1:colcon.colcon_core.package_discovery:discover_packages(path) check parameters
[0.206s] Level 1:colcon.colcon_core.package_discovery:discover_packages(colcon_meta) discover
[0.206s] Level 1:colcon.colcon_core.package_discovery:discover_packages(recursive) discover
[0.206s] INFO:colcon.colcon_core.package_discovery:Crawling recursively for packages in '/home/amwhisper/ros/workspace/roscar'
[0.206s] Level 1:colcon.colcon_core.package_identification:_identify(.) by extensions ['ignore', 'ignore_ament_install']
[0.206s] Level 1:colcon.colcon_core.package_identification:_identify(.) by extension 'ignore'
[0.206s] Level 1:colcon.colcon_core.package_identification:_identify(.) by extension 'ignore_ament_install'
[0.206s] Level 1:colcon.colcon_core.package_identification:_identify(.) by extensions ['colcon_pkg']
[0.206s] Level 1:colcon.colcon_core.package_identification:_identify(.) by extension 'colcon_pkg'
[0.206s] Level 1:colcon.colcon_core.package_identification:_identify(.) by extensions ['colcon_meta']
[0.206s] Level 1:colcon.colcon_core.package_identification:_identify(.) by extension 'colcon_meta'
[0.206s] Level 1:colcon.colcon_core.package_identification:_identify(.) by extensions ['ros']
[0.206s] Level 1:colcon.colcon_core.package_identification:_identify(.) by extension 'ros'
[0.216s] Level 1:colcon.colcon_core.package_identification:_identify(.) by extensions ['cmake', 'python']
[0.216s] Level 1:colcon.colcon_core.package_identification:_identify(.) by extension 'cmake'
[0.216s] Level 1:colcon.colcon_core.package_identification:_identify(.) by extension 'python'
[0.216s] Level 1:colcon.colcon_core.package_identification:_identify(.) by extensions ['python_setup_py']
[0.216s] Level 1:colcon.colcon_core.package_identification:_identify(.) by extension 'python_setup_py'
[0.216s] Level 1:colcon.colcon_core.package_identification:_identify(build) by extensions ['ignore', 'ignore_ament_install']
[0.216s] Level 1:colcon.colcon_core.package_identification:_identify(build) by extension 'ignore'
[0.216s] Level 1:colcon.colcon_core.package_identification:_identify(build) ignored
[0.216s] Level 1:colcon.colcon_core.package_identification:_identify(install) by extensions ['ignore', 'ignore_ament_install']
[0.217s] Level 1:colcon.colcon_core.package_identification:_identify(install) by extension 'ignore'
[0.217s] Level 1:colcon.colcon_core.package_identification:_identify(install) ignored
[0.217s] Level 1:colcon.colcon_core.package_identification:_identify(log) by extensions ['ignore', 'ignore_ament_install']
[0.217s] Level 1:colcon.colcon_core.package_identification:_identify(log) by extension 'ignore'
[0.217s] Level 1:colcon.colcon_core.package_identification:_identify(log) ignored
[0.217s] Level 1:colcon.colcon_core.package_identification:_identify(src) by extensions ['ignore', 'ignore_ament_install']
[0.217s] Level 1:colcon.colcon_core.package_identification:_identify(src) by extension 'ignore'
[0.217s] Level 1:colcon.colcon_core.package_identification:_identify(src) by extension 'ignore_ament_install'
[0.217s] Level 1:colcon.colcon_core.package_identification:_identify(src) by extensions ['colcon_pkg']
[0.217s] Level 1:colcon.colcon_core.package_identification:_identify(src) by extension 'colcon_pkg'
[0.217s] Level 1:colcon.colcon_core.package_identification:_identify(src) by extensions ['colcon_meta']
[0.217s] Level 1:colcon.colcon_core.package_identification:_identify(src) by extension 'colcon_meta'
[0.217s] Level 1:colcon.colcon_core.package_identification:_identify(src) by extensions ['ros']
[0.217s] Level 1:colcon.colcon_core.package_identification:_identify(src) by extension 'ros'
[0.217s] Level 1:colcon.colcon_core.package_identification:_identify(src) by extensions ['cmake', 'python']
[0.217s] Level 1:colcon.colcon_core.package_identification:_identify(src) by extension 'cmake'
[0.217s] Level 1:colcon.colcon_core.package_identification:_identify(src) by extension 'python'
[0.217s] Level 1:colcon.colcon_core.package_identification:_identify(src) by extensions ['python_setup_py']
[0.217s] Level 1:colcon.colcon_core.package_identification:_identify(src) by extension 'python_setup_py'
[0.217s] Level 1:colcon.colcon_core.package_identification:_identify(src/can_control) by extensions ['ignore', 'ignore_ament_install']
[0.218s] Level 1:colcon.colcon_core.package_identification:_identify(src/can_control) by extension 'ignore'
[0.218s] Level 1:colcon.colcon_core.package_identification:_identify(src/can_control) by extension 'ignore_ament_install'
[0.218s] Level 1:colcon.colcon_core.package_identification:_identify(src/can_control) by extensions ['colcon_pkg']
[0.218s] Level 1:colcon.colcon_core.package_identification:_identify(src/can_control) by extension 'colcon_pkg'
[0.218s] Level 1:colcon.colcon_core.package_identification:_identify(src/can_control) by extensions ['colcon_meta']
[0.218s] Level 1:colcon.colcon_core.package_identification:_identify(src/can_control) by extension 'colcon_meta'
[0.218s] Level 1:colcon.colcon_core.package_identification:_identify(src/can_control) by extensions ['ros']
[0.218s] Level 1:colcon.colcon_core.package_identification:_identify(src/can_control) by extension 'ros'
[0.220s] DEBUG:colcon.colcon_core.package_identification:Package 'src/can_control' with type 'ros.ament_python' and name 'can_control'
[0.220s] Level 1:colcon.colcon_core.package_identification:_identify(src/car_task) by extensions ['ignore', 'ignore_ament_install']
[0.220s] Level 1:colcon.colcon_core.package_identification:_identify(src/car_task) by extension 'ignore'
[0.220s] Level 1:colcon.colcon_core.package_identification:_identify(src/car_task) by extension 'ignore_ament_install'
[0.220s] Level 1:colcon.colcon_core.package_identification:_identify(src/car_task) by extensions ['colcon_pkg']
[0.220s] Level 1:colcon.colcon_core.package_identification:_identify(src/car_task) by extension 'colcon_pkg'
[0.220s] Level 1:colcon.colcon_core.package_identification:_identify(src/car_task) by extensions ['colcon_meta']
[0.220s] Level 1:colcon.colcon_core.package_identification:_identify(src/car_task) by extension 'colcon_meta'
[0.220s] Level 1:colcon.colcon_core.package_identification:_identify(src/car_task) by extensions ['ros']
[0.220s] Level 1:colcon.colcon_core.package_identification:_identify(src/car_task) by extension 'ros'
[0.221s] DEBUG:colcon.colcon_core.package_identification:Package 'src/car_task' with type 'ros.ament_python' and name 'car_task'
[0.221s] Level 1:colcon.colcon_core.package_identification:_identify(src/controller) by extensions ['ignore', 'ignore_ament_install']
[0.221s] Level 1:colcon.colcon_core.package_identification:_identify(src/controller) by extension 'ignore'
[0.221s] Level 1:colcon.colcon_core.package_identification:_identify(src/controller) by extension 'ignore_ament_install'
[0.221s] Level 1:colcon.colcon_core.package_identification:_identify(src/controller) by extensions ['colcon_pkg']
[0.221s] Level 1:colcon.colcon_core.package_identification:_identify(src/controller) by extension 'colcon_pkg'
[0.221s] Level 1:colcon.colcon_core.package_identification:_identify(src/controller) by extensions ['colcon_meta']
[0.221s] Level 1:colcon.colcon_core.package_identification:_identify(src/controller) by extension 'colcon_meta'
[0.221s] Level 1:colcon.colcon_core.package_identification:_identify(src/controller) by extensions ['ros']
[0.221s] Level 1:colcon.colcon_core.package_identification:_identify(src/controller) by extension 'ros'
[0.222s] DEBUG:colcon.colcon_core.package_identification:Package 'src/controller' with type 'ros.ament_python' and name 'controller'
[0.222s] Level 1:colcon.colcon_core.package_identification:_identify(src/roscar_interfaces) by extensions ['ignore', 'ignore_ament_install']
[0.222s] Level 1:colcon.colcon_core.package_identification:_identify(src/roscar_interfaces) by extension 'ignore'
[0.222s] Level 1:colcon.colcon_core.package_identification:_identify(src/roscar_interfaces) by extension 'ignore_ament_install'
[0.222s] Level 1:colcon.colcon_core.package_identification:_identify(src/roscar_interfaces) by extensions ['colcon_pkg']
[0.222s] Level 1:colcon.colcon_core.package_identification:_identify(src/roscar_interfaces) by extension 'colcon_pkg'
[0.222s] Level 1:colcon.colcon_core.package_identification:_identify(src/roscar_interfaces) by extensions ['colcon_meta']
[0.222s] Level 1:colcon.colcon_core.package_identification:_identify(src/roscar_interfaces) by extension 'colcon_meta'
[0.222s] Level 1:colcon.colcon_core.package_identification:_identify(src/roscar_interfaces) by extensions ['ros']
[0.222s] Level 1:colcon.colcon_core.package_identification:_identify(src/roscar_interfaces) by extension 'ros'
[0.223s] DEBUG:colcon.colcon_core.package_identification:Package 'src/roscar_interfaces' with type 'ros.ament_cmake' and name 'roscar_interfaces'
[0.223s] Level 1:colcon.colcon_core.package_discovery:discover_packages(recursive) using defaults
[0.223s] Level 1:colcon.colcon_core.package_discovery:discover_packages(ignore) discover
[0.223s] Level 1:colcon.colcon_core.package_discovery:discover_packages(ignore) using defaults
[0.223s] Level 1:colcon.colcon_core.package_discovery:discover_packages(path) discover
[0.223s] Level 1:colcon.colcon_core.package_discovery:discover_packages(path) using defaults
[0.240s] Level 1:colcon.colcon_core.package_discovery:discover_packages(prefix_path) check parameters
[0.240s] Level 1:colcon.colcon_core.package_discovery:discover_packages(prefix_path) discover
[0.241s] DEBUG:colcon.colcon_installed_package_information.package_discovery:Found 4 installed packages in /home/amwhisper/ros/workspace/roscar/install
[0.243s] DEBUG:colcon.colcon_installed_package_information.package_discovery:Found 270 installed packages in /opt/ros/humble
[0.252s] Level 1:colcon.colcon_core.package_discovery:discover_packages(prefix_path) using defaults
[0.279s] Level 5:colcon.colcon_core.verb:set package 'roscar_interfaces' build argument 'cmake_args' from command line to 'None'
[0.279s] Level 5:colcon.colcon_core.verb:set package 'roscar_interfaces' build argument 'cmake_target' from command line to 'None'
[0.279s] Level 5:colcon.colcon_core.verb:set package 'roscar_interfaces' build argument 'cmake_target_skip_unavailable' from command line to 'False'
[0.279s] Level 5:colcon.colcon_core.verb:set package 'roscar_interfaces' build argument 'cmake_clean_cache' from command line to 'False'
[0.279s] Level 5:colcon.colcon_core.verb:set package 'roscar_interfaces' build argument 'cmake_clean_first' from command line to 'False'
[0.279s] Level 5:colcon.colcon_core.verb:set package 'roscar_interfaces' build argument 'cmake_force_configure' from command line to 'False'
[0.279s] Level 5:colcon.colcon_core.verb:set package 'roscar_interfaces' build argument 'ament_cmake_args' from command line to 'None'
[0.279s] Level 5:colcon.colcon_core.verb:set package 'roscar_interfaces' build argument 'catkin_cmake_args' from command line to 'None'
[0.279s] Level 5:colcon.colcon_core.verb:set package 'roscar_interfaces' build argument 'catkin_skip_building_tests' from command line to 'False'
[0.279s] DEBUG:colcon.colcon_core.verb:Building package 'roscar_interfaces' with the following arguments: {'ament_cmake_args': None, 'build_base': '/home/amwhisper/ros/workspace/roscar/build/roscar_interfaces', 'catkin_cmake_args': None, 'catkin_skip_building_tests': False, 'cmake_args': None, 'cmake_clean_cache': False, 'cmake_clean_first': False, 'cmake_force_configure': False, 'cmake_target': None, 'cmake_target_skip_unavailable': False, 'install_base': '/home/amwhisper/ros/workspace/roscar/install/roscar_interfaces', 'merge_install': False, 'path': '/home/amwhisper/ros/workspace/roscar/src/roscar_interfaces', 'symlink_install': False, 'test_result_base': None}
[0.279s] Level 5:colcon.colcon_core.verb:set package 'can_control' build argument 'cmake_args' from command line to 'None'
[0.279s] Level 5:colcon.colcon_core.verb:set package 'can_control' build argument 'cmake_target' from command line to 'None'
[0.279s] Level 5:colcon.colcon_core.verb:set package 'can_control' build argument 'cmake_target_skip_unavailable' from command line to 'False'
[0.279s] Level 5:colcon.colcon_core.verb:set package 'can_control' build argument 'cmake_clean_cache' from command line to 'False'
[0.279s] Level 5:colcon.colcon_core.verb:set package 'can_control' build argument 'cmake_clean_first' from command line to 'False'
[0.279s] Level 5:colcon.colcon_core.verb:set package 'can_control' build argument 'cmake_force_configure' from command line to 'False'
[0.279s] Level 5:colcon.colcon_core.verb:set package 'can_control' build argument 'ament_cmake_args' from command line to 'None'
[0.279s] Level 5:colcon.colcon_core.verb:set package 'can_control' build argument 'catkin_cmake_args' from command line to 'None'
[0.279s] Level 5:colcon.colcon_core.verb:set package 'can_control' build argument 'catkin_skip_building_tests' from command line to 'False'
[0.279s] DEBUG:colcon.colcon_core.verb:Building package 'can_control' with the following arguments: {'ament_cmake_args': None, 'build_base': '/home/amwhisper/ros/workspace/roscar/build/can_control', 'catkin_cmake_args': None, 'catkin_skip_building_tests': False, 'cmake_args': None, 'cmake_clean_cache': False, 'cmake_clean_first': False, 'cmake_force_configure': False, 'cmake_target': None, 'cmake_target_skip_unavailable': False, 'install_base': '/home/amwhisper/ros/workspace/roscar/install/can_control', 'merge_install': False, 'path': '/home/amwhisper/ros/workspace/roscar/src/can_control', 'symlink_install': False, 'test_result_base': None}
[0.280s] Level 5:colcon.colcon_core.verb:set package 'car_task' build argument 'cmake_args' from command line to 'None'
[0.280s] Level 5:colcon.colcon_core.verb:set package 'car_task' build argument 'cmake_target' from command line to 'None'
[0.280s] Level 5:colcon.colcon_core.verb:set package 'car_task' build argument 'cmake_target_skip_unavailable' from command line to 'False'
[0.280s] Level 5:colcon.colcon_core.verb:set package 'car_task' build argument 'cmake_clean_cache' from command line to 'False'
[0.280s] Level 5:colcon.colcon_core.verb:set package 'car_task' build argument 'cmake_clean_first' from command line to 'False'
[0.280s] Level 5:colcon.colcon_core.verb:set package 'car_task' build argument 'cmake_force_configure' from command line to 'False'
[0.280s] Level 5:colcon.colcon_core.verb:set package 'car_task' build argument 'ament_cmake_args' from command line to 'None'
[0.280s] Level 5:colcon.colcon_core.verb:set package 'car_task' build argument 'catkin_cmake_args' from command line to 'None'
[0.280s] Level 5:colcon.colcon_core.verb:set package 'car_task' build argument 'catkin_skip_building_tests' from command line to 'False'
[0.280s] DEBUG:colcon.colcon_core.verb:Building package 'car_task' with the following arguments: {'ament_cmake_args': None, 'build_base': '/home/amwhisper/ros/workspace/roscar/build/car_task', 'catkin_cmake_args': None, 'catkin_skip_building_tests': False, 'cmake_args': None, 'cmake_clean_cache': False, 'cmake_clean_first': False, 'cmake_force_configure': False, 'cmake_target': None, 'cmake_target_skip_unavailable': False, 'install_base': '/home/amwhisper/ros/workspace/roscar/install/car_task', 'merge_install': False, 'path': '/home/amwhisper/ros/workspace/roscar/src/car_task', 'symlink_install': False, 'test_result_base': None}
[0.280s] Level 5:colcon.colcon_core.verb:set package 'controller' build argument 'cmake_args' from command line to 'None'
[0.280s] Level 5:colcon.colcon_core.verb:set package 'controller' build argument 'cmake_target' from command line to 'None'
[0.280s] Level 5:colcon.colcon_core.verb:set package 'controller' build argument 'cmake_target_skip_unavailable' from command line to 'False'
[0.280s] Level 5:colcon.colcon_core.verb:set package 'controller' build argument 'cmake_clean_cache' from command line to 'False'
[0.280s] Level 5:colcon.colcon_core.verb:set package 'controller' build argument 'cmake_clean_first' from command line to 'False'
[0.280s] Level 5:colcon.colcon_core.verb:set package 'controller' build argument 'cmake_force_configure' from command line to 'False'
[0.280s] Level 5:colcon.colcon_core.verb:set package 'controller' build argument 'ament_cmake_args' from command line to 'None'
[0.280s] Level 5:colcon.colcon_core.verb:set package 'controller' build argument 'catkin_cmake_args' from command line to 'None'
[0.280s] Level 5:colcon.colcon_core.verb:set package 'controller' build argument 'catkin_skip_building_tests' from command line to 'False'
[0.280s] DEBUG:colcon.colcon_core.verb:Building package 'controller' with the following arguments: {'ament_cmake_args': None, 'build_base': '/home/amwhisper/ros/workspace/roscar/build/controller', 'catkin_cmake_args': None, 'catkin_skip_building_tests': False, 'cmake_args': None, 'cmake_clean_cache': False, 'cmake_clean_first': False, 'cmake_force_configure': False, 'cmake_target': None, 'cmake_target_skip_unavailable': False, 'install_base': '/home/amwhisper/ros/workspace/roscar/install/controller', 'merge_install': False, 'path': '/home/amwhisper/ros/workspace/roscar/src/controller', 'symlink_install': False, 'test_result_base': None}
[0.280s] INFO:colcon.colcon_core.executor:Executing jobs using 'parallel' executor
[0.281s] DEBUG:colcon.colcon_parallel_executor.executor.parallel:run_until_complete
[0.282s] INFO:colcon.colcon_ros.task.ament_cmake.build:Building ROS package in '/home/amwhisper/ros/workspace/roscar/src/roscar_interfaces' with build type 'ament_cmake'
[0.282s] INFO:colcon.colcon_cmake.task.cmake.build:Building CMake package in '/home/amwhisper/ros/workspace/roscar/src/roscar_interfaces'
[0.284s] INFO:colcon.colcon_core.plugin_system:Skipping extension 'colcon_core.shell.bat': Not used on non-Windows systems
[0.284s] INFO:colcon.colcon_core.shell:Skip shell extension 'powershell' for command environment: Not usable outside of PowerShell
[0.284s] DEBUG:colcon.colcon_core.shell:Skip shell extension 'dsv' for command environment
[0.294s] DEBUG:colcon.colcon_core.event_handler.log_command:Invoking command in '/home/amwhisper/ros/workspace/roscar/build/roscar_interfaces': CMAKE_PREFIX_PATH=${CMAKE_PREFIX_PATH}:/home/amwhisper/ros/workspace/roscar/install/controller:/home/amwhisper/ros/workspace/roscar/install/car_task:/home/amwhisper/ros/workspace/roscar/install/can_control:/opt/ros/humble /usr/bin/cmake --build /home/amwhisper/ros/workspace/roscar/build/roscar_interfaces -- -j6 -l6
[0.629s] DEBUG:colcon.colcon_core.event_handler.log_command:Invoked command in '/home/amwhisper/ros/workspace/roscar/build/roscar_interfaces' returned '0': CMAKE_PREFIX_PATH=${CMAKE_PREFIX_PATH}:/home/amwhisper/ros/workspace/roscar/install/controller:/home/amwhisper/ros/workspace/roscar/install/car_task:/home/amwhisper/ros/workspace/roscar/install/can_control:/opt/ros/humble /usr/bin/cmake --build /home/amwhisper/ros/workspace/roscar/build/roscar_interfaces -- -j6 -l6
[0.820s] DEBUG:colcon.colcon_core.event_handler.log_command:Invoking command in '/home/amwhisper/ros/workspace/roscar/build/roscar_interfaces': CMAKE_PREFIX_PATH=${CMAKE_PREFIX_PATH}:/home/amwhisper/ros/workspace/roscar/install/controller:/home/amwhisper/ros/workspace/roscar/install/car_task:/home/amwhisper/ros/workspace/roscar/install/can_control:/opt/ros/humble /usr/bin/cmake --install /home/amwhisper/ros/workspace/roscar/build/roscar_interfaces
[0.874s] Level 1:colcon.colcon_core.environment:create_environment_scripts_only(roscar_interfaces)
[0.875s] DEBUG:colcon.colcon_core.event_handler.log_command:Invoked command in '/home/amwhisper/ros/workspace/roscar/build/roscar_interfaces' returned '0': CMAKE_PREFIX_PATH=${CMAKE_PREFIX_PATH}:/home/amwhisper/ros/workspace/roscar/install/controller:/home/amwhisper/ros/workspace/roscar/install/car_task:/home/amwhisper/ros/workspace/roscar/install/can_control:/opt/ros/humble /usr/bin/cmake --install /home/amwhisper/ros/workspace/roscar/build/roscar_interfaces
[0.876s] Level 1:colcon.colcon_core.environment:checking '/home/amwhisper/ros/workspace/roscar/install/roscar_interfaces' for CMake module files
[0.877s] Level 1:colcon.colcon_core.environment:checking '/home/amwhisper/ros/workspace/roscar/install/roscar_interfaces' for CMake config files
[0.877s] Level 1:colcon.colcon_core.shell:create_environment_hook('roscar_interfaces', 'cmake_prefix_path')
[0.877s] INFO:colcon.colcon_core.shell:Creating environment hook '/home/amwhisper/ros/workspace/roscar/install/roscar_interfaces/share/roscar_interfaces/hook/cmake_prefix_path.ps1'
[0.878s] INFO:colcon.colcon_core.shell:Creating environment descriptor '/home/amwhisper/ros/workspace/roscar/install/roscar_interfaces/share/roscar_interfaces/hook/cmake_prefix_path.dsv'
[0.879s] INFO:colcon.colcon_core.shell:Creating environment hook '/home/amwhisper/ros/workspace/roscar/install/roscar_interfaces/share/roscar_interfaces/hook/cmake_prefix_path.sh'
[0.880s] Level 1:colcon.colcon_core.environment:checking '/home/amwhisper/ros/workspace/roscar/install/roscar_interfaces/lib'
[0.880s] Level 1:colcon.colcon_core.shell:create_environment_hook('roscar_interfaces', 'ld_library_path_lib')
[0.880s] INFO:colcon.colcon_core.shell:Creating environment hook '/home/amwhisper/ros/workspace/roscar/install/roscar_interfaces/share/roscar_interfaces/hook/ld_library_path_lib.ps1'
[0.880s] INFO:colcon.colcon_core.shell:Creating environment descriptor '/home/amwhisper/ros/workspace/roscar/install/roscar_interfaces/share/roscar_interfaces/hook/ld_library_path_lib.dsv'
[0.881s] INFO:colcon.colcon_core.shell:Creating environment hook '/home/amwhisper/ros/workspace/roscar/install/roscar_interfaces/share/roscar_interfaces/hook/ld_library_path_lib.sh'
[0.881s] Level 1:colcon.colcon_core.environment:checking '/home/amwhisper/ros/workspace/roscar/install/roscar_interfaces/bin'
[0.881s] Level 1:colcon.colcon_core.environment:checking '/home/amwhisper/ros/workspace/roscar/install/roscar_interfaces/lib/pkgconfig/roscar_interfaces.pc'
[0.882s] Level 1:colcon.colcon_core.environment:checking '/home/amwhisper/ros/workspace/roscar/install/roscar_interfaces/lib/python3.10/site-packages'
[0.882s] Level 1:colcon.colcon_core.environment:checking '/home/amwhisper/ros/workspace/roscar/install/roscar_interfaces/bin'
[0.882s] INFO:colcon.colcon_core.shell:Creating package script '/home/amwhisper/ros/workspace/roscar/install/roscar_interfaces/share/roscar_interfaces/package.ps1'
[0.883s] INFO:colcon.colcon_core.shell:Creating package descriptor '/home/amwhisper/ros/workspace/roscar/install/roscar_interfaces/share/roscar_interfaces/package.dsv'
[0.884s] INFO:colcon.colcon_core.shell:Creating package script '/home/amwhisper/ros/workspace/roscar/install/roscar_interfaces/share/roscar_interfaces/package.sh'
[0.885s] INFO:colcon.colcon_core.shell:Creating package script '/home/amwhisper/ros/workspace/roscar/install/roscar_interfaces/share/roscar_interfaces/package.bash'
[0.885s] INFO:colcon.colcon_core.shell:Creating package script '/home/amwhisper/ros/workspace/roscar/install/roscar_interfaces/share/roscar_interfaces/package.zsh'
[0.886s] Level 1:colcon.colcon_core.environment:create_file_with_runtime_dependencies(/home/amwhisper/ros/workspace/roscar/install/roscar_interfaces/share/colcon-core/packages/roscar_interfaces)
[1.065s] Level 1:colcon.colcon_core.environment:create_environment_scripts_only(roscar_interfaces)
[1.065s] Level 1:colcon.colcon_core.environment:checking '/home/amwhisper/ros/workspace/roscar/install/roscar_interfaces' for CMake module files
[1.066s] Level 1:colcon.colcon_core.environment:checking '/home/amwhisper/ros/workspace/roscar/install/roscar_interfaces' for CMake config files
[1.066s] Level 1:colcon.colcon_core.shell:create_environment_hook('roscar_interfaces', 'cmake_prefix_path')
[1.066s] INFO:colcon.colcon_core.shell:Creating environment hook '/home/amwhisper/ros/workspace/roscar/install/roscar_interfaces/share/roscar_interfaces/hook/cmake_prefix_path.ps1'
[1.067s] INFO:colcon.colcon_core.shell:Creating environment descriptor '/home/amwhisper/ros/workspace/roscar/install/roscar_interfaces/share/roscar_interfaces/hook/cmake_prefix_path.dsv'
[1.068s] INFO:colcon.colcon_core.shell:Creating environment hook '/home/amwhisper/ros/workspace/roscar/install/roscar_interfaces/share/roscar_interfaces/hook/cmake_prefix_path.sh'
[1.068s] Level 1:colcon.colcon_core.environment:checking '/home/amwhisper/ros/workspace/roscar/install/roscar_interfaces/lib'
[1.068s] Level 1:colcon.colcon_core.shell:create_environment_hook('roscar_interfaces', 'ld_library_path_lib')
[1.069s] INFO:colcon.colcon_core.shell:Creating environment hook '/home/amwhisper/ros/workspace/roscar/install/roscar_interfaces/share/roscar_interfaces/hook/ld_library_path_lib.ps1'
[1.069s] INFO:colcon.colcon_core.shell:Creating environment descriptor '/home/amwhisper/ros/workspace/roscar/install/roscar_interfaces/share/roscar_interfaces/hook/ld_library_path_lib.dsv'
[1.070s] INFO:colcon.colcon_core.shell:Creating environment hook '/home/amwhisper/ros/workspace/roscar/install/roscar_interfaces/share/roscar_interfaces/hook/ld_library_path_lib.sh'
[1.070s] Level 1:colcon.colcon_core.environment:checking '/home/amwhisper/ros/workspace/roscar/install/roscar_interfaces/bin'
[1.070s] Level 1:colcon.colcon_core.environment:checking '/home/amwhisper/ros/workspace/roscar/install/roscar_interfaces/lib/pkgconfig/roscar_interfaces.pc'
[1.070s] Level 1:colcon.colcon_core.environment:checking '/home/amwhisper/ros/workspace/roscar/install/roscar_interfaces/lib/python3.10/site-packages'
[1.071s] Level 1:colcon.colcon_core.environment:checking '/home/amwhisper/ros/workspace/roscar/install/roscar_interfaces/bin'
[1.071s] INFO:colcon.colcon_core.shell:Creating package script '/home/amwhisper/ros/workspace/roscar/install/roscar_interfaces/share/roscar_interfaces/package.ps1'
[1.072s] INFO:colcon.colcon_core.shell:Creating package descriptor '/home/amwhisper/ros/workspace/roscar/install/roscar_interfaces/share/roscar_interfaces/package.dsv'
[1.072s] INFO:colcon.colcon_core.shell:Creating package script '/home/amwhisper/ros/workspace/roscar/install/roscar_interfaces/share/roscar_interfaces/package.sh'
[1.073s] INFO:colcon.colcon_core.shell:Creating package script '/home/amwhisper/ros/workspace/roscar/install/roscar_interfaces/share/roscar_interfaces/package.bash'
[1.073s] INFO:colcon.colcon_core.shell:Creating package script '/home/amwhisper/ros/workspace/roscar/install/roscar_interfaces/share/roscar_interfaces/package.zsh'
[1.074s] Level 1:colcon.colcon_core.environment:create_file_with_runtime_dependencies(/home/amwhisper/ros/workspace/roscar/install/roscar_interfaces/share/colcon-core/packages/roscar_interfaces)
[1.074s] INFO:colcon.colcon_ros.task.ament_python.build:Building ROS package in '/home/amwhisper/ros/workspace/roscar/src/can_control' with build type 'ament_python'
[1.075s] Level 1:colcon.colcon_core.shell:create_environment_hook('can_control', 'ament_prefix_path')
[1.075s] INFO:colcon.colcon_core.shell:Creating environment hook '/home/amwhisper/ros/workspace/roscar/install/can_control/share/can_control/hook/ament_prefix_path.ps1'
[1.076s] INFO:colcon.colcon_core.shell:Creating environment descriptor '/home/amwhisper/ros/workspace/roscar/install/can_control/share/can_control/hook/ament_prefix_path.dsv'
[1.077s] INFO:colcon.colcon_core.shell:Creating environment hook '/home/amwhisper/ros/workspace/roscar/install/can_control/share/can_control/hook/ament_prefix_path.sh'
[1.077s] INFO:colcon.colcon_core.shell:Skip shell extension 'powershell' for command environment: Not usable outside of PowerShell
[1.077s] DEBUG:colcon.colcon_core.shell:Skip shell extension 'dsv' for command environment
[1.081s] INFO:colcon.colcon_ros.task.ament_python.build:Building ROS package in '/home/amwhisper/ros/workspace/roscar/src/car_task' with build type 'ament_python'
[1.081s] Level 1:colcon.colcon_core.shell:create_environment_hook('car_task', 'ament_prefix_path')
[1.081s] INFO:colcon.colcon_core.shell:Creating environment hook '/home/amwhisper/ros/workspace/roscar/install/car_task/share/car_task/hook/ament_prefix_path.ps1'
[1.082s] INFO:colcon.colcon_core.shell:Creating environment descriptor '/home/amwhisper/ros/workspace/roscar/install/car_task/share/car_task/hook/ament_prefix_path.dsv'
[1.082s] INFO:colcon.colcon_core.shell:Creating environment hook '/home/amwhisper/ros/workspace/roscar/install/car_task/share/car_task/hook/ament_prefix_path.sh'
[1.083s] INFO:colcon.colcon_core.shell:Skip shell extension 'powershell' for command environment: Not usable outside of PowerShell
[1.083s] DEBUG:colcon.colcon_core.shell:Skip shell extension 'dsv' for command environment
[1.087s] INFO:colcon.colcon_ros.task.ament_python.build:Building ROS package in '/home/amwhisper/ros/workspace/roscar/src/controller' with build type 'ament_python'
[1.087s] Level 1:colcon.colcon_core.shell:create_environment_hook('controller', 'ament_prefix_path')
[1.087s] INFO:colcon.colcon_core.shell:Creating environment hook '/home/amwhisper/ros/workspace/roscar/install/controller/share/controller/hook/ament_prefix_path.ps1'
[1.089s] INFO:colcon.colcon_core.shell:Creating environment descriptor '/home/amwhisper/ros/workspace/roscar/install/controller/share/controller/hook/ament_prefix_path.dsv'
[1.090s] INFO:colcon.colcon_core.shell:Creating environment hook '/home/amwhisper/ros/workspace/roscar/install/controller/share/controller/hook/ament_prefix_path.sh'
[1.090s] INFO:colcon.colcon_core.shell:Skip shell extension 'powershell' for command environment: Not usable outside of PowerShell
[1.090s] DEBUG:colcon.colcon_core.shell:Skip shell extension 'dsv' for command environment
[1.304s] INFO:colcon.colcon_core.task.python.build:Building Python package in '/home/amwhisper/ros/workspace/roscar/src/can_control'
[1.305s] INFO:colcon.colcon_core.shell:Skip shell extension 'powershell' for command environment: Not usable outside of PowerShell
[1.305s] DEBUG:colcon.colcon_core.shell:Skip shell extension 'dsv' for command environment
[1.517s] INFO:colcon.colcon_core.task.python.build:Building Python package in '/home/amwhisper/ros/workspace/roscar/src/car_task'
[1.517s] INFO:colcon.colcon_core.shell:Skip shell extension 'powershell' for command environment: Not usable outside of PowerShell
[1.517s] DEBUG:colcon.colcon_core.shell:Skip shell extension 'dsv' for command environment
[1.729s] INFO:colcon.colcon_core.task.python.build:Building Python package in '/home/amwhisper/ros/workspace/roscar/src/controller'
[1.730s] INFO:colcon.colcon_core.shell:Skip shell extension 'powershell' for command environment: Not usable outside of PowerShell
[1.730s] DEBUG:colcon.colcon_core.shell:Skip shell extension 'dsv' for command environment
[1.995s] DEBUG:colcon.colcon_core.event_handler.log_command:Invoking command in '/home/amwhisper/ros/workspace/roscar/src/can_control': PYTHONPATH=/home/amwhisper/ros/workspace/roscar/build/can_control/prefix_override:/usr/lib/python3/dist-packages/colcon_core/task/python/colcon_distutils_commands:/home/amwhisper/ros/workspace/roscar/install/can_control/lib/python3.10/site-packages:${PYTHONPATH} /usr/bin/python3 -W ignore:setup.py install is deprecated setup.py egg_info --egg-base ../../build/can_control build --build-base /home/amwhisper/ros/workspace/roscar/build/can_control/build install --record /home/amwhisper/ros/workspace/roscar/build/can_control/install.log --single-version-externally-managed install_data
[2.004s] DEBUG:colcon.colcon_core.event_handler.log_command:Invoking command in '/home/amwhisper/ros/workspace/roscar/src/controller': PYTHONPATH=/home/amwhisper/ros/workspace/roscar/build/controller/prefix_override:/usr/lib/python3/dist-packages/colcon_core/task/python/colcon_distutils_commands:/home/amwhisper/ros/workspace/roscar/install/controller/lib/python3.10/site-packages:${PYTHONPATH} /usr/bin/python3 -W ignore:setup.py install is deprecated setup.py egg_info --egg-base ../../build/controller build --build-base /home/amwhisper/ros/workspace/roscar/build/controller/build install --record /home/amwhisper/ros/workspace/roscar/build/controller/install.log --single-version-externally-managed install_data
[2.010s] DEBUG:colcon.colcon_core.event_handler.log_command:Invoking command in '/home/amwhisper/ros/workspace/roscar/src/car_task': PYTHONPATH=/home/amwhisper/ros/workspace/roscar/build/car_task/prefix_override:/usr/lib/python3/dist-packages/colcon_core/task/python/colcon_distutils_commands:/home/amwhisper/ros/workspace/roscar/install/car_task/lib/python3.10/site-packages:${PYTHONPATH} /usr/bin/python3 -W ignore:setup.py install is deprecated setup.py egg_info --egg-base ../../build/car_task build --build-base /home/amwhisper/ros/workspace/roscar/build/car_task/build install --record /home/amwhisper/ros/workspace/roscar/build/car_task/install.log --single-version-externally-managed install_data
[2.229s] Level 1:colcon.colcon_core.environment:checking '/home/amwhisper/ros/workspace/roscar/install/can_control' for CMake module files
[2.229s] DEBUG:colcon.colcon_core.event_handler.log_command:Invoked command in '/home/amwhisper/ros/workspace/roscar/src/can_control' returned '0': PYTHONPATH=/home/amwhisper/ros/workspace/roscar/build/can_control/prefix_override:/usr/lib/python3/dist-packages/colcon_core/task/python/colcon_distutils_commands:/home/amwhisper/ros/workspace/roscar/install/can_control/lib/python3.10/site-packages:${PYTHONPATH} /usr/bin/python3 -W ignore:setup.py install is deprecated setup.py egg_info --egg-base ../../build/can_control build --build-base /home/amwhisper/ros/workspace/roscar/build/can_control/build install --record /home/amwhisper/ros/workspace/roscar/build/can_control/install.log --single-version-externally-managed install_data
[2.230s] Level 1:colcon.colcon_core.environment:checking '/home/amwhisper/ros/workspace/roscar/install/can_control' for CMake config files
[2.230s] Level 1:colcon.colcon_core.environment:checking '/home/amwhisper/ros/workspace/roscar/install/can_control/lib'
[2.230s] Level 1:colcon.colcon_core.environment:checking '/home/amwhisper/ros/workspace/roscar/install/can_control/bin'
[2.230s] Level 1:colcon.colcon_core.environment:checking '/home/amwhisper/ros/workspace/roscar/install/can_control/lib/pkgconfig/can_control.pc'
[2.231s] Level 1:colcon.colcon_core.environment:checking '/home/amwhisper/ros/workspace/roscar/install/can_control/lib/python3.10/site-packages'
[2.231s] Level 1:colcon.colcon_core.shell:create_environment_hook('can_control', 'pythonpath')
[2.231s] INFO:colcon.colcon_core.shell:Creating environment hook '/home/amwhisper/ros/workspace/roscar/install/can_control/share/can_control/hook/pythonpath.ps1'
[2.232s] INFO:colcon.colcon_core.shell:Creating environment descriptor '/home/amwhisper/ros/workspace/roscar/install/can_control/share/can_control/hook/pythonpath.dsv'
[2.232s] INFO:colcon.colcon_core.shell:Creating environment hook '/home/amwhisper/ros/workspace/roscar/install/can_control/share/can_control/hook/pythonpath.sh'
[2.233s] Level 1:colcon.colcon_core.environment:checking '/home/amwhisper/ros/workspace/roscar/install/can_control/bin'
[2.233s] Level 1:colcon.colcon_core.environment:create_environment_scripts_only(can_control)
[2.233s] INFO:colcon.colcon_core.shell:Creating package script '/home/amwhisper/ros/workspace/roscar/install/can_control/share/can_control/package.ps1'
[2.234s] INFO:colcon.colcon_core.shell:Creating package descriptor '/home/amwhisper/ros/workspace/roscar/install/can_control/share/can_control/package.dsv'
[2.235s] INFO:colcon.colcon_core.shell:Creating package script '/home/amwhisper/ros/workspace/roscar/install/can_control/share/can_control/package.sh'
[2.235s] INFO:colcon.colcon_core.shell:Creating package script '/home/amwhisper/ros/workspace/roscar/install/can_control/share/can_control/package.bash'
[2.236s] INFO:colcon.colcon_core.shell:Creating package script '/home/amwhisper/ros/workspace/roscar/install/can_control/share/can_control/package.zsh'
[2.236s] Level 1:colcon.colcon_core.environment:create_file_with_runtime_dependencies(/home/amwhisper/ros/workspace/roscar/install/can_control/share/colcon-core/packages/can_control)
[2.238s] Level 1:colcon.colcon_core.environment:checking '/home/amwhisper/ros/workspace/roscar/install/controller' for CMake module files
[2.238s] DEBUG:colcon.colcon_core.event_handler.log_command:Invoked command in '/home/amwhisper/ros/workspace/roscar/src/controller' returned '0': PYTHONPATH=/home/amwhisper/ros/workspace/roscar/build/controller/prefix_override:/usr/lib/python3/dist-packages/colcon_core/task/python/colcon_distutils_commands:/home/amwhisper/ros/workspace/roscar/install/controller/lib/python3.10/site-packages:${PYTHONPATH} /usr/bin/python3 -W ignore:setup.py install is deprecated setup.py egg_info --egg-base ../../build/controller build --build-base /home/amwhisper/ros/workspace/roscar/build/controller/build install --record /home/amwhisper/ros/workspace/roscar/build/controller/install.log --single-version-externally-managed install_data
[2.239s] Level 1:colcon.colcon_core.environment:checking '/home/amwhisper/ros/workspace/roscar/install/controller' for CMake config files
[2.240s] Level 1:colcon.colcon_core.environment:checking '/home/amwhisper/ros/workspace/roscar/install/controller/lib'
[2.240s] Level 1:colcon.colcon_core.environment:checking '/home/amwhisper/ros/workspace/roscar/install/controller/bin'
[2.240s] Level 1:colcon.colcon_core.environment:checking '/home/amwhisper/ros/workspace/roscar/install/controller/lib/pkgconfig/controller.pc'
[2.240s] Level 1:colcon.colcon_core.environment:checking '/home/amwhisper/ros/workspace/roscar/install/controller/lib/python3.10/site-packages'
[2.241s] Level 1:colcon.colcon_core.shell:create_environment_hook('controller', 'pythonpath')
[2.241s] INFO:colcon.colcon_core.shell:Creating environment hook '/home/amwhisper/ros/workspace/roscar/install/controller/share/controller/hook/pythonpath.ps1'
[2.241s] INFO:colcon.colcon_core.shell:Creating environment descriptor '/home/amwhisper/ros/workspace/roscar/install/controller/share/controller/hook/pythonpath.dsv'
[2.242s] INFO:colcon.colcon_core.shell:Creating environment hook '/home/amwhisper/ros/workspace/roscar/install/controller/share/controller/hook/pythonpath.sh'
[2.242s] Level 1:colcon.colcon_core.environment:checking '/home/amwhisper/ros/workspace/roscar/install/controller/bin'
[2.243s] Level 1:colcon.colcon_core.environment:create_environment_scripts_only(controller)
[2.243s] INFO:colcon.colcon_core.shell:Creating package script '/home/amwhisper/ros/workspace/roscar/install/controller/share/controller/package.ps1'
[2.243s] INFO:colcon.colcon_core.shell:Creating package descriptor '/home/amwhisper/ros/workspace/roscar/install/controller/share/controller/package.dsv'
[2.244s] INFO:colcon.colcon_core.shell:Creating package script '/home/amwhisper/ros/workspace/roscar/install/controller/share/controller/package.sh'
[2.244s] INFO:colcon.colcon_core.shell:Creating package script '/home/amwhisper/ros/workspace/roscar/install/controller/share/controller/package.bash'
[2.245s] INFO:colcon.colcon_core.shell:Creating package script '/home/amwhisper/ros/workspace/roscar/install/controller/share/controller/package.zsh'
[2.245s] Level 1:colcon.colcon_core.environment:create_file_with_runtime_dependencies(/home/amwhisper/ros/workspace/roscar/install/controller/share/colcon-core/packages/controller)
[2.264s] Level 1:colcon.colcon_core.environment:checking '/home/amwhisper/ros/workspace/roscar/install/car_task' for CMake module files
[2.264s] DEBUG:colcon.colcon_core.event_handler.log_command:Invoked command in '/home/amwhisper/ros/workspace/roscar/src/car_task' returned '0': PYTHONPATH=/home/amwhisper/ros/workspace/roscar/build/car_task/prefix_override:/usr/lib/python3/dist-packages/colcon_core/task/python/colcon_distutils_commands:/home/amwhisper/ros/workspace/roscar/install/car_task/lib/python3.10/site-packages:${PYTHONPATH} /usr/bin/python3 -W ignore:setup.py install is deprecated setup.py egg_info --egg-base ../../build/car_task build --build-base /home/amwhisper/ros/workspace/roscar/build/car_task/build install --record /home/amwhisper/ros/workspace/roscar/build/car_task/install.log --single-version-externally-managed install_data
[2.265s] Level 1:colcon.colcon_core.environment:checking '/home/amwhisper/ros/workspace/roscar/install/car_task' for CMake config files
[2.266s] Level 1:colcon.colcon_core.environment:checking '/home/amwhisper/ros/workspace/roscar/install/car_task/lib'
[2.266s] Level 1:colcon.colcon_core.environment:checking '/home/amwhisper/ros/workspace/roscar/install/car_task/bin'
[2.266s] Level 1:colcon.colcon_core.environment:checking '/home/amwhisper/ros/workspace/roscar/install/car_task/lib/pkgconfig/car_task.pc'
[2.266s] Level 1:colcon.colcon_core.environment:checking '/home/amwhisper/ros/workspace/roscar/install/car_task/lib/python3.10/site-packages'
[2.266s] Level 1:colcon.colcon_core.shell:create_environment_hook('car_task', 'pythonpath')
[2.267s] INFO:colcon.colcon_core.shell:Creating environment hook '/home/amwhisper/ros/workspace/roscar/install/car_task/share/car_task/hook/pythonpath.ps1'
[2.267s] INFO:colcon.colcon_core.shell:Creating environment descriptor '/home/amwhisper/ros/workspace/roscar/install/car_task/share/car_task/hook/pythonpath.dsv'
[2.268s] INFO:colcon.colcon_core.shell:Creating environment hook '/home/amwhisper/ros/workspace/roscar/install/car_task/share/car_task/hook/pythonpath.sh'
[2.268s] Level 1:colcon.colcon_core.environment:checking '/home/amwhisper/ros/workspace/roscar/install/car_task/bin'
[2.268s] Level 1:colcon.colcon_core.environment:create_environment_scripts_only(car_task)
[2.269s] INFO:colcon.colcon_core.shell:Creating package script '/home/amwhisper/ros/workspace/roscar/install/car_task/share/car_task/package.ps1'
[2.269s] INFO:colcon.colcon_core.shell:Creating package descriptor '/home/amwhisper/ros/workspace/roscar/install/car_task/share/car_task/package.dsv'
[2.270s] INFO:colcon.colcon_core.shell:Creating package script '/home/amwhisper/ros/workspace/roscar/install/car_task/share/car_task/package.sh'
[2.270s] INFO:colcon.colcon_core.shell:Creating package script '/home/amwhisper/ros/workspace/roscar/install/car_task/share/car_task/package.bash'
[2.271s] INFO:colcon.colcon_core.shell:Creating package script '/home/amwhisper/ros/workspace/roscar/install/car_task/share/car_task/package.zsh'
[2.271s] Level 1:colcon.colcon_core.environment:create_file_with_runtime_dependencies(/home/amwhisper/ros/workspace/roscar/install/car_task/share/colcon-core/packages/car_task)
[2.272s] DEBUG:colcon.colcon_parallel_executor.executor.parallel:closing loop
[2.272s] DEBUG:colcon.colcon_parallel_executor.executor.parallel:loop closed
[2.273s] DEBUG:colcon.colcon_parallel_executor.executor.parallel:run_until_complete finished with '0'
[2.273s] DEBUG:colcon.colcon_core.event_reactor:joining thread
[2.279s] INFO:colcon.colcon_core.plugin_system:Skipping extension 'colcon_notification.desktop_notification.terminal_notifier': Not used on non-Darwin systems
[2.279s] INFO:colcon.colcon_core.plugin_system:Skipping extension 'colcon_notification.desktop_notification.win32': Not used on non-Windows systems
[2.279s] INFO:colcon.colcon_notification.desktop_notification:Sending desktop notification using 'notify2'
[2.292s] DEBUG:colcon.colcon_core.event_reactor:joined thread
[2.292s] INFO:colcon.colcon_core.shell:Creating prefix script '/home/amwhisper/ros/workspace/roscar/install/local_setup.ps1'
[2.293s] INFO:colcon.colcon_core.shell:Creating prefix util module '/home/amwhisper/ros/workspace/roscar/install/_local_setup_util_ps1.py'
[2.295s] INFO:colcon.colcon_core.shell:Creating prefix chain script '/home/amwhisper/ros/workspace/roscar/install/setup.ps1'
[2.296s] INFO:colcon.colcon_core.shell:Creating prefix script '/home/amwhisper/ros/workspace/roscar/install/local_setup.sh'
[2.297s] INFO:colcon.colcon_core.shell:Creating prefix util module '/home/amwhisper/ros/workspace/roscar/install/_local_setup_util_sh.py'
[2.297s] INFO:colcon.colcon_core.shell:Creating prefix chain script '/home/amwhisper/ros/workspace/roscar/install/setup.sh'
[2.299s] INFO:colcon.colcon_core.shell:Creating prefix script '/home/amwhisper/ros/workspace/roscar/install/local_setup.bash'
[2.299s] INFO:colcon.colcon_core.shell:Creating prefix chain script '/home/amwhisper/ros/workspace/roscar/install/setup.bash'
[2.301s] INFO:colcon.colcon_core.shell:Creating prefix script '/home/amwhisper/ros/workspace/roscar/install/local_setup.zsh'
[2.302s] INFO:colcon.colcon_core.shell:Creating prefix chain script '/home/amwhisper/ros/workspace/roscar/install/setup.zsh'
