[0.990s] Invoking command in '/home/amwhisper/ros/workspace/roscar/src/can_control': PYTHONPATH=/home/amwhisper/ros/workspace/roscar/build/can_control/prefix_override:/usr/lib/python3/dist-packages/colcon_core/task/python/colcon_distutils_commands:/home/amwhisper/ros/workspace/roscar/install/can_control/lib/python3.10/site-packages:${PYTHONPATH} /usr/bin/python3 -W ignore:setup.py install is deprecated setup.py egg_info --egg-base ../../build/can_control build --build-base /home/amwhisper/ros/workspace/roscar/build/can_control/build install --record /home/amwhisper/ros/workspace/roscar/build/can_control/install.log --single-version-externally-managed install_data
[1.168s] running egg_info
[1.169s] writing ../../build/can_control/can_control.egg-info/PKG-INFO
[1.170s] writing dependency_links to ../../build/can_control/can_control.egg-info/dependency_links.txt
[1.170s] writing entry points to ../../build/can_control/can_control.egg-info/entry_points.txt
[1.170s] writing requirements to ../../build/can_control/can_control.egg-info/requires.txt
[1.170s] writing top-level names to ../../build/can_control/can_control.egg-info/top_level.txt
[1.171s] reading manifest file '../../build/can_control/can_control.egg-info/SOURCES.txt'
[1.171s] writing manifest file '../../build/can_control/can_control.egg-info/SOURCES.txt'
[1.171s] running build
[1.172s] running build_py
[1.173s] running install
[1.173s] running install_lib
[1.173s] running install_data
[1.174s] running install_egg_info
[1.176s] removing '/home/amwhisper/ros/workspace/roscar/install/can_control/lib/python3.10/site-packages/can_control-0.0.0-py3.10.egg-info' (and everything under it)
[1.176s] Copying ../../build/can_control/can_control.egg-info to /home/amwhisper/ros/workspace/roscar/install/can_control/lib/python3.10/site-packages/can_control-0.0.0-py3.10.egg-info
[1.176s] running install_scripts
[1.193s] Installing can_control_node script to /home/amwhisper/ros/workspace/roscar/install/can_control/lib/can_control
[1.194s] writing list of installed files to '/home/amwhisper/ros/workspace/roscar/build/can_control/install.log'
[1.213s] Invoked command in '/home/amwhisper/ros/workspace/roscar/src/can_control' returned '0': PYTHONPATH=/home/amwhisper/ros/workspace/roscar/build/can_control/prefix_override:/usr/lib/python3/dist-packages/colcon_core/task/python/colcon_distutils_commands:/home/amwhisper/ros/workspace/roscar/install/can_control/lib/python3.10/site-packages:${PYTHONPATH} /usr/bin/python3 -W ignore:setup.py install is deprecated setup.py egg_info --egg-base ../../build/can_control build --build-base /home/amwhisper/ros/workspace/roscar/build/can_control/build install --record /home/amwhisper/ros/workspace/roscar/build/can_control/install.log --single-version-externally-managed install_data
