running egg_info
creating ../../build/car_task/car_task.egg-info
writing ../../build/car_task/car_task.egg-info/PKG-INFO
writing dependency_links to ../../build/car_task/car_task.egg-info/dependency_links.txt
writing entry points to ../../build/car_task/car_task.egg-info/entry_points.txt
writing requirements to ../../build/car_task/car_task.egg-info/requires.txt
writing top-level names to ../../build/car_task/car_task.egg-info/top_level.txt
writing manifest file '../../build/car_task/car_task.egg-info/SOURCES.txt'
reading manifest file '../../build/car_task/car_task.egg-info/SOURCES.txt'
writing manifest file '../../build/car_task/car_task.egg-info/SOURCES.txt'
running build
running build_py
creating /home/amwhisper/ros/workspace/roscar/build/car_task/build
creating /home/amwhisper/ros/workspace/roscar/build/car_task/build/lib
creating /home/amwhisper/ros/workspace/roscar/build/car_task/build/lib/car_task
copying car_task/PID.py -> /home/amwhisper/ros/workspace/roscar/build/car_task/build/lib/car_task
copying car_task/__init__.py -> /home/amwhisper/ros/workspace/roscar/build/car_task/build/lib/car_task
copying car_task/chassis.py -> /home/amwhisper/ros/workspace/roscar/build/car_task/build/lib/car_task
copying car_task/controller.py -> /home/amwhisper/ros/workspace/roscar/build/car_task/build/lib/car_task
running install
running install_lib
creating /home/amwhisper/ros/workspace/roscar/install/car_task/lib/python3.10/site-packages/car_task
copying /home/amwhisper/ros/workspace/roscar/build/car_task/build/lib/car_task/PID.py -> /home/amwhisper/ros/workspace/roscar/install/car_task/lib/python3.10/site-packages/car_task
copying /home/amwhisper/ros/workspace/roscar/build/car_task/build/lib/car_task/__init__.py -> /home/amwhisper/ros/workspace/roscar/install/car_task/lib/python3.10/site-packages/car_task
copying /home/amwhisper/ros/workspace/roscar/build/car_task/build/lib/car_task/chassis.py -> /home/amwhisper/ros/workspace/roscar/install/car_task/lib/python3.10/site-packages/car_task
copying /home/amwhisper/ros/workspace/roscar/build/car_task/build/lib/car_task/controller.py -> /home/amwhisper/ros/workspace/roscar/install/car_task/lib/python3.10/site-packages/car_task
byte-compiling /home/amwhisper/ros/workspace/roscar/install/car_task/lib/python3.10/site-packages/car_task/PID.py to PID.cpython-310.pyc
byte-compiling /home/amwhisper/ros/workspace/roscar/install/car_task/lib/python3.10/site-packages/car_task/__init__.py to __init__.cpython-310.pyc
byte-compiling /home/amwhisper/ros/workspace/roscar/install/car_task/lib/python3.10/site-packages/car_task/chassis.py to chassis.cpython-310.pyc
byte-compiling /home/amwhisper/ros/workspace/roscar/install/car_task/lib/python3.10/site-packages/car_task/controller.py to controller.cpython-310.pyc
running install_data
creating /home/amwhisper/ros/workspace/roscar/install/car_task/share/ament_index
creating /home/amwhisper/ros/workspace/roscar/install/car_task/share/ament_index/resource_index
creating /home/amwhisper/ros/workspace/roscar/install/car_task/share/ament_index/resource_index/packages
copying resource/car_task -> /home/amwhisper/ros/workspace/roscar/install/car_task/share/ament_index/resource_index/packages
copying package.xml -> /home/amwhisper/ros/workspace/roscar/install/car_task/share/car_task
running install_egg_info
Copying ../../build/car_task/car_task.egg-info to /home/amwhisper/ros/workspace/roscar/install/car_task/lib/python3.10/site-packages/car_task-0.0.0-py3.10.egg-info
running install_scripts
writing list of installed files to '/home/amwhisper/ros/workspace/roscar/build/car_task/install.log'
