[0.885s] Invoking command in '/home/amwhisper/ros/workspace/roscar/src/car_task': PYTHONPATH=/home/amwhisper/ros/workspace/roscar/build/car_task/prefix_override:/usr/lib/python3/dist-packages/colcon_core/task/python/colcon_distutils_commands:/home/amwhisper/ros/workspace/roscar/install/car_task/lib/python3.10/site-packages:${PYTHONPATH} /usr/bin/python3 -W ignore:setup.py install is deprecated setup.py egg_info --egg-base ../../build/car_task build --build-base /home/amwhisper/ros/workspace/roscar/build/car_task/build install --record /home/amwhisper/ros/workspace/roscar/build/car_task/install.log --single-version-externally-managed install_data
[1.067s] running egg_info
[1.067s] creating ../../build/car_task/car_task.egg-info
[1.067s] writing ../../build/car_task/car_task.egg-info/PKG-INFO
[1.069s] writing dependency_links to ../../build/car_task/car_task.egg-info/dependency_links.txt
[1.069s] writing entry points to ../../build/car_task/car_task.egg-info/entry_points.txt
[1.069s] writing requirements to ../../build/car_task/car_task.egg-info/requires.txt
[1.069s] writing top-level names to ../../build/car_task/car_task.egg-info/top_level.txt
[1.069s] writing manifest file '../../build/car_task/car_task.egg-info/SOURCES.txt'
[1.072s] reading manifest file '../../build/car_task/car_task.egg-info/SOURCES.txt'
[1.072s] writing manifest file '../../build/car_task/car_task.egg-info/SOURCES.txt'
[1.072s] running build
[1.072s] running build_py
[1.072s] creating /home/amwhisper/ros/workspace/roscar/build/car_task/build
[1.072s] creating /home/amwhisper/ros/workspace/roscar/build/car_task/build/lib
[1.072s] creating /home/amwhisper/ros/workspace/roscar/build/car_task/build/lib/car_task
[1.072s] copying car_task/PID.py -> /home/amwhisper/ros/workspace/roscar/build/car_task/build/lib/car_task
[1.072s] copying car_task/__init__.py -> /home/amwhisper/ros/workspace/roscar/build/car_task/build/lib/car_task
[1.073s] copying car_task/chassis.py -> /home/amwhisper/ros/workspace/roscar/build/car_task/build/lib/car_task
[1.073s] copying car_task/controller.py -> /home/amwhisper/ros/workspace/roscar/build/car_task/build/lib/car_task
[1.073s] running install
[1.073s] running install_lib
[1.073s] creating /home/amwhisper/ros/workspace/roscar/install/car_task/lib/python3.10/site-packages/car_task
[1.073s] copying /home/amwhisper/ros/workspace/roscar/build/car_task/build/lib/car_task/PID.py -> /home/amwhisper/ros/workspace/roscar/install/car_task/lib/python3.10/site-packages/car_task
[1.073s] copying /home/amwhisper/ros/workspace/roscar/build/car_task/build/lib/car_task/__init__.py -> /home/amwhisper/ros/workspace/roscar/install/car_task/lib/python3.10/site-packages/car_task
[1.073s] copying /home/amwhisper/ros/workspace/roscar/build/car_task/build/lib/car_task/chassis.py -> /home/amwhisper/ros/workspace/roscar/install/car_task/lib/python3.10/site-packages/car_task
[1.073s] copying /home/amwhisper/ros/workspace/roscar/build/car_task/build/lib/car_task/controller.py -> /home/amwhisper/ros/workspace/roscar/install/car_task/lib/python3.10/site-packages/car_task
[1.073s] byte-compiling /home/amwhisper/ros/workspace/roscar/install/car_task/lib/python3.10/site-packages/car_task/PID.py to PID.cpython-310.pyc
[1.073s] byte-compiling /home/amwhisper/ros/workspace/roscar/install/car_task/lib/python3.10/site-packages/car_task/__init__.py to __init__.cpython-310.pyc
[1.075s] byte-compiling /home/amwhisper/ros/workspace/roscar/install/car_task/lib/python3.10/site-packages/car_task/chassis.py to chassis.cpython-310.pyc
[1.075s] byte-compiling /home/amwhisper/ros/workspace/roscar/install/car_task/lib/python3.10/site-packages/car_task/controller.py to controller.cpython-310.pyc
[1.075s] running install_data
[1.075s] creating /home/amwhisper/ros/workspace/roscar/install/car_task/share/ament_index
[1.075s] creating /home/amwhisper/ros/workspace/roscar/install/car_task/share/ament_index/resource_index
[1.075s] creating /home/amwhisper/ros/workspace/roscar/install/car_task/share/ament_index/resource_index/packages
[1.075s] copying resource/car_task -> /home/amwhisper/ros/workspace/roscar/install/car_task/share/ament_index/resource_index/packages
[1.076s] copying package.xml -> /home/amwhisper/ros/workspace/roscar/install/car_task/share/car_task
[1.076s] running install_egg_info
[1.076s] Copying ../../build/car_task/car_task.egg-info to /home/amwhisper/ros/workspace/roscar/install/car_task/lib/python3.10/site-packages/car_task-0.0.0-py3.10.egg-info
[1.076s] running install_scripts
[1.100s] writing list of installed files to '/home/amwhisper/ros/workspace/roscar/build/car_task/install.log'
[1.132s] Invoked command in '/home/amwhisper/ros/workspace/roscar/src/car_task' returned '0': PYTHONPATH=/home/amwhisper/ros/workspace/roscar/build/car_task/prefix_override:/usr/lib/python3/dist-packages/colcon_core/task/python/colcon_distutils_commands:/home/amwhisper/ros/workspace/roscar/install/car_task/lib/python3.10/site-packages:${PYTHONPATH} /usr/bin/python3 -W ignore:setup.py install is deprecated setup.py egg_info --egg-base ../../build/car_task build --build-base /home/amwhisper/ros/workspace/roscar/build/car_task/build install --record /home/amwhisper/ros/workspace/roscar/build/car_task/install.log --single-version-externally-managed install_data
