[0.934s] Invoking command in '/home/amwhisper/ros/workspace/roscar/src/controller': PYTHONPATH=/home/amwhisper/ros/workspace/roscar/build/controller/prefix_override:/usr/lib/python3/dist-packages/colcon_core/task/python/colcon_distutils_commands:/home/amwhisper/ros/workspace/roscar/install/controller/lib/python3.10/site-packages:${PYTHONPATH} /usr/bin/python3 -W ignore:setup.py install is deprecated setup.py egg_info --egg-base ../../build/controller build --build-base /home/amwhisper/ros/workspace/roscar/build/controller/build install --record /home/amwhisper/ros/workspace/roscar/build/controller/install.log --single-version-externally-managed install_data
[1.114s] running egg_info
[1.115s] creating ../../build/controller/controller.egg-info
[1.115s] writing ../../build/controller/controller.egg-info/PKG-INFO
[1.115s] writing dependency_links to ../../build/controller/controller.egg-info/dependency_links.txt
[1.115s] writing entry points to ../../build/controller/controller.egg-info/entry_points.txt
[1.115s] writing requirements to ../../build/controller/controller.egg-info/requires.txt
[1.115s] writing top-level names to ../../build/controller/controller.egg-info/top_level.txt
[1.115s] writing manifest file '../../build/controller/controller.egg-info/SOURCES.txt'
[1.116s] reading manifest file '../../build/controller/controller.egg-info/SOURCES.txt'
[1.117s] writing manifest file '../../build/controller/controller.egg-info/SOURCES.txt'
[1.117s] running build
[1.117s] running build_py
[1.117s] creating /home/amwhisper/ros/workspace/roscar/build/controller/build
[1.117s] creating /home/amwhisper/ros/workspace/roscar/build/controller/build/lib
[1.117s] creating /home/amwhisper/ros/workspace/roscar/build/controller/build/lib/controller
[1.117s] copying controller/__init__.py -> /home/amwhisper/ros/workspace/roscar/build/controller/build/lib/controller
[1.117s] copying controller/controller.py -> /home/amwhisper/ros/workspace/roscar/build/controller/build/lib/controller
[1.118s] running install
[1.118s] running install_lib
[1.118s] creating /home/amwhisper/ros/workspace/roscar/install/controller/lib/python3.10/site-packages/controller
[1.119s] copying /home/amwhisper/ros/workspace/roscar/build/controller/build/lib/controller/__init__.py -> /home/amwhisper/ros/workspace/roscar/install/controller/lib/python3.10/site-packages/controller
[1.119s] copying /home/amwhisper/ros/workspace/roscar/build/controller/build/lib/controller/controller.py -> /home/amwhisper/ros/workspace/roscar/install/controller/lib/python3.10/site-packages/controller
[1.120s] byte-compiling /home/amwhisper/ros/workspace/roscar/install/controller/lib/python3.10/site-packages/controller/__init__.py to __init__.cpython-310.pyc
[1.120s] byte-compiling /home/amwhisper/ros/workspace/roscar/install/controller/lib/python3.10/site-packages/controller/controller.py to controller.cpython-310.pyc
[1.121s] running install_data
[1.121s] creating /home/amwhisper/ros/workspace/roscar/install/controller/share/ament_index
[1.121s] creating /home/amwhisper/ros/workspace/roscar/install/controller/share/ament_index/resource_index
[1.121s] creating /home/amwhisper/ros/workspace/roscar/install/controller/share/ament_index/resource_index/packages
[1.121s] copying resource/controller -> /home/amwhisper/ros/workspace/roscar/install/controller/share/ament_index/resource_index/packages
[1.121s] copying package.xml -> /home/amwhisper/ros/workspace/roscar/install/controller/share/controller
[1.121s] running install_egg_info
[1.122s] Copying ../../build/controller/controller.egg-info to /home/amwhisper/ros/workspace/roscar/install/controller/lib/python3.10/site-packages/controller-0.0.0-py3.10.egg-info
[1.123s] running install_scripts
[1.142s] Installing controller_node script to /home/amwhisper/ros/workspace/roscar/install/controller/lib/controller
[1.142s] writing list of installed files to '/home/amwhisper/ros/workspace/roscar/build/controller/install.log'
