[0.026s] Invoking command in '/home/amwhisper/ros/workspace/roscar/build/roscar_interfaces': CMAKE_PREFIX_PATH=${CMAKE_PREFIX_PATH}:/home/amwhisper/ros/workspace/roscar/install/controller:/home/amwhisper/ros/workspace/roscar/install/car_task:/home/amwhisper/ros/workspace/roscar/install/can_control:/opt/ros/humble /usr/bin/cmake --build /home/amwhisper/ros/workspace/roscar/build/roscar_interfaces -- -j6 -l6
[0.246s] -- Found ament_cmake: 1.3.10 (/opt/ros/humble/share/ament_cmake/cmake)
[0.247s] -- Found rosidl_default_generators: 1.2.0 (/opt/ros/humble/share/rosidl_default_generators/cmake)
[0.248s] -- Using all available rosidl_typesupport_c: rosidl_typesupport_fastrtps_c;rosidl_typesupport_introspection_c
[0.249s] -- Found rosidl_adapter: 3.1.5 (/opt/ros/humble/share/rosidl_adapter/cmake)
[0.249s] -- Using all available rosidl_typesupport_cpp: rosidl_typesupport_fastrtps_cpp;rosidl_typesupport_introspection_cpp
[0.250s] -- Found geometry_msgs: 4.2.4 (/opt/ros/humble/share/geometry_msgs/cmake)
[0.441s] [31mCMake Error at /opt/ros/humble/share/rosidl_adapter/cmake/rosidl_adapt_interfaces.cmake:59 (message):
[0.442s]   execute_process(/usr/bin/python3 -m rosidl_adapter --package-name
[0.442s]   roscar_interfaces --arguments-file
[0.442s]   /home/amwhisper/ros/workspace/roscar/build/roscar_interfaces/rosidl_adapter__arguments__roscar_interfaces.json
[0.442s]   --output-dir
[0.442s]   /home/amwhisper/ros/workspace/roscar/build/roscar_interfaces/rosidl_adapter/roscar_interfaces
[0.442s]   --output-file
[0.442s]   /home/amwhisper/ros/workspace/roscar/build/roscar_interfaces/rosidl_adapter/roscar_interfaces.idls)
[0.442s]   returned error code 1:
[0.442s] 
[0.442s]   Error processing 'uint8 R2' of 'roscar_interfaces/Controller': ''R2' is an
[0.442s]   invalid field name.  It should have the pattern
[0.442s]   '^(?!.*__)(?!.*_$)[a-z][a-z0-9_]*$''
[0.442s] 
[0.442s]   Traceback (most recent call last):
[0.442s] 
[0.442s]     File "/usr/lib/python3.10/runpy.py", line 196, in _run_module_as_main
[0.442s]       return _run_code(code, main_globals, None,
[0.442s]     File "/usr/lib/python3.10/runpy.py", line 86, in _run_code
[0.442s]       exec(code, run_globals)
[0.442s]     File "/opt/ros/humble/local/lib/python3.10/dist-packages/rosidl_adapter/__main__.py", line 19, in <module>
[0.442s]       sys.exit(main())
[0.442s]     File "/opt/ros/humble/local/lib/python3.10/dist-packages/rosidl_adapter/main.py", line 53, in main
[0.442s]       abs_idl_file = convert_to_idl(
[0.442s]     File "/opt/ros/humble/local/lib/python3.10/dist-packages/rosidl_adapter/__init__.py", line 19, in convert_to_idl
[0.443s]       return convert_msg_to_idl(
[0.443s]     File "/opt/ros/humble/local/lib/python3.10/dist-packages/rosidl_adapter/msg/__init__.py", line 28, in convert_msg_to_idl
[0.443s]       msg = parse_message_string(package_name, input_file.stem, content)
[0.443s]     File "/opt/ros/humble/local/lib/python3.10/dist-packages/rosidl_adapter/parser.py", line 519, in parse_message_string
[0.443s]       fields.append(Field(
[0.443s]     File "/opt/ros/humble/local/lib/python3.10/dist-packages/rosidl_adapter/parser.py", line 354, in __init__
[0.443s]       raise NameError(
[0.443s] 
[0.443s]   NameError: 'R2' is an invalid field name.  It should have the pattern
[0.443s]   '^(?!.*__)(?!.*_$)[a-z][a-z0-9_]*$'
[0.443s] 
[0.443s] Call Stack (most recent call first):
[0.443s]   /opt/ros/humble/share/rosidl_cmake/cmake/rosidl_generate_interfaces.cmake:130 (rosidl_adapt_interfaces)
[0.443s]   CMakeLists.txt:13 (rosidl_generate_interfaces)
[0.443s] 
[0.443s] [0m
[0.449s] -- Configuring incomplete, errors occurred!
[0.449s] See also "/home/amwhisper/ros/workspace/roscar/build/roscar_interfaces/CMakeFiles/CMakeOutput.log".
[0.451s] gmake: *** [Makefile:747: cmake_check_build_system] Error 1
[0.490s] Invoked command in '/home/amwhisper/ros/workspace/roscar/build/roscar_interfaces' returned '2': CMAKE_PREFIX_PATH=${CMAKE_PREFIX_PATH}:/home/amwhisper/ros/workspace/roscar/install/controller:/home/amwhisper/ros/workspace/roscar/install/car_task:/home/amwhisper/ros/workspace/roscar/install/can_control:/opt/ros/humble /usr/bin/cmake --build /home/amwhisper/ros/workspace/roscar/build/roscar_interfaces -- -j6 -l6
