[0.973s] Invoking command in '/home/amwhisper/ros/workspace/roscar/src/controller': PYTHONPATH=/home/amwhisper/ros/workspace/roscar/build/controller/prefix_override:/usr/lib/python3/dist-packages/colcon_core/task/python/colcon_distutils_commands:/home/amwhisper/ros/workspace/roscar/install/controller/lib/python3.10/site-packages:${PYTHONPATH} /usr/bin/python3 -W ignore:setup.py install is deprecated setup.py egg_info --egg-base ../../build/controller build --build-base /home/amwhisper/ros/workspace/roscar/build/controller/build install --record /home/amwhisper/ros/workspace/roscar/build/controller/install.log --single-version-externally-managed install_data
[1.169s] running egg_info
[1.170s] writing ../../build/controller/controller.egg-info/PKG-INFO
[1.171s] writing dependency_links to ../../build/controller/controller.egg-info/dependency_links.txt
[1.171s] writing entry points to ../../build/controller/controller.egg-info/entry_points.txt
[1.171s] writing requirements to ../../build/controller/controller.egg-info/requires.txt
[1.171s] writing top-level names to ../../build/controller/controller.egg-info/top_level.txt
[1.173s] reading manifest file '../../build/controller/controller.egg-info/SOURCES.txt'
[1.174s] writing manifest file '../../build/controller/controller.egg-info/SOURCES.txt'
[1.174s] running build
[1.174s] running build_py
[1.175s] running install
[1.175s] running install_lib
[1.176s] running install_data
[1.177s] running install_egg_info
[1.179s] removing '/home/amwhisper/ros/workspace/roscar/install/controller/lib/python3.10/site-packages/controller-0.0.0-py3.10.egg-info' (and everything under it)
[1.180s] Copying ../../build/controller/controller.egg-info to /home/amwhisper/ros/workspace/roscar/install/controller/lib/python3.10/site-packages/controller-0.0.0-py3.10.egg-info
[1.180s] running install_scripts
[1.201s] Installing controller_node script to /home/amwhisper/ros/workspace/roscar/install/controller/lib/controller
[1.203s] writing list of installed files to '/home/amwhisper/ros/workspace/roscar/build/controller/install.log'
[1.231s] Invoked command in '/home/amwhisper/ros/workspace/roscar/src/controller' returned '0': PYTHONPATH=/home/amwhisper/ros/workspace/roscar/build/controller/prefix_override:/usr/lib/python3/dist-packages/colcon_core/task/python/colcon_distutils_commands:/home/amwhisper/ros/workspace/roscar/install/controller/lib/python3.10/site-packages:${PYTHONPATH} /usr/bin/python3 -W ignore:setup.py install is deprecated setup.py egg_info --egg-base ../../build/controller build --build-base /home/amwhisper/ros/workspace/roscar/build/controller/build install --record /home/amwhisper/ros/workspace/roscar/build/controller/install.log --single-version-externally-managed install_data
