[1.084s] Invoking command in '/home/amwhisper/ros/workspace/roscar/src/controller': AMENT_PREFIX_PATH=/home/amwhisper/ros/workspace/roscar/install/roscar_interfaces:${AMENT_PREFIX_PATH} CMAKE_PREFIX_PATH=/home/amwhisper/ros/workspace/roscar/install/roscar_interfaces LD_LIBRARY_PATH=/home/amwhisper/ros/workspace/roscar/install/roscar_interfaces/lib:${LD_LIBRARY_PATH} PYTHONPATH=/home/amwhisper/ros/workspace/roscar/build/controller/prefix_override:/usr/lib/python3/dist-packages/colcon_core/task/python/colcon_distutils_commands:/home/amwhisper/ros/workspace/roscar/install/controller/lib/python3.10/site-packages:/home/amwhisper/ros/workspace/roscar/install/roscar_interfaces/local/lib/python3.10/dist-packages:${PYTHONPATH} /usr/bin/python3 -W ignore:setup.py install is deprecated setup.py egg_info --egg-base ../../build/controller build --build-base /home/amwhisper/ros/workspace/roscar/build/controller/build install --record /home/amwhisper/ros/workspace/roscar/build/controller/install.log --single-version-externally-managed install_data
[1.337s] running egg_info
[1.338s] writing ../../build/controller/controller.egg-info/PKG-INFO
[1.338s] writing dependency_links to ../../build/controller/controller.egg-info/dependency_links.txt
[1.338s] writing entry points to ../../build/controller/controller.egg-info/entry_points.txt
[1.339s] writing requirements to ../../build/controller/controller.egg-info/requires.txt
[1.340s] writing top-level names to ../../build/controller/controller.egg-info/top_level.txt
[1.341s] reading manifest file '../../build/controller/controller.egg-info/SOURCES.txt'
[1.343s] writing manifest file '../../build/controller/controller.egg-info/SOURCES.txt'
[1.343s] running build
[1.343s] running build_py
[1.343s] copying controller/controller.py -> /home/amwhisper/ros/workspace/roscar/build/controller/build/lib/controller
[1.344s] running install
[1.345s] running install_lib
[1.346s] copying /home/amwhisper/ros/workspace/roscar/build/controller/build/lib/controller/controller.py -> /home/amwhisper/ros/workspace/roscar/install/controller/lib/python3.10/site-packages/controller
[1.346s] byte-compiling /home/amwhisper/ros/workspace/roscar/install/controller/lib/python3.10/site-packages/controller/controller.py to controller.cpython-310.pyc
[1.349s] running install_data
[1.349s] copying package.xml -> /home/amwhisper/ros/workspace/roscar/install/controller/share/controller
[1.349s] running install_egg_info
[1.353s] removing '/home/amwhisper/ros/workspace/roscar/install/controller/lib/python3.10/site-packages/controller-0.0.0-py3.10.egg-info' (and everything under it)
[1.354s] Copying ../../build/controller/controller.egg-info to /home/amwhisper/ros/workspace/roscar/install/controller/lib/python3.10/site-packages/controller-0.0.0-py3.10.egg-info
[1.356s] running install_scripts
[1.391s] Installing controller_node script to /home/amwhisper/ros/workspace/roscar/install/controller/lib/controller
[1.393s] writing list of installed files to '/home/amwhisper/ros/workspace/roscar/build/controller/install.log'
[1.415s] Invoked command in '/home/amwhisper/ros/workspace/roscar/src/controller' returned '0': AMENT_PREFIX_PATH=/home/amwhisper/ros/workspace/roscar/install/roscar_interfaces:${AMENT_PREFIX_PATH} CMAKE_PREFIX_PATH=/home/amwhisper/ros/workspace/roscar/install/roscar_interfaces LD_LIBRARY_PATH=/home/amwhisper/ros/workspace/roscar/install/roscar_interfaces/lib:${LD_LIBRARY_PATH} PYTHONPATH=/home/amwhisper/ros/workspace/roscar/build/controller/prefix_override:/usr/lib/python3/dist-packages/colcon_core/task/python/colcon_distutils_commands:/home/amwhisper/ros/workspace/roscar/install/controller/lib/python3.10/site-packages:/home/amwhisper/ros/workspace/roscar/install/roscar_interfaces/local/lib/python3.10/dist-packages:${PYTHONPATH} /usr/bin/python3 -W ignore:setup.py install is deprecated setup.py egg_info --egg-base ../../build/controller build --build-base /home/amwhisper/ros/workspace/roscar/build/controller/build install --record /home/amwhisper/ros/workspace/roscar/build/controller/install.log --single-version-externally-managed install_data
