[0.015s] Invoking command in '/home/amwhisper/ros/workspace/roscar/build/roscar_interfaces': CMAKE_PREFIX_PATH=${CMAKE_PREFIX_PATH}:/home/amwhisper/ros/workspace/roscar/install/controller:/home/amwhisper/ros/workspace/roscar/install/car_task:/home/amwhisper/ros/workspace/roscar/install/can_control:/opt/ros/humble /usr/bin/cmake --build /home/amwhisper/ros/workspace/roscar/build/roscar_interfaces -- -j6 -l6
[0.083s] [  2%] Built target roscar_interfaces__cpp
[0.083s] [ 12%] Built target roscar_interfaces__rosidl_generator_c
[0.087s] [ 12%] Built target ament_cmake_python_copy_roscar_interfaces
[0.117s] [ 27%] Built target roscar_interfaces__rosidl_typesupport_fastrtps_cpp
[0.117s] [ 34%] Built target roscar_interfaces__rosidl_typesupport_introspection_cpp
[0.117s] [ 44%] Built target roscar_interfaces__rosidl_typesupport_c
[0.118s] [ 55%] Built target roscar_interfaces__rosidl_typesupport_introspection_c
[0.130s] [ 65%] Built target roscar_interfaces__rosidl_typesupport_fastrtps_c
[0.131s] [ 76%] Built target roscar_interfaces__rosidl_typesupport_cpp
[0.160s] [ 76%] Built target roscar_interfaces
[0.188s] [ 78%] Built target roscar_interfaces__py
[0.219s] [ 87%] Built target roscar_interfaces__rosidl_generator_py
[0.255s] [ 93%] Built target roscar_interfaces__rosidl_typesupport_introspection_c__pyext
[0.255s] [ 95%] Built target roscar_interfaces__rosidl_typesupport_fastrtps_c__pyext
[0.255s] [100%] Built target roscar_interfaces__rosidl_typesupport_c__pyext
[0.329s] running egg_info
[0.330s] writing roscar_interfaces.egg-info/PKG-INFO
[0.331s] writing dependency_links to roscar_interfaces.egg-info/dependency_links.txt
[0.331s] writing top-level names to roscar_interfaces.egg-info/top_level.txt
[0.333s] reading manifest file 'roscar_interfaces.egg-info/SOURCES.txt'
[0.333s] writing manifest file 'roscar_interfaces.egg-info/SOURCES.txt'
[0.360s] [100%] Built target ament_cmake_python_build_roscar_interfaces_egg
[0.374s] Invoked command in '/home/amwhisper/ros/workspace/roscar/build/roscar_interfaces' returned '0': CMAKE_PREFIX_PATH=${CMAKE_PREFIX_PATH}:/home/amwhisper/ros/workspace/roscar/install/controller:/home/amwhisper/ros/workspace/roscar/install/car_task:/home/amwhisper/ros/workspace/roscar/install/can_control:/opt/ros/humble /usr/bin/cmake --build /home/amwhisper/ros/workspace/roscar/build/roscar_interfaces -- -j6 -l6
[0.617s] Invoking command in '/home/amwhisper/ros/workspace/roscar/build/roscar_interfaces': CMAKE_PREFIX_PATH=${CMAKE_PREFIX_PATH}:/home/amwhisper/ros/workspace/roscar/install/controller:/home/amwhisper/ros/workspace/roscar/install/car_task:/home/amwhisper/ros/workspace/roscar/install/can_control:/opt/ros/humble /usr/bin/cmake --install /home/amwhisper/ros/workspace/roscar/build/roscar_interfaces
[0.625s] -- Install configuration: ""
[0.625s] -- Up-to-date: /home/amwhisper/ros/workspace/roscar/install/roscar_interfaces/share/ament_index/resource_index/rosidl_interfaces/roscar_interfaces
[0.626s] -- Up-to-date: /home/amwhisper/ros/workspace/roscar/install/roscar_interfaces/include/roscar_interfaces/roscar_interfaces
[0.626s] -- Up-to-date: /home/amwhisper/ros/workspace/roscar/install/roscar_interfaces/include/roscar_interfaces/roscar_interfaces/msg
[0.626s] -- Up-to-date: /home/amwhisper/ros/workspace/roscar/install/roscar_interfaces/include/roscar_interfaces/roscar_interfaces/msg/controller.h
[0.626s] -- Up-to-date: /home/amwhisper/ros/workspace/roscar/install/roscar_interfaces/include/roscar_interfaces/roscar_interfaces/msg/detail
[0.626s] -- Up-to-date: /home/amwhisper/ros/workspace/roscar/install/roscar_interfaces/include/roscar_interfaces/roscar_interfaces/msg/detail/controller__functions.c
[0.626s] -- Up-to-date: /home/amwhisper/ros/workspace/roscar/install/roscar_interfaces/include/roscar_interfaces/roscar_interfaces/msg/detail/can_control__struct.h
[0.626s] -- Up-to-date: /home/amwhisper/ros/workspace/roscar/install/roscar_interfaces/include/roscar_interfaces/roscar_interfaces/msg/detail/can__type_support.h
[0.626s] -- Up-to-date: /home/amwhisper/ros/workspace/roscar/install/roscar_interfaces/include/roscar_interfaces/roscar_interfaces/msg/detail/controller__type_support.h
[0.626s] -- Up-to-date: /home/amwhisper/ros/workspace/roscar/install/roscar_interfaces/include/roscar_interfaces/roscar_interfaces/msg/detail/pid__functions.c
[0.626s] -- Up-to-date: /home/amwhisper/ros/workspace/roscar/install/roscar_interfaces/include/roscar_interfaces/roscar_interfaces/msg/detail/can__struct.h
[0.626s] -- Up-to-date: /home/amwhisper/ros/workspace/roscar/install/roscar_interfaces/include/roscar_interfaces/roscar_interfaces/msg/detail/can_control__functions.c
[0.626s] -- Up-to-date: /home/amwhisper/ros/workspace/roscar/install/roscar_interfaces/include/roscar_interfaces/roscar_interfaces/msg/detail/pid__type_support.h
[0.626s] -- Up-to-date: /home/amwhisper/ros/workspace/roscar/install/roscar_interfaces/include/roscar_interfaces/roscar_interfaces/msg/detail/pid__functions.h
[0.626s] -- Up-to-date: /home/amwhisper/ros/workspace/roscar/install/roscar_interfaces/include/roscar_interfaces/roscar_interfaces/msg/detail/pid__struct.h
[0.627s] -- Up-to-date: /home/amwhisper/ros/workspace/roscar/install/roscar_interfaces/include/roscar_interfaces/roscar_interfaces/msg/detail/can_control__type_support.h
[0.627s] -- Up-to-date: /home/amwhisper/ros/workspace/roscar/install/roscar_interfaces/include/roscar_interfaces/roscar_interfaces/msg/detail/can__functions.h
[0.627s] -- Up-to-date: /home/amwhisper/ros/workspace/roscar/install/roscar_interfaces/include/roscar_interfaces/roscar_interfaces/msg/detail/controller__struct.h
[0.627s] -- Up-to-date: /home/amwhisper/ros/workspace/roscar/install/roscar_interfaces/include/roscar_interfaces/roscar_interfaces/msg/detail/controller__functions.h
[0.627s] -- Up-to-date: /home/amwhisper/ros/workspace/roscar/install/roscar_interfaces/include/roscar_interfaces/roscar_interfaces/msg/detail/can_control__functions.h
[0.627s] -- Up-to-date: /home/amwhisper/ros/workspace/roscar/install/roscar_interfaces/include/roscar_interfaces/roscar_interfaces/msg/detail/can__functions.c
[0.627s] -- Up-to-date: /home/amwhisper/ros/workspace/roscar/install/roscar_interfaces/include/roscar_interfaces/roscar_interfaces/msg/can_control.h
[0.627s] -- Up-to-date: /home/amwhisper/ros/workspace/roscar/install/roscar_interfaces/include/roscar_interfaces/roscar_interfaces/msg/rosidl_generator_c__visibility_control.h
[0.627s] -- Up-to-date: /home/amwhisper/ros/workspace/roscar/install/roscar_interfaces/include/roscar_interfaces/roscar_interfaces/msg/can.h
[0.627s] -- Up-to-date: /home/amwhisper/ros/workspace/roscar/install/roscar_interfaces/include/roscar_interfaces/roscar_interfaces/msg/pid.h
[0.628s] -- Up-to-date: /home/amwhisper/ros/workspace/roscar/install/roscar_interfaces/share/roscar_interfaces/environment/library_path.sh
[0.628s] -- Up-to-date: /home/amwhisper/ros/workspace/roscar/install/roscar_interfaces/share/roscar_interfaces/environment/library_path.dsv
[0.628s] -- Up-to-date: /home/amwhisper/ros/workspace/roscar/install/roscar_interfaces/lib/libroscar_interfaces__rosidl_generator_c.so
[0.628s] -- Up-to-date: /home/amwhisper/ros/workspace/roscar/install/roscar_interfaces/include/roscar_interfaces/roscar_interfaces
[0.628s] -- Up-to-date: /home/amwhisper/ros/workspace/roscar/install/roscar_interfaces/include/roscar_interfaces/roscar_interfaces/msg
[0.628s] -- Up-to-date: /home/amwhisper/ros/workspace/roscar/install/roscar_interfaces/include/roscar_interfaces/roscar_interfaces/msg/rosidl_typesupport_fastrtps_c__visibility_control.h
[0.628s] -- Up-to-date: /home/amwhisper/ros/workspace/roscar/install/roscar_interfaces/include/roscar_interfaces/roscar_interfaces/msg/detail
[0.628s] -- Up-to-date: /home/amwhisper/ros/workspace/roscar/install/roscar_interfaces/include/roscar_interfaces/roscar_interfaces/msg/detail/controller__rosidl_typesupport_fastrtps_c.h
[0.628s] -- Up-to-date: /home/amwhisper/ros/workspace/roscar/install/roscar_interfaces/include/roscar_interfaces/roscar_interfaces/msg/detail/can_control__rosidl_typesupport_fastrtps_c.h
[0.628s] -- Up-to-date: /home/amwhisper/ros/workspace/roscar/install/roscar_interfaces/include/roscar_interfaces/roscar_interfaces/msg/detail/can__rosidl_typesupport_fastrtps_c.h
[0.628s] -- Up-to-date: /home/amwhisper/ros/workspace/roscar/install/roscar_interfaces/include/roscar_interfaces/roscar_interfaces/msg/detail/pid__rosidl_typesupport_fastrtps_c.h
[0.628s] -- Up-to-date: /home/amwhisper/ros/workspace/roscar/install/roscar_interfaces/lib/libroscar_interfaces__rosidl_typesupport_fastrtps_c.so
[0.628s] -- Up-to-date: /home/amwhisper/ros/workspace/roscar/install/roscar_interfaces/include/roscar_interfaces/roscar_interfaces
[0.628s] -- Up-to-date: /home/amwhisper/ros/workspace/roscar/install/roscar_interfaces/include/roscar_interfaces/roscar_interfaces/msg
[0.628s] -- Up-to-date: /home/amwhisper/ros/workspace/roscar/install/roscar_interfaces/include/roscar_interfaces/roscar_interfaces/msg/rosidl_typesupport_introspection_c__visibility_control.h
[0.628s] -- Up-to-date: /home/amwhisper/ros/workspace/roscar/install/roscar_interfaces/include/roscar_interfaces/roscar_interfaces/msg/detail
[0.628s] -- Up-to-date: /home/amwhisper/ros/workspace/roscar/install/roscar_interfaces/include/roscar_interfaces/roscar_interfaces/msg/detail/pid__rosidl_typesupport_introspection_c.h
[0.628s] -- Up-to-date: /home/amwhisper/ros/workspace/roscar/install/roscar_interfaces/include/roscar_interfaces/roscar_interfaces/msg/detail/can__type_support.c
[0.629s] -- Up-to-date: /home/amwhisper/ros/workspace/roscar/install/roscar_interfaces/include/roscar_interfaces/roscar_interfaces/msg/detail/can_control__rosidl_typesupport_introspection_c.h
[0.629s] -- Up-to-date: /home/amwhisper/ros/workspace/roscar/install/roscar_interfaces/include/roscar_interfaces/roscar_interfaces/msg/detail/can__rosidl_typesupport_introspection_c.h
[0.629s] -- Up-to-date: /home/amwhisper/ros/workspace/roscar/install/roscar_interfaces/include/roscar_interfaces/roscar_interfaces/msg/detail/controller__rosidl_typesupport_introspection_c.h
[0.629s] -- Up-to-date: /home/amwhisper/ros/workspace/roscar/install/roscar_interfaces/include/roscar_interfaces/roscar_interfaces/msg/detail/controller__type_support.c
[0.629s] -- Up-to-date: /home/amwhisper/ros/workspace/roscar/install/roscar_interfaces/include/roscar_interfaces/roscar_interfaces/msg/detail/can_control__type_support.c
[0.629s] -- Up-to-date: /home/amwhisper/ros/workspace/roscar/install/roscar_interfaces/include/roscar_interfaces/roscar_interfaces/msg/detail/pid__type_support.c
[0.629s] -- Up-to-date: /home/amwhisper/ros/workspace/roscar/install/roscar_interfaces/lib/libroscar_interfaces__rosidl_typesupport_introspection_c.so
[0.629s] -- Up-to-date: /home/amwhisper/ros/workspace/roscar/install/roscar_interfaces/lib/libroscar_interfaces__rosidl_typesupport_c.so
[0.629s] -- Up-to-date: /home/amwhisper/ros/workspace/roscar/install/roscar_interfaces/include/roscar_interfaces/roscar_interfaces
[0.629s] -- Up-to-date: /home/amwhisper/ros/workspace/roscar/install/roscar_interfaces/include/roscar_interfaces/roscar_interfaces/msg
[0.629s] -- Up-to-date: /home/amwhisper/ros/workspace/roscar/install/roscar_interfaces/include/roscar_interfaces/roscar_interfaces/msg/controller.hpp
[0.630s] -- Up-to-date: /home/amwhisper/ros/workspace/roscar/install/roscar_interfaces/include/roscar_interfaces/roscar_interfaces/msg/detail
[0.630s] -- Up-to-date: /home/amwhisper/ros/workspace/roscar/install/roscar_interfaces/include/roscar_interfaces/roscar_interfaces/msg/detail/can_control__traits.hpp
[0.630s] -- Up-to-date: /home/amwhisper/ros/workspace/roscar/install/roscar_interfaces/include/roscar_interfaces/roscar_interfaces/msg/detail/pid__builder.hpp
[0.630s] -- Up-to-date: /home/amwhisper/ros/workspace/roscar/install/roscar_interfaces/include/roscar_interfaces/roscar_interfaces/msg/detail/can__builder.hpp
[0.630s] -- Up-to-date: /home/amwhisper/ros/workspace/roscar/install/roscar_interfaces/include/roscar_interfaces/roscar_interfaces/msg/detail/pid__traits.hpp
[0.630s] -- Up-to-date: /home/amwhisper/ros/workspace/roscar/install/roscar_interfaces/include/roscar_interfaces/roscar_interfaces/msg/detail/can__traits.hpp
[0.630s] -- Up-to-date: /home/amwhisper/ros/workspace/roscar/install/roscar_interfaces/include/roscar_interfaces/roscar_interfaces/msg/detail/can_control__builder.hpp
[0.630s] -- Up-to-date: /home/amwhisper/ros/workspace/roscar/install/roscar_interfaces/include/roscar_interfaces/roscar_interfaces/msg/detail/pid__struct.hpp
[0.630s] -- Up-to-date: /home/amwhisper/ros/workspace/roscar/install/roscar_interfaces/include/roscar_interfaces/roscar_interfaces/msg/detail/controller__traits.hpp
[0.630s] -- Up-to-date: /home/amwhisper/ros/workspace/roscar/install/roscar_interfaces/include/roscar_interfaces/roscar_interfaces/msg/detail/can_control__struct.hpp
[0.630s] -- Up-to-date: /home/amwhisper/ros/workspace/roscar/install/roscar_interfaces/include/roscar_interfaces/roscar_interfaces/msg/detail/controller__builder.hpp
[0.630s] -- Up-to-date: /home/amwhisper/ros/workspace/roscar/install/roscar_interfaces/include/roscar_interfaces/roscar_interfaces/msg/detail/controller__struct.hpp
[0.630s] -- Up-to-date: /home/amwhisper/ros/workspace/roscar/install/roscar_interfaces/include/roscar_interfaces/roscar_interfaces/msg/detail/can__struct.hpp
[0.630s] -- Up-to-date: /home/amwhisper/ros/workspace/roscar/install/roscar_interfaces/include/roscar_interfaces/roscar_interfaces/msg/can.hpp
[0.630s] -- Up-to-date: /home/amwhisper/ros/workspace/roscar/install/roscar_interfaces/include/roscar_interfaces/roscar_interfaces/msg/can_control.hpp
[0.630s] -- Up-to-date: /home/amwhisper/ros/workspace/roscar/install/roscar_interfaces/include/roscar_interfaces/roscar_interfaces/msg/pid.hpp
[0.630s] -- Up-to-date: /home/amwhisper/ros/workspace/roscar/install/roscar_interfaces/include/roscar_interfaces/roscar_interfaces
[0.630s] -- Up-to-date: /home/amwhisper/ros/workspace/roscar/install/roscar_interfaces/include/roscar_interfaces/roscar_interfaces/msg
[0.631s] -- Up-to-date: /home/amwhisper/ros/workspace/roscar/install/roscar_interfaces/include/roscar_interfaces/roscar_interfaces/msg/rosidl_typesupport_fastrtps_cpp__visibility_control.h
[0.631s] -- Up-to-date: /home/amwhisper/ros/workspace/roscar/install/roscar_interfaces/include/roscar_interfaces/roscar_interfaces/msg/detail
[0.631s] -- Up-to-date: /home/amwhisper/ros/workspace/roscar/install/roscar_interfaces/include/roscar_interfaces/roscar_interfaces/msg/detail/pid__rosidl_typesupport_fastrtps_cpp.hpp
[0.631s] -- Up-to-date: /home/amwhisper/ros/workspace/roscar/install/roscar_interfaces/include/roscar_interfaces/roscar_interfaces/msg/detail/can_control__rosidl_typesupport_fastrtps_cpp.hpp
[0.631s] -- Up-to-date: /home/amwhisper/ros/workspace/roscar/install/roscar_interfaces/include/roscar_interfaces/roscar_interfaces/msg/detail/can__rosidl_typesupport_fastrtps_cpp.hpp
[0.631s] -- Up-to-date: /home/amwhisper/ros/workspace/roscar/install/roscar_interfaces/include/roscar_interfaces/roscar_interfaces/msg/detail/controller__rosidl_typesupport_fastrtps_cpp.hpp
[0.631s] -- Up-to-date: /home/amwhisper/ros/workspace/roscar/install/roscar_interfaces/include/roscar_interfaces/roscar_interfaces/msg/detail/dds_fastrtps
[0.633s] -- Up-to-date: /home/amwhisper/ros/workspace/roscar/install/roscar_interfaces/lib/libroscar_interfaces__rosidl_typesupport_fastrtps_cpp.so
[0.633s] -- Up-to-date: /home/amwhisper/ros/workspace/roscar/install/roscar_interfaces/include/roscar_interfaces/roscar_interfaces
[0.633s] -- Up-to-date: /home/amwhisper/ros/workspace/roscar/install/roscar_interfaces/include/roscar_interfaces/roscar_interfaces/msg
[0.634s] -- Up-to-date: /home/amwhisper/ros/workspace/roscar/install/roscar_interfaces/include/roscar_interfaces/roscar_interfaces/msg/detail
[0.634s] -- Up-to-date: /home/amwhisper/ros/workspace/roscar/install/roscar_interfaces/include/roscar_interfaces/roscar_interfaces/msg/detail/controller__rosidl_typesupport_introspection_cpp.hpp
[0.634s] -- Up-to-date: /home/amwhisper/ros/workspace/roscar/install/roscar_interfaces/include/roscar_interfaces/roscar_interfaces/msg/detail/can__rosidl_typesupport_introspection_cpp.hpp
[0.634s] -- Up-to-date: /home/amwhisper/ros/workspace/roscar/install/roscar_interfaces/include/roscar_interfaces/roscar_interfaces/msg/detail/controller__type_support.cpp
[0.634s] -- Up-to-date: /home/amwhisper/ros/workspace/roscar/install/roscar_interfaces/include/roscar_interfaces/roscar_interfaces/msg/detail/pid__rosidl_typesupport_introspection_cpp.hpp
[0.634s] -- Up-to-date: /home/amwhisper/ros/workspace/roscar/install/roscar_interfaces/include/roscar_interfaces/roscar_interfaces/msg/detail/can_control__rosidl_typesupport_introspection_cpp.hpp
[0.634s] -- Up-to-date: /home/amwhisper/ros/workspace/roscar/install/roscar_interfaces/include/roscar_interfaces/roscar_interfaces/msg/detail/can_control__type_support.cpp
[0.634s] -- Up-to-date: /home/amwhisper/ros/workspace/roscar/install/roscar_interfaces/include/roscar_interfaces/roscar_interfaces/msg/detail/can__type_support.cpp
[0.634s] -- Up-to-date: /home/amwhisper/ros/workspace/roscar/install/roscar_interfaces/include/roscar_interfaces/roscar_interfaces/msg/detail/pid__type_support.cpp
[0.634s] -- Up-to-date: /home/amwhisper/ros/workspace/roscar/install/roscar_interfaces/lib/libroscar_interfaces__rosidl_typesupport_introspection_cpp.so
[0.634s] -- Up-to-date: /home/amwhisper/ros/workspace/roscar/install/roscar_interfaces/lib/libroscar_interfaces__rosidl_typesupport_cpp.so
[0.634s] -- Up-to-date: /home/amwhisper/ros/workspace/roscar/install/roscar_interfaces/share/roscar_interfaces/environment/pythonpath.sh
[0.634s] -- Up-to-date: /home/amwhisper/ros/workspace/roscar/install/roscar_interfaces/share/roscar_interfaces/environment/pythonpath.dsv
[0.634s] -- Up-to-date: /home/amwhisper/ros/workspace/roscar/install/roscar_interfaces/local/lib/python3.10/dist-packages/roscar_interfaces-0.0.0-py3.10.egg-info
[0.635s] -- Installing: /home/amwhisper/ros/workspace/roscar/install/roscar_interfaces/local/lib/python3.10/dist-packages/roscar_interfaces-0.0.0-py3.10.egg-info/top_level.txt
[0.635s] -- Installing: /home/amwhisper/ros/workspace/roscar/install/roscar_interfaces/local/lib/python3.10/dist-packages/roscar_interfaces-0.0.0-py3.10.egg-info/SOURCES.txt
[0.635s] -- Installing: /home/amwhisper/ros/workspace/roscar/install/roscar_interfaces/local/lib/python3.10/dist-packages/roscar_interfaces-0.0.0-py3.10.egg-info/PKG-INFO
[0.635s] -- Installing: /home/amwhisper/ros/workspace/roscar/install/roscar_interfaces/local/lib/python3.10/dist-packages/roscar_interfaces-0.0.0-py3.10.egg-info/dependency_links.txt
[0.635s] -- Up-to-date: /home/amwhisper/ros/workspace/roscar/install/roscar_interfaces/local/lib/python3.10/dist-packages/roscar_interfaces
[0.635s] -- Up-to-date: /home/amwhisper/ros/workspace/roscar/install/roscar_interfaces/local/lib/python3.10/dist-packages/roscar_interfaces/_roscar_interfaces_s.ep.rosidl_typesupport_c.c
[0.635s] -- Up-to-date: /home/amwhisper/ros/workspace/roscar/install/roscar_interfaces/local/lib/python3.10/dist-packages/roscar_interfaces/msg
[0.635s] -- Up-to-date: /home/amwhisper/ros/workspace/roscar/install/roscar_interfaces/local/lib/python3.10/dist-packages/roscar_interfaces/msg/_controller.py
[0.635s] -- Up-to-date: /home/amwhisper/ros/workspace/roscar/install/roscar_interfaces/local/lib/python3.10/dist-packages/roscar_interfaces/msg/_pid.py
[0.635s] -- Up-to-date: /home/amwhisper/ros/workspace/roscar/install/roscar_interfaces/local/lib/python3.10/dist-packages/roscar_interfaces/msg/_can.py
[0.635s] -- Up-to-date: /home/amwhisper/ros/workspace/roscar/install/roscar_interfaces/local/lib/python3.10/dist-packages/roscar_interfaces/msg/__init__.py
[0.635s] -- Up-to-date: /home/amwhisper/ros/workspace/roscar/install/roscar_interfaces/local/lib/python3.10/dist-packages/roscar_interfaces/msg/_can_control.py
[0.635s] -- Up-to-date: /home/amwhisper/ros/workspace/roscar/install/roscar_interfaces/local/lib/python3.10/dist-packages/roscar_interfaces/msg/_can_control_s.c
[0.635s] -- Up-to-date: /home/amwhisper/ros/workspace/roscar/install/roscar_interfaces/local/lib/python3.10/dist-packages/roscar_interfaces/msg/_controller_s.c
[0.635s] -- Up-to-date: /home/amwhisper/ros/workspace/roscar/install/roscar_interfaces/local/lib/python3.10/dist-packages/roscar_interfaces/msg/_can_s.c
[0.635s] -- Up-to-date: /home/amwhisper/ros/workspace/roscar/install/roscar_interfaces/local/lib/python3.10/dist-packages/roscar_interfaces/msg/_pid_s.c
[0.635s] -- Up-to-date: /home/amwhisper/ros/workspace/roscar/install/roscar_interfaces/local/lib/python3.10/dist-packages/roscar_interfaces/__init__.py
[0.635s] -- Up-to-date: /home/amwhisper/ros/workspace/roscar/install/roscar_interfaces/local/lib/python3.10/dist-packages/roscar_interfaces/roscar_interfaces_s__rosidl_typesupport_c.cpython-310-x86_64-linux-gnu.so
[0.635s] -- Up-to-date: /home/amwhisper/ros/workspace/roscar/install/roscar_interfaces/local/lib/python3.10/dist-packages/roscar_interfaces/libroscar_interfaces__rosidl_generator_py.so
[0.635s] -- Up-to-date: /home/amwhisper/ros/workspace/roscar/install/roscar_interfaces/local/lib/python3.10/dist-packages/roscar_interfaces/_roscar_interfaces_s.ep.rosidl_typesupport_fastrtps_c.c
[0.635s] -- Up-to-date: /home/amwhisper/ros/workspace/roscar/install/roscar_interfaces/local/lib/python3.10/dist-packages/roscar_interfaces/roscar_interfaces_s__rosidl_typesupport_introspection_c.cpython-310-x86_64-linux-gnu.so
[0.635s] -- Up-to-date: /home/amwhisper/ros/workspace/roscar/install/roscar_interfaces/local/lib/python3.10/dist-packages/roscar_interfaces/_roscar_interfaces_s.ep.rosidl_typesupport_introspection_c.c
[0.635s] -- Up-to-date: /home/amwhisper/ros/workspace/roscar/install/roscar_interfaces/local/lib/python3.10/dist-packages/roscar_interfaces/roscar_interfaces_s__rosidl_typesupport_fastrtps_c.cpython-310-x86_64-linux-gnu.so
[0.666s] Listing '/home/amwhisper/ros/workspace/roscar/install/roscar_interfaces/local/lib/python3.10/dist-packages/roscar_interfaces'...
[0.666s] Listing '/home/amwhisper/ros/workspace/roscar/install/roscar_interfaces/local/lib/python3.10/dist-packages/roscar_interfaces/msg'...
[0.669s] -- Up-to-date: /home/amwhisper/ros/workspace/roscar/install/roscar_interfaces/local/lib/python3.10/dist-packages/roscar_interfaces/roscar_interfaces_s__rosidl_typesupport_fastrtps_c.cpython-310-x86_64-linux-gnu.so
[0.670s] -- Up-to-date: /home/amwhisper/ros/workspace/roscar/install/roscar_interfaces/local/lib/python3.10/dist-packages/roscar_interfaces/roscar_interfaces_s__rosidl_typesupport_introspection_c.cpython-310-x86_64-linux-gnu.so
[0.671s] -- Up-to-date: /home/amwhisper/ros/workspace/roscar/install/roscar_interfaces/local/lib/python3.10/dist-packages/roscar_interfaces/roscar_interfaces_s__rosidl_typesupport_c.cpython-310-x86_64-linux-gnu.so
[0.671s] -- Up-to-date: /home/amwhisper/ros/workspace/roscar/install/roscar_interfaces/lib/libroscar_interfaces__rosidl_generator_py.so
[0.671s] -- Up-to-date: /home/amwhisper/ros/workspace/roscar/install/roscar_interfaces/share/roscar_interfaces/msg/Controller.idl
[0.671s] -- Up-to-date: /home/amwhisper/ros/workspace/roscar/install/roscar_interfaces/share/roscar_interfaces/msg/Can.idl
[0.671s] -- Up-to-date: /home/amwhisper/ros/workspace/roscar/install/roscar_interfaces/share/roscar_interfaces/msg/Pid.idl
[0.672s] -- Up-to-date: /home/amwhisper/ros/workspace/roscar/install/roscar_interfaces/share/roscar_interfaces/msg/Controller.msg
[0.672s] -- Up-to-date: /home/amwhisper/ros/workspace/roscar/install/roscar_interfaces/share/roscar_interfaces/msg/Can.msg
[0.672s] -- Up-to-date: /home/amwhisper/ros/workspace/roscar/install/roscar_interfaces/share/roscar_interfaces/msg/Pid.msg
[0.673s] -- Up-to-date: /home/amwhisper/ros/workspace/roscar/install/roscar_interfaces/share/ament_index/resource_index/package_run_dependencies/roscar_interfaces
[0.673s] -- Up-to-date: /home/amwhisper/ros/workspace/roscar/install/roscar_interfaces/share/ament_index/resource_index/parent_prefix_path/roscar_interfaces
[0.673s] -- Up-to-date: /home/amwhisper/ros/workspace/roscar/install/roscar_interfaces/share/roscar_interfaces/environment/ament_prefix_path.sh
[0.673s] -- Up-to-date: /home/amwhisper/ros/workspace/roscar/install/roscar_interfaces/share/roscar_interfaces/environment/ament_prefix_path.dsv
[0.673s] -- Up-to-date: /home/amwhisper/ros/workspace/roscar/install/roscar_interfaces/share/roscar_interfaces/environment/path.sh
[0.673s] -- Up-to-date: /home/amwhisper/ros/workspace/roscar/install/roscar_interfaces/share/roscar_interfaces/environment/path.dsv
[0.673s] -- Up-to-date: /home/amwhisper/ros/workspace/roscar/install/roscar_interfaces/share/roscar_interfaces/local_setup.bash
[0.673s] -- Up-to-date: /home/amwhisper/ros/workspace/roscar/install/roscar_interfaces/share/roscar_interfaces/local_setup.sh
[0.673s] -- Up-to-date: /home/amwhisper/ros/workspace/roscar/install/roscar_interfaces/share/roscar_interfaces/local_setup.zsh
[0.674s] -- Up-to-date: /home/amwhisper/ros/workspace/roscar/install/roscar_interfaces/share/roscar_interfaces/local_setup.dsv
[0.674s] -- Installing: /home/amwhisper/ros/workspace/roscar/install/roscar_interfaces/share/roscar_interfaces/package.dsv
[0.674s] -- Up-to-date: /home/amwhisper/ros/workspace/roscar/install/roscar_interfaces/share/ament_index/resource_index/packages/roscar_interfaces
[0.674s] -- Up-to-date: /home/amwhisper/ros/workspace/roscar/install/roscar_interfaces/share/roscar_interfaces/cmake/export_roscar_interfaces__rosidl_generator_cExport.cmake
[0.674s] -- Up-to-date: /home/amwhisper/ros/workspace/roscar/install/roscar_interfaces/share/roscar_interfaces/cmake/export_roscar_interfaces__rosidl_generator_cExport-noconfig.cmake
[0.674s] -- Up-to-date: /home/amwhisper/ros/workspace/roscar/install/roscar_interfaces/share/roscar_interfaces/cmake/export_roscar_interfaces__rosidl_typesupport_fastrtps_cExport.cmake
[0.674s] -- Up-to-date: /home/amwhisper/ros/workspace/roscar/install/roscar_interfaces/share/roscar_interfaces/cmake/export_roscar_interfaces__rosidl_typesupport_fastrtps_cExport-noconfig.cmake
[0.674s] -- Up-to-date: /home/amwhisper/ros/workspace/roscar/install/roscar_interfaces/share/roscar_interfaces/cmake/roscar_interfaces__rosidl_typesupport_introspection_cExport.cmake
[0.674s] -- Up-to-date: /home/amwhisper/ros/workspace/roscar/install/roscar_interfaces/share/roscar_interfaces/cmake/roscar_interfaces__rosidl_typesupport_introspection_cExport-noconfig.cmake
[0.675s] -- Up-to-date: /home/amwhisper/ros/workspace/roscar/install/roscar_interfaces/share/roscar_interfaces/cmake/roscar_interfaces__rosidl_typesupport_cExport.cmake
[0.675s] -- Up-to-date: /home/amwhisper/ros/workspace/roscar/install/roscar_interfaces/share/roscar_interfaces/cmake/roscar_interfaces__rosidl_typesupport_cExport-noconfig.cmake
[0.675s] -- Up-to-date: /home/amwhisper/ros/workspace/roscar/install/roscar_interfaces/share/roscar_interfaces/cmake/export_roscar_interfaces__rosidl_generator_cppExport.cmake
[0.675s] -- Up-to-date: /home/amwhisper/ros/workspace/roscar/install/roscar_interfaces/share/roscar_interfaces/cmake/export_roscar_interfaces__rosidl_typesupport_fastrtps_cppExport.cmake
[0.675s] -- Up-to-date: /home/amwhisper/ros/workspace/roscar/install/roscar_interfaces/share/roscar_interfaces/cmake/export_roscar_interfaces__rosidl_typesupport_fastrtps_cppExport-noconfig.cmake
[0.675s] -- Up-to-date: /home/amwhisper/ros/workspace/roscar/install/roscar_interfaces/share/roscar_interfaces/cmake/roscar_interfaces__rosidl_typesupport_introspection_cppExport.cmake
[0.675s] -- Up-to-date: /home/amwhisper/ros/workspace/roscar/install/roscar_interfaces/share/roscar_interfaces/cmake/roscar_interfaces__rosidl_typesupport_introspection_cppExport-noconfig.cmake
[0.675s] -- Up-to-date: /home/amwhisper/ros/workspace/roscar/install/roscar_interfaces/share/roscar_interfaces/cmake/roscar_interfaces__rosidl_typesupport_cppExport.cmake
[0.675s] -- Up-to-date: /home/amwhisper/ros/workspace/roscar/install/roscar_interfaces/share/roscar_interfaces/cmake/roscar_interfaces__rosidl_typesupport_cppExport-noconfig.cmake
[0.675s] -- Up-to-date: /home/amwhisper/ros/workspace/roscar/install/roscar_interfaces/share/roscar_interfaces/cmake/export_roscar_interfaces__rosidl_generator_pyExport.cmake
[0.675s] -- Up-to-date: /home/amwhisper/ros/workspace/roscar/install/roscar_interfaces/share/roscar_interfaces/cmake/export_roscar_interfaces__rosidl_generator_pyExport-noconfig.cmake
[0.675s] -- Up-to-date: /home/amwhisper/ros/workspace/roscar/install/roscar_interfaces/share/roscar_interfaces/cmake/rosidl_cmake-extras.cmake
[0.675s] -- Up-to-date: /home/amwhisper/ros/workspace/roscar/install/roscar_interfaces/share/roscar_interfaces/cmake/ament_cmake_export_dependencies-extras.cmake
[0.675s] -- Up-to-date: /home/amwhisper/ros/workspace/roscar/install/roscar_interfaces/share/roscar_interfaces/cmake/ament_cmake_export_include_directories-extras.cmake
[0.675s] -- Up-to-date: /home/amwhisper/ros/workspace/roscar/install/roscar_interfaces/share/roscar_interfaces/cmake/ament_cmake_export_libraries-extras.cmake
[0.675s] -- Up-to-date: /home/amwhisper/ros/workspace/roscar/install/roscar_interfaces/share/roscar_interfaces/cmake/ament_cmake_export_targets-extras.cmake
[0.675s] -- Up-to-date: /home/amwhisper/ros/workspace/roscar/install/roscar_interfaces/share/roscar_interfaces/cmake/rosidl_cmake_export_typesupport_targets-extras.cmake
[0.675s] -- Up-to-date: /home/amwhisper/ros/workspace/roscar/install/roscar_interfaces/share/roscar_interfaces/cmake/rosidl_cmake_export_typesupport_libraries-extras.cmake
[0.676s] -- Up-to-date: /home/amwhisper/ros/workspace/roscar/install/roscar_interfaces/share/roscar_interfaces/cmake/roscar_interfacesConfig.cmake
[0.676s] -- Up-to-date: /home/amwhisper/ros/workspace/roscar/install/roscar_interfaces/share/roscar_interfaces/cmake/roscar_interfacesConfig-version.cmake
[0.676s] -- Up-to-date: /home/amwhisper/ros/workspace/roscar/install/roscar_interfaces/share/roscar_interfaces/package.xml
[0.677s] Invoked command in '/home/amwhisper/ros/workspace/roscar/build/roscar_interfaces' returned '0': CMAKE_PREFIX_PATH=${CMAKE_PREFIX_PATH}:/home/amwhisper/ros/workspace/roscar/install/controller:/home/amwhisper/ros/workspace/roscar/install/car_task:/home/amwhisper/ros/workspace/roscar/install/can_control:/opt/ros/humble /usr/bin/cmake --install /home/amwhisper/ros/workspace/roscar/build/roscar_interfaces
