[0.525s] Invoking command in '/home/amwhisper/ros/workspace/roscar/src/controller': PYTHONPATH=/home/amwhisper/ros/workspace/roscar/build/controller/prefix_override:/usr/lib/python3/dist-packages/colcon_core/task/python/colcon_distutils_commands:/home/amwhisper/ros/workspace/roscar/install/controller/lib/python3.10/site-packages:${PYTHONPATH} /usr/bin/python3 -W ignore:setup.py install is deprecated setup.py egg_info --egg-base ../../build/controller build --build-base /home/amwhisper/ros/workspace/roscar/build/controller/build install --record /home/amwhisper/ros/workspace/roscar/build/controller/install.log --single-version-externally-managed install_data
[0.710s] running egg_info
[0.710s] writing ../../build/controller/controller.egg-info/PKG-INFO
[0.710s] writing dependency_links to ../../build/controller/controller.egg-info/dependency_links.txt
[0.710s] writing entry points to ../../build/controller/controller.egg-info/entry_points.txt
[0.711s] writing requirements to ../../build/controller/controller.egg-info/requires.txt
[0.711s] writing top-level names to ../../build/controller/controller.egg-info/top_level.txt
[0.714s] reading manifest file '../../build/controller/controller.egg-info/SOURCES.txt'
[0.714s] writing manifest file '../../build/controller/controller.egg-info/SOURCES.txt'
[0.714s] running build
[0.714s] running build_py
[0.715s] copying controller/controller.py -> /home/amwhisper/ros/workspace/roscar/build/controller/build/lib/controller
[0.715s] running install
[0.715s] running install_lib
[0.716s] copying /home/amwhisper/ros/workspace/roscar/build/controller/build/lib/controller/controller.py -> /home/amwhisper/ros/workspace/roscar/install/controller/lib/python3.10/site-packages/controller
[0.717s] byte-compiling /home/amwhisper/ros/workspace/roscar/install/controller/lib/python3.10/site-packages/controller/controller.py to controller.cpython-310.pyc
[0.718s] running install_data
[0.719s] running install_egg_info
[0.721s] removing '/home/amwhisper/ros/workspace/roscar/install/controller/lib/python3.10/site-packages/controller-0.0.0-py3.10.egg-info' (and everything under it)
[0.725s] Copying ../../build/controller/controller.egg-info to /home/amwhisper/ros/workspace/roscar/install/controller/lib/python3.10/site-packages/controller-0.0.0-py3.10.egg-info
[0.725s] running install_scripts
[0.744s] Installing controller_node script to /home/amwhisper/ros/workspace/roscar/install/controller/lib/controller
[0.745s] writing list of installed files to '/home/amwhisper/ros/workspace/roscar/build/controller/install.log'
[0.765s] Invoked command in '/home/amwhisper/ros/workspace/roscar/src/controller' returned '0': PYTHONPATH=/home/amwhisper/ros/workspace/roscar/build/controller/prefix_override:/usr/lib/python3/dist-packages/colcon_core/task/python/colcon_distutils_commands:/home/amwhisper/ros/workspace/roscar/install/controller/lib/python3.10/site-packages:${PYTHONPATH} /usr/bin/python3 -W ignore:setup.py install is deprecated setup.py egg_info --egg-base ../../build/controller build --build-base /home/amwhisper/ros/workspace/roscar/build/controller/build install --record /home/amwhisper/ros/workspace/roscar/build/controller/install.log --single-version-externally-managed install_data
