[0.652s] Invoking command in '/home/amwhisper/ros/workspace/roscar/build/roscar_interfaces': CMAKE_PREFIX_PATH=/opt/ros/humble /usr/bin/cmake --build /home/amwhisper/ros/workspace/roscar/build/roscar_interfaces -- -j6 -l6
[0.677s] -- Found ament_cmake: 1.3.10 (/opt/ros/humble/share/ament_cmake/cmake)
[0.790s] -- Found rosidl_default_generators: 1.2.0 (/opt/ros/humble/share/rosidl_default_generators/cmake)
[0.794s] -- Using all available rosidl_typesupport_c: rosidl_typesupport_fastrtps_c;rosidl_typesupport_introspection_c
[0.794s] -- Found rosidl_adapter: 3.1.5 (/opt/ros/humble/share/rosidl_adapter/cmake)
[0.823s] -- Using all available rosidl_typesupport_cpp: rosidl_typesupport_fastrtps_cpp;rosidl_typesupport_introspection_cpp
[0.846s] -- Found geometry_msgs: 4.2.4 (/opt/ros/humble/share/geometry_msgs/cmake)
[1.150s] -- Found ament_cmake_ros: 0.10.0 (/opt/ros/humble/share/ament_cmake_ros/cmake)
[1.387s] -- Using all available rosidl_typesupport_c: rosidl_typesupport_fastrtps_c;rosidl_typesupport_introspection_c
[1.684s] -- Using all available rosidl_typesupport_cpp: rosidl_typesupport_fastrtps_cpp;rosidl_typesupport_introspection_cpp
[1.705s] -- Found python_cmake_module: 0.10.0 (/opt/ros/humble/share/python_cmake_module/cmake)
[1.728s] -- Using PYTHON_EXECUTABLE: /usr/bin/python3
[1.728s] -- Using PYTHON_INCLUDE_DIRS: /usr/include/python3.10
[1.728s] -- Using PYTHON_LIBRARIES: /usr/lib/x86_64-linux-gnu/libpython3.10.so
[1.757s] -- Found ament_lint_auto: 0.12.11 (/opt/ros/humble/share/ament_lint_auto/cmake)
[1.765s] -- Added test 'lint_cmake' to check CMake code style
[1.765s] -- Added test 'xmllint' to check XML markup files
[1.767s] -- Configuring done
[1.804s] -- Generating done
[1.809s] -- Build files have been written to: /home/amwhisper/ros/workspace/roscar/build/roscar_interfaces
[1.840s] [  3%] [34m[1mGenerating C code for ROS interfaces[0m
[1.852s] [  6%] [34m[1mGenerating C++ code for ROS interfaces[0m
[1.862s] [  6%] Built target ament_cmake_python_copy_roscar_interfaces
[2.058s] [  9%] [32mBuilding C object CMakeFiles/roscar_interfaces__rosidl_generator_c.dir/rosidl_generator_c/roscar_interfaces/msg/detail/controller__functions.c.o[0m
[2.059s] [  9%] Built target roscar_interfaces__cpp
[2.064s] running egg_info
[2.065s] writing roscar_interfaces.egg-info/PKG-INFO
[2.066s] writing dependency_links to roscar_interfaces.egg-info/dependency_links.txt
[2.067s] writing top-level names to roscar_interfaces.egg-info/top_level.txt
[2.069s] reading manifest file 'roscar_interfaces.egg-info/SOURCES.txt'
[2.070s] writing manifest file 'roscar_interfaces.egg-info/SOURCES.txt'
[2.070s] [ 12%] [34m[1mGenerating C++ type support dispatch for ROS interfaces[0m
[2.071s] [ 16%] [34m[1mGenerating C++ type support for eProsima Fast-RTPS[0m
[2.074s] [ 19%] [34m[1mGenerating C++ introspection for ROS interfaces[0m
[2.106s] [ 19%] Built target ament_cmake_python_build_roscar_interfaces_egg
[2.107s] [ 22%] [32m[1mLinking C shared library libroscar_interfaces__rosidl_generator_c.so[0m
[2.150s] [ 22%] Built target roscar_interfaces__rosidl_generator_c
[2.164s] [ 25%] [34m[1mGenerating C introspection for ROS interfaces[0m
[2.166s] [ 32%] [34m[1mGenerating C type support for eProsima Fast-RTPS[0m
[2.167s] [ 32%] [34m[1mGenerating C type support dispatch for ROS interfaces[0m
[2.268s] [ 35%] [32mBuilding CXX object CMakeFiles/roscar_interfaces__rosidl_typesupport_introspection_cpp.dir/rosidl_typesupport_introspection_cpp/roscar_interfaces/msg/detail/controller__type_support.cpp.o[0m
[2.276s] [ 38%] [32mBuilding CXX object CMakeFiles/roscar_interfaces__rosidl_typesupport_fastrtps_cpp.dir/rosidl_typesupport_fastrtps_cpp/roscar_interfaces/msg/detail/dds_fastrtps/controller__type_support.cpp.o[0m
[2.277s] [ 41%] [32mBuilding CXX object CMakeFiles/roscar_interfaces__rosidl_typesupport_cpp.dir/rosidl_typesupport_cpp/roscar_interfaces/msg/controller__type_support.cpp.o[0m
[2.385s] [ 45%] [32mBuilding C object CMakeFiles/roscar_interfaces__rosidl_typesupport_introspection_c.dir/rosidl_typesupport_introspection_c/roscar_interfaces/msg/detail/controller__type_support.c.o[0m
[2.392s] [ 48%] [32mBuilding CXX object CMakeFiles/roscar_interfaces__rosidl_typesupport_fastrtps_c.dir/rosidl_typesupport_fastrtps_c/roscar_interfaces/msg/detail/controller__type_support_c.cpp.o[0m
[2.396s] [ 51%] [32mBuilding CXX object CMakeFiles/roscar_interfaces__rosidl_typesupport_c.dir/rosidl_typesupport_c/roscar_interfaces/msg/controller__type_support.cpp.o[0m
[2.426s] [ 54%] [32m[1mLinking C shared library libroscar_interfaces__rosidl_typesupport_introspection_c.so[0m
[2.437s] [ 58%] [32m[1mLinking CXX shared library libroscar_interfaces__rosidl_typesupport_c.so[0m
[2.466s] [ 58%] Built target roscar_interfaces__rosidl_typesupport_introspection_c
[2.493s] [ 58%] Built target roscar_interfaces__rosidl_typesupport_c
[2.527s] [ 61%] [32m[1mLinking CXX shared library libroscar_interfaces__rosidl_typesupport_cpp.so[0m
[2.572s] [ 64%] [32m[1mLinking CXX shared library libroscar_interfaces__rosidl_typesupport_introspection_cpp.so[0m
[2.572s] [ 64%] Built target roscar_interfaces__rosidl_typesupport_cpp
[2.598s] [ 67%] [32m[1mLinking CXX shared library libroscar_interfaces__rosidl_typesupport_fastrtps_cpp.so[0m
[2.619s] [ 67%] Built target roscar_interfaces__rosidl_typesupport_introspection_cpp
[2.680s] [ 67%] Built target roscar_interfaces__rosidl_typesupport_fastrtps_cpp
[2.681s] [ 70%] [32m[1mLinking CXX shared library libroscar_interfaces__rosidl_typesupport_fastrtps_c.so[0m
[2.758s] [ 70%] Built target roscar_interfaces__rosidl_typesupport_fastrtps_c
[2.781s] [ 70%] Built target roscar_interfaces
[2.808s] [ 74%] [34m[1mGenerating Python code for ROS interfaces[0m
[3.033s] [ 74%] Built target roscar_interfaces__py
[3.057s] [ 77%] [32mBuilding C object CMakeFiles/roscar_interfaces__rosidl_generator_py.dir/rosidl_generator_py/roscar_interfaces/msg/_controller_s.c.o[0m
[3.158s] [ 80%] [32m[1mLinking C shared library rosidl_generator_py/roscar_interfaces/libroscar_interfaces__rosidl_generator_py.so[0m
[3.202s] [ 80%] Built target roscar_interfaces__rosidl_generator_py
[3.215s] [35m[1mConsolidate compiler generated dependencies of target roscar_interfaces__rosidl_typesupport_fastrtps_c__pyext[0m
[3.218s] [35m[1mConsolidate compiler generated dependencies of target roscar_interfaces__rosidl_typesupport_introspection_c__pyext[0m
[3.223s] [35m[1mConsolidate compiler generated dependencies of target roscar_interfaces__rosidl_typesupport_c__pyext[0m
[3.242s] [ 83%] [32mBuilding C object CMakeFiles/roscar_interfaces__rosidl_typesupport_fastrtps_c__pyext.dir/rosidl_generator_py/roscar_interfaces/_roscar_interfaces_s.ep.rosidl_typesupport_fastrtps_c.c.o[0m
[3.242s] [ 87%] [32mBuilding C object CMakeFiles/roscar_interfaces__rosidl_typesupport_c__pyext.dir/rosidl_generator_py/roscar_interfaces/_roscar_interfaces_s.ep.rosidl_typesupport_c.c.o[0m
[3.245s] [ 90%] [32mBuilding C object CMakeFiles/roscar_interfaces__rosidl_typesupport_introspection_c__pyext.dir/rosidl_generator_py/roscar_interfaces/_roscar_interfaces_s.ep.rosidl_typesupport_introspection_c.c.o[0m
[3.327s] [ 93%] [32m[1mLinking C shared library rosidl_generator_py/roscar_interfaces/roscar_interfaces_s__rosidl_typesupport_fastrtps_c.cpython-310-x86_64-linux-gnu.so[0m
[3.333s] [ 96%] [32m[1mLinking C shared library rosidl_generator_py/roscar_interfaces/roscar_interfaces_s__rosidl_typesupport_c.cpython-310-x86_64-linux-gnu.so[0m
[3.334s] [100%] [32m[1mLinking C shared library rosidl_generator_py/roscar_interfaces/roscar_interfaces_s__rosidl_typesupport_introspection_c.cpython-310-x86_64-linux-gnu.so[0m
[3.376s] [100%] Built target roscar_interfaces__rosidl_typesupport_fastrtps_c__pyext
[3.377s] [100%] Built target roscar_interfaces__rosidl_typesupport_introspection_c__pyext
[3.377s] [100%] Built target roscar_interfaces__rosidl_typesupport_c__pyext
[3.390s] Invoked command in '/home/amwhisper/ros/workspace/roscar/build/roscar_interfaces' returned '0': CMAKE_PREFIX_PATH=/opt/ros/humble /usr/bin/cmake --build /home/amwhisper/ros/workspace/roscar/build/roscar_interfaces -- -j6 -l6
[3.498s] Invoking command in '/home/amwhisper/ros/workspace/roscar/build/roscar_interfaces': CMAKE_PREFIX_PATH=/opt/ros/humble /usr/bin/cmake --install /home/amwhisper/ros/workspace/roscar/build/roscar_interfaces
[3.507s] -- Install configuration: ""
[3.507s] -- Installing: /home/amwhisper/ros/workspace/roscar/install/roscar_interfaces/share/ament_index/resource_index/rosidl_interfaces/roscar_interfaces
[3.510s] -- Up-to-date: /home/amwhisper/ros/workspace/roscar/install/roscar_interfaces/include/roscar_interfaces/roscar_interfaces
[3.510s] -- Up-to-date: /home/amwhisper/ros/workspace/roscar/install/roscar_interfaces/include/roscar_interfaces/roscar_interfaces/msg
[3.510s] -- Installing: /home/amwhisper/ros/workspace/roscar/install/roscar_interfaces/include/roscar_interfaces/roscar_interfaces/msg/controller.h
[3.510s] -- Up-to-date: /home/amwhisper/ros/workspace/roscar/install/roscar_interfaces/include/roscar_interfaces/roscar_interfaces/msg/detail
[3.510s] -- Installing: /home/amwhisper/ros/workspace/roscar/install/roscar_interfaces/include/roscar_interfaces/roscar_interfaces/msg/detail/controller__functions.c
[3.510s] -- Up-to-date: /home/amwhisper/ros/workspace/roscar/install/roscar_interfaces/include/roscar_interfaces/roscar_interfaces/msg/detail/can_control__struct.h
[3.511s] -- Installing: /home/amwhisper/ros/workspace/roscar/install/roscar_interfaces/include/roscar_interfaces/roscar_interfaces/msg/detail/controller__type_support.h
[3.511s] -- Up-to-date: /home/amwhisper/ros/workspace/roscar/install/roscar_interfaces/include/roscar_interfaces/roscar_interfaces/msg/detail/can_control__functions.c
[3.511s] -- Up-to-date: /home/amwhisper/ros/workspace/roscar/install/roscar_interfaces/include/roscar_interfaces/roscar_interfaces/msg/detail/can_control__type_support.h
[3.511s] -- Installing: /home/amwhisper/ros/workspace/roscar/install/roscar_interfaces/include/roscar_interfaces/roscar_interfaces/msg/detail/controller__struct.h
[3.511s] -- Installing: /home/amwhisper/ros/workspace/roscar/install/roscar_interfaces/include/roscar_interfaces/roscar_interfaces/msg/detail/controller__functions.h
[3.511s] -- Up-to-date: /home/amwhisper/ros/workspace/roscar/install/roscar_interfaces/include/roscar_interfaces/roscar_interfaces/msg/detail/can_control__functions.h
[3.511s] -- Up-to-date: /home/amwhisper/ros/workspace/roscar/install/roscar_interfaces/include/roscar_interfaces/roscar_interfaces/msg/can_control.h
[3.511s] -- Up-to-date: /home/amwhisper/ros/workspace/roscar/install/roscar_interfaces/include/roscar_interfaces/roscar_interfaces/msg/rosidl_generator_c__visibility_control.h
[3.511s] -- Up-to-date: /home/amwhisper/ros/workspace/roscar/install/roscar_interfaces/share/roscar_interfaces/environment/library_path.sh
[3.512s] -- Installing: /home/amwhisper/ros/workspace/roscar/install/roscar_interfaces/share/roscar_interfaces/environment/library_path.dsv
[3.512s] -- Installing: /home/amwhisper/ros/workspace/roscar/install/roscar_interfaces/lib/libroscar_interfaces__rosidl_generator_c.so
[3.512s] -- Set runtime path of "/home/amwhisper/ros/workspace/roscar/install/roscar_interfaces/lib/libroscar_interfaces__rosidl_generator_c.so" to ""
[3.512s] -- Up-to-date: /home/amwhisper/ros/workspace/roscar/install/roscar_interfaces/include/roscar_interfaces/roscar_interfaces
[3.512s] -- Up-to-date: /home/amwhisper/ros/workspace/roscar/install/roscar_interfaces/include/roscar_interfaces/roscar_interfaces/msg
[3.518s] -- Up-to-date: /home/amwhisper/ros/workspace/roscar/install/roscar_interfaces/include/roscar_interfaces/roscar_interfaces/msg/rosidl_typesupport_fastrtps_c__visibility_control.h
[3.518s] -- Up-to-date: /home/amwhisper/ros/workspace/roscar/install/roscar_interfaces/include/roscar_interfaces/roscar_interfaces/msg/detail
[3.518s] -- Installing: /home/amwhisper/ros/workspace/roscar/install/roscar_interfaces/include/roscar_interfaces/roscar_interfaces/msg/detail/controller__rosidl_typesupport_fastrtps_c.h
[3.518s] -- Up-to-date: /home/amwhisper/ros/workspace/roscar/install/roscar_interfaces/include/roscar_interfaces/roscar_interfaces/msg/detail/can_control__rosidl_typesupport_fastrtps_c.h
[3.519s] -- Installing: /home/amwhisper/ros/workspace/roscar/install/roscar_interfaces/lib/libroscar_interfaces__rosidl_typesupport_fastrtps_c.so
[3.519s] -- Set runtime path of "/home/amwhisper/ros/workspace/roscar/install/roscar_interfaces/lib/libroscar_interfaces__rosidl_typesupport_fastrtps_c.so" to ""
[3.519s] -- Up-to-date: /home/amwhisper/ros/workspace/roscar/install/roscar_interfaces/include/roscar_interfaces/roscar_interfaces
[3.519s] -- Up-to-date: /home/amwhisper/ros/workspace/roscar/install/roscar_interfaces/include/roscar_interfaces/roscar_interfaces/msg
[3.519s] -- Up-to-date: /home/amwhisper/ros/workspace/roscar/install/roscar_interfaces/include/roscar_interfaces/roscar_interfaces/msg/rosidl_typesupport_introspection_c__visibility_control.h
[3.519s] -- Up-to-date: /home/amwhisper/ros/workspace/roscar/install/roscar_interfaces/include/roscar_interfaces/roscar_interfaces/msg/detail
[3.519s] -- Up-to-date: /home/amwhisper/ros/workspace/roscar/install/roscar_interfaces/include/roscar_interfaces/roscar_interfaces/msg/detail/can_control__rosidl_typesupport_introspection_c.h
[3.519s] -- Installing: /home/amwhisper/ros/workspace/roscar/install/roscar_interfaces/include/roscar_interfaces/roscar_interfaces/msg/detail/controller__rosidl_typesupport_introspection_c.h
[3.519s] -- Installing: /home/amwhisper/ros/workspace/roscar/install/roscar_interfaces/include/roscar_interfaces/roscar_interfaces/msg/detail/controller__type_support.c
[3.519s] -- Up-to-date: /home/amwhisper/ros/workspace/roscar/install/roscar_interfaces/include/roscar_interfaces/roscar_interfaces/msg/detail/can_control__type_support.c
[3.519s] -- Installing: /home/amwhisper/ros/workspace/roscar/install/roscar_interfaces/lib/libroscar_interfaces__rosidl_typesupport_introspection_c.so
[3.519s] -- Set runtime path of "/home/amwhisper/ros/workspace/roscar/install/roscar_interfaces/lib/libroscar_interfaces__rosidl_typesupport_introspection_c.so" to ""
[3.519s] -- Installing: /home/amwhisper/ros/workspace/roscar/install/roscar_interfaces/lib/libroscar_interfaces__rosidl_typesupport_c.so
[3.519s] -- Set runtime path of "/home/amwhisper/ros/workspace/roscar/install/roscar_interfaces/lib/libroscar_interfaces__rosidl_typesupport_c.so" to ""
[3.519s] -- Up-to-date: /home/amwhisper/ros/workspace/roscar/install/roscar_interfaces/include/roscar_interfaces/roscar_interfaces
[3.519s] -- Up-to-date: /home/amwhisper/ros/workspace/roscar/install/roscar_interfaces/include/roscar_interfaces/roscar_interfaces/msg
[3.519s] -- Installing: /home/amwhisper/ros/workspace/roscar/install/roscar_interfaces/include/roscar_interfaces/roscar_interfaces/msg/controller.hpp
[3.519s] -- Up-to-date: /home/amwhisper/ros/workspace/roscar/install/roscar_interfaces/include/roscar_interfaces/roscar_interfaces/msg/detail
[3.519s] -- Up-to-date: /home/amwhisper/ros/workspace/roscar/install/roscar_interfaces/include/roscar_interfaces/roscar_interfaces/msg/detail/can_control__traits.hpp
[3.519s] -- Up-to-date: /home/amwhisper/ros/workspace/roscar/install/roscar_interfaces/include/roscar_interfaces/roscar_interfaces/msg/detail/can_control__builder.hpp
[3.519s] -- Installing: /home/amwhisper/ros/workspace/roscar/install/roscar_interfaces/include/roscar_interfaces/roscar_interfaces/msg/detail/controller__traits.hpp
[3.519s] -- Up-to-date: /home/amwhisper/ros/workspace/roscar/install/roscar_interfaces/include/roscar_interfaces/roscar_interfaces/msg/detail/can_control__struct.hpp
[3.519s] -- Installing: /home/amwhisper/ros/workspace/roscar/install/roscar_interfaces/include/roscar_interfaces/roscar_interfaces/msg/detail/controller__builder.hpp
[3.519s] -- Installing: /home/amwhisper/ros/workspace/roscar/install/roscar_interfaces/include/roscar_interfaces/roscar_interfaces/msg/detail/controller__struct.hpp
[3.519s] -- Up-to-date: /home/amwhisper/ros/workspace/roscar/install/roscar_interfaces/include/roscar_interfaces/roscar_interfaces/msg/can_control.hpp
[3.520s] -- Up-to-date: /home/amwhisper/ros/workspace/roscar/install/roscar_interfaces/include/roscar_interfaces/roscar_interfaces
[3.520s] -- Up-to-date: /home/amwhisper/ros/workspace/roscar/install/roscar_interfaces/include/roscar_interfaces/roscar_interfaces/msg
[3.520s] -- Up-to-date: /home/amwhisper/ros/workspace/roscar/install/roscar_interfaces/include/roscar_interfaces/roscar_interfaces/msg/rosidl_typesupport_fastrtps_cpp__visibility_control.h
[3.520s] -- Up-to-date: /home/amwhisper/ros/workspace/roscar/install/roscar_interfaces/include/roscar_interfaces/roscar_interfaces/msg/detail
[3.520s] -- Up-to-date: /home/amwhisper/ros/workspace/roscar/install/roscar_interfaces/include/roscar_interfaces/roscar_interfaces/msg/detail/can_control__rosidl_typesupport_fastrtps_cpp.hpp
[3.520s] -- Installing: /home/amwhisper/ros/workspace/roscar/install/roscar_interfaces/include/roscar_interfaces/roscar_interfaces/msg/detail/controller__rosidl_typesupport_fastrtps_cpp.hpp
[3.520s] -- Up-to-date: /home/amwhisper/ros/workspace/roscar/install/roscar_interfaces/include/roscar_interfaces/roscar_interfaces/msg/detail/dds_fastrtps
[3.520s] -- Installing: /home/amwhisper/ros/workspace/roscar/install/roscar_interfaces/lib/libroscar_interfaces__rosidl_typesupport_fastrtps_cpp.so
[3.520s] -- Set runtime path of "/home/amwhisper/ros/workspace/roscar/install/roscar_interfaces/lib/libroscar_interfaces__rosidl_typesupport_fastrtps_cpp.so" to ""
[3.520s] -- Up-to-date: /home/amwhisper/ros/workspace/roscar/install/roscar_interfaces/include/roscar_interfaces/roscar_interfaces
[3.520s] -- Up-to-date: /home/amwhisper/ros/workspace/roscar/install/roscar_interfaces/include/roscar_interfaces/roscar_interfaces/msg
[3.520s] -- Up-to-date: /home/amwhisper/ros/workspace/roscar/install/roscar_interfaces/include/roscar_interfaces/roscar_interfaces/msg/detail
[3.520s] -- Installing: /home/amwhisper/ros/workspace/roscar/install/roscar_interfaces/include/roscar_interfaces/roscar_interfaces/msg/detail/controller__rosidl_typesupport_introspection_cpp.hpp
[3.520s] -- Installing: /home/amwhisper/ros/workspace/roscar/install/roscar_interfaces/include/roscar_interfaces/roscar_interfaces/msg/detail/controller__type_support.cpp
[3.520s] -- Up-to-date: /home/amwhisper/ros/workspace/roscar/install/roscar_interfaces/include/roscar_interfaces/roscar_interfaces/msg/detail/can_control__rosidl_typesupport_introspection_cpp.hpp
[3.520s] -- Up-to-date: /home/amwhisper/ros/workspace/roscar/install/roscar_interfaces/include/roscar_interfaces/roscar_interfaces/msg/detail/can_control__type_support.cpp
[3.520s] -- Installing: /home/amwhisper/ros/workspace/roscar/install/roscar_interfaces/lib/libroscar_interfaces__rosidl_typesupport_introspection_cpp.so
[3.520s] -- Set runtime path of "/home/amwhisper/ros/workspace/roscar/install/roscar_interfaces/lib/libroscar_interfaces__rosidl_typesupport_introspection_cpp.so" to ""
[3.520s] -- Installing: /home/amwhisper/ros/workspace/roscar/install/roscar_interfaces/lib/libroscar_interfaces__rosidl_typesupport_cpp.so
[3.520s] -- Set runtime path of "/home/amwhisper/ros/workspace/roscar/install/roscar_interfaces/lib/libroscar_interfaces__rosidl_typesupport_cpp.so" to ""
[3.521s] -- Up-to-date: /home/amwhisper/ros/workspace/roscar/install/roscar_interfaces/share/roscar_interfaces/environment/pythonpath.sh
[3.521s] -- Installing: /home/amwhisper/ros/workspace/roscar/install/roscar_interfaces/share/roscar_interfaces/environment/pythonpath.dsv
[3.521s] -- Up-to-date: /home/amwhisper/ros/workspace/roscar/install/roscar_interfaces/local/lib/python3.10/dist-packages/roscar_interfaces-0.0.0-py3.10.egg-info
[3.521s] -- Installing: /home/amwhisper/ros/workspace/roscar/install/roscar_interfaces/local/lib/python3.10/dist-packages/roscar_interfaces-0.0.0-py3.10.egg-info/top_level.txt
[3.521s] -- Installing: /home/amwhisper/ros/workspace/roscar/install/roscar_interfaces/local/lib/python3.10/dist-packages/roscar_interfaces-0.0.0-py3.10.egg-info/SOURCES.txt
[3.521s] -- Installing: /home/amwhisper/ros/workspace/roscar/install/roscar_interfaces/local/lib/python3.10/dist-packages/roscar_interfaces-0.0.0-py3.10.egg-info/PKG-INFO
[3.521s] -- Installing: /home/amwhisper/ros/workspace/roscar/install/roscar_interfaces/local/lib/python3.10/dist-packages/roscar_interfaces-0.0.0-py3.10.egg-info/dependency_links.txt
[3.521s] -- Up-to-date: /home/amwhisper/ros/workspace/roscar/install/roscar_interfaces/local/lib/python3.10/dist-packages/roscar_interfaces
[3.521s] -- Installing: /home/amwhisper/ros/workspace/roscar/install/roscar_interfaces/local/lib/python3.10/dist-packages/roscar_interfaces/_roscar_interfaces_s.ep.rosidl_typesupport_c.c
[3.521s] -- Up-to-date: /home/amwhisper/ros/workspace/roscar/install/roscar_interfaces/local/lib/python3.10/dist-packages/roscar_interfaces/msg
[3.521s] -- Installing: /home/amwhisper/ros/workspace/roscar/install/roscar_interfaces/local/lib/python3.10/dist-packages/roscar_interfaces/msg/_controller.py
[3.521s] -- Installing: /home/amwhisper/ros/workspace/roscar/install/roscar_interfaces/local/lib/python3.10/dist-packages/roscar_interfaces/msg/__init__.py
[3.521s] -- Up-to-date: /home/amwhisper/ros/workspace/roscar/install/roscar_interfaces/local/lib/python3.10/dist-packages/roscar_interfaces/msg/_can_control.py
[3.521s] -- Up-to-date: /home/amwhisper/ros/workspace/roscar/install/roscar_interfaces/local/lib/python3.10/dist-packages/roscar_interfaces/msg/_can_control_s.c
[3.521s] -- Installing: /home/amwhisper/ros/workspace/roscar/install/roscar_interfaces/local/lib/python3.10/dist-packages/roscar_interfaces/msg/_controller_s.c
[3.521s] -- Installing: /home/amwhisper/ros/workspace/roscar/install/roscar_interfaces/local/lib/python3.10/dist-packages/roscar_interfaces/__init__.py
[3.521s] -- Installing: /home/amwhisper/ros/workspace/roscar/install/roscar_interfaces/local/lib/python3.10/dist-packages/roscar_interfaces/roscar_interfaces_s__rosidl_typesupport_c.cpython-310-x86_64-linux-gnu.so
[3.521s] -- Installing: /home/amwhisper/ros/workspace/roscar/install/roscar_interfaces/local/lib/python3.10/dist-packages/roscar_interfaces/libroscar_interfaces__rosidl_generator_py.so
[3.521s] -- Installing: /home/amwhisper/ros/workspace/roscar/install/roscar_interfaces/local/lib/python3.10/dist-packages/roscar_interfaces/_roscar_interfaces_s.ep.rosidl_typesupport_fastrtps_c.c
[3.521s] -- Installing: /home/amwhisper/ros/workspace/roscar/install/roscar_interfaces/local/lib/python3.10/dist-packages/roscar_interfaces/roscar_interfaces_s__rosidl_typesupport_introspection_c.cpython-310-x86_64-linux-gnu.so
[3.521s] -- Installing: /home/amwhisper/ros/workspace/roscar/install/roscar_interfaces/local/lib/python3.10/dist-packages/roscar_interfaces/_roscar_interfaces_s.ep.rosidl_typesupport_introspection_c.c
[3.521s] -- Installing: /home/amwhisper/ros/workspace/roscar/install/roscar_interfaces/local/lib/python3.10/dist-packages/roscar_interfaces/roscar_interfaces_s__rosidl_typesupport_fastrtps_c.cpython-310-x86_64-linux-gnu.so
[3.549s] Listing '/home/amwhisper/ros/workspace/roscar/install/roscar_interfaces/local/lib/python3.10/dist-packages/roscar_interfaces'...
[3.549s] Compiling '/home/amwhisper/ros/workspace/roscar/install/roscar_interfaces/local/lib/python3.10/dist-packages/roscar_interfaces/__init__.py'...
[3.549s] Listing '/home/amwhisper/ros/workspace/roscar/install/roscar_interfaces/local/lib/python3.10/dist-packages/roscar_interfaces/msg'...
[3.549s] Compiling '/home/amwhisper/ros/workspace/roscar/install/roscar_interfaces/local/lib/python3.10/dist-packages/roscar_interfaces/msg/__init__.py'...
[3.549s] Compiling '/home/amwhisper/ros/workspace/roscar/install/roscar_interfaces/local/lib/python3.10/dist-packages/roscar_interfaces/msg/_controller.py'...
[3.554s] -- Installing: /home/amwhisper/ros/workspace/roscar/install/roscar_interfaces/local/lib/python3.10/dist-packages/roscar_interfaces/roscar_interfaces_s__rosidl_typesupport_fastrtps_c.cpython-310-x86_64-linux-gnu.so
[3.554s] -- Set runtime path of "/home/amwhisper/ros/workspace/roscar/install/roscar_interfaces/local/lib/python3.10/dist-packages/roscar_interfaces/roscar_interfaces_s__rosidl_typesupport_fastrtps_c.cpython-310-x86_64-linux-gnu.so" to ""
[3.554s] -- Installing: /home/amwhisper/ros/workspace/roscar/install/roscar_interfaces/local/lib/python3.10/dist-packages/roscar_interfaces/roscar_interfaces_s__rosidl_typesupport_introspection_c.cpython-310-x86_64-linux-gnu.so
[3.555s] -- Set runtime path of "/home/amwhisper/ros/workspace/roscar/install/roscar_interfaces/local/lib/python3.10/dist-packages/roscar_interfaces/roscar_interfaces_s__rosidl_typesupport_introspection_c.cpython-310-x86_64-linux-gnu.so" to ""
[3.555s] -- Installing: /home/amwhisper/ros/workspace/roscar/install/roscar_interfaces/local/lib/python3.10/dist-packages/roscar_interfaces/roscar_interfaces_s__rosidl_typesupport_c.cpython-310-x86_64-linux-gnu.so
[3.556s] -- Set runtime path of "/home/amwhisper/ros/workspace/roscar/install/roscar_interfaces/local/lib/python3.10/dist-packages/roscar_interfaces/roscar_interfaces_s__rosidl_typesupport_c.cpython-310-x86_64-linux-gnu.so" to ""
[3.556s] -- Installing: /home/amwhisper/ros/workspace/roscar/install/roscar_interfaces/lib/libroscar_interfaces__rosidl_generator_py.so
[3.556s] -- Set runtime path of "/home/amwhisper/ros/workspace/roscar/install/roscar_interfaces/lib/libroscar_interfaces__rosidl_generator_py.so" to ""
[3.556s] -- Installing: /home/amwhisper/ros/workspace/roscar/install/roscar_interfaces/share/roscar_interfaces/msg/Controller.idl
[3.556s] -- Installing: /home/amwhisper/ros/workspace/roscar/install/roscar_interfaces/share/roscar_interfaces/msg/Controller.msg
[3.556s] -- Up-to-date: /home/amwhisper/ros/workspace/roscar/install/roscar_interfaces/share/ament_index/resource_index/package_run_dependencies/roscar_interfaces
[3.556s] -- Up-to-date: /home/amwhisper/ros/workspace/roscar/install/roscar_interfaces/share/ament_index/resource_index/parent_prefix_path/roscar_interfaces
[3.556s] -- Up-to-date: /home/amwhisper/ros/workspace/roscar/install/roscar_interfaces/share/roscar_interfaces/environment/ament_prefix_path.sh
[3.556s] -- Installing: /home/amwhisper/ros/workspace/roscar/install/roscar_interfaces/share/roscar_interfaces/environment/ament_prefix_path.dsv
[3.556s] -- Up-to-date: /home/amwhisper/ros/workspace/roscar/install/roscar_interfaces/share/roscar_interfaces/environment/path.sh
[3.556s] -- Installing: /home/amwhisper/ros/workspace/roscar/install/roscar_interfaces/share/roscar_interfaces/environment/path.dsv
[3.556s] -- Up-to-date: /home/amwhisper/ros/workspace/roscar/install/roscar_interfaces/share/roscar_interfaces/local_setup.bash
[3.556s] -- Up-to-date: /home/amwhisper/ros/workspace/roscar/install/roscar_interfaces/share/roscar_interfaces/local_setup.sh
[3.556s] -- Up-to-date: /home/amwhisper/ros/workspace/roscar/install/roscar_interfaces/share/roscar_interfaces/local_setup.zsh
[3.556s] -- Installing: /home/amwhisper/ros/workspace/roscar/install/roscar_interfaces/share/roscar_interfaces/local_setup.dsv
[3.556s] -- Installing: /home/amwhisper/ros/workspace/roscar/install/roscar_interfaces/share/roscar_interfaces/package.dsv
[3.557s] -- Up-to-date: /home/amwhisper/ros/workspace/roscar/install/roscar_interfaces/share/ament_index/resource_index/packages/roscar_interfaces
[3.557s] -- Up-to-date: /home/amwhisper/ros/workspace/roscar/install/roscar_interfaces/share/roscar_interfaces/cmake/export_roscar_interfaces__rosidl_generator_cExport.cmake
[3.557s] -- Up-to-date: /home/amwhisper/ros/workspace/roscar/install/roscar_interfaces/share/roscar_interfaces/cmake/export_roscar_interfaces__rosidl_generator_cExport-noconfig.cmake
[3.558s] -- Up-to-date: /home/amwhisper/ros/workspace/roscar/install/roscar_interfaces/share/roscar_interfaces/cmake/export_roscar_interfaces__rosidl_typesupport_fastrtps_cExport.cmake
[3.558s] -- Up-to-date: /home/amwhisper/ros/workspace/roscar/install/roscar_interfaces/share/roscar_interfaces/cmake/export_roscar_interfaces__rosidl_typesupport_fastrtps_cExport-noconfig.cmake
[3.558s] -- Up-to-date: /home/amwhisper/ros/workspace/roscar/install/roscar_interfaces/share/roscar_interfaces/cmake/roscar_interfaces__rosidl_typesupport_introspection_cExport.cmake
[3.558s] -- Up-to-date: /home/amwhisper/ros/workspace/roscar/install/roscar_interfaces/share/roscar_interfaces/cmake/roscar_interfaces__rosidl_typesupport_introspection_cExport-noconfig.cmake
[3.558s] -- Up-to-date: /home/amwhisper/ros/workspace/roscar/install/roscar_interfaces/share/roscar_interfaces/cmake/roscar_interfaces__rosidl_typesupport_cExport.cmake
[3.559s] -- Up-to-date: /home/amwhisper/ros/workspace/roscar/install/roscar_interfaces/share/roscar_interfaces/cmake/roscar_interfaces__rosidl_typesupport_cExport-noconfig.cmake
[3.559s] -- Up-to-date: /home/amwhisper/ros/workspace/roscar/install/roscar_interfaces/share/roscar_interfaces/cmake/export_roscar_interfaces__rosidl_generator_cppExport.cmake
[3.559s] -- Up-to-date: /home/amwhisper/ros/workspace/roscar/install/roscar_interfaces/share/roscar_interfaces/cmake/export_roscar_interfaces__rosidl_typesupport_fastrtps_cppExport.cmake
[3.559s] -- Up-to-date: /home/amwhisper/ros/workspace/roscar/install/roscar_interfaces/share/roscar_interfaces/cmake/export_roscar_interfaces__rosidl_typesupport_fastrtps_cppExport-noconfig.cmake
[3.559s] -- Up-to-date: /home/amwhisper/ros/workspace/roscar/install/roscar_interfaces/share/roscar_interfaces/cmake/roscar_interfaces__rosidl_typesupport_introspection_cppExport.cmake
[3.559s] -- Up-to-date: /home/amwhisper/ros/workspace/roscar/install/roscar_interfaces/share/roscar_interfaces/cmake/roscar_interfaces__rosidl_typesupport_introspection_cppExport-noconfig.cmake
[3.559s] -- Up-to-date: /home/amwhisper/ros/workspace/roscar/install/roscar_interfaces/share/roscar_interfaces/cmake/roscar_interfaces__rosidl_typesupport_cppExport.cmake
[3.559s] -- Up-to-date: /home/amwhisper/ros/workspace/roscar/install/roscar_interfaces/share/roscar_interfaces/cmake/roscar_interfaces__rosidl_typesupport_cppExport-noconfig.cmake
[3.559s] -- Up-to-date: /home/amwhisper/ros/workspace/roscar/install/roscar_interfaces/share/roscar_interfaces/cmake/export_roscar_interfaces__rosidl_generator_pyExport.cmake
[3.559s] -- Up-to-date: /home/amwhisper/ros/workspace/roscar/install/roscar_interfaces/share/roscar_interfaces/cmake/export_roscar_interfaces__rosidl_generator_pyExport-noconfig.cmake
[3.559s] -- Installing: /home/amwhisper/ros/workspace/roscar/install/roscar_interfaces/share/roscar_interfaces/cmake/rosidl_cmake-extras.cmake
[3.559s] -- Up-to-date: /home/amwhisper/ros/workspace/roscar/install/roscar_interfaces/share/roscar_interfaces/cmake/ament_cmake_export_dependencies-extras.cmake
[3.559s] -- Up-to-date: /home/amwhisper/ros/workspace/roscar/install/roscar_interfaces/share/roscar_interfaces/cmake/ament_cmake_export_include_directories-extras.cmake
[3.559s] -- Up-to-date: /home/amwhisper/ros/workspace/roscar/install/roscar_interfaces/share/roscar_interfaces/cmake/ament_cmake_export_libraries-extras.cmake
[3.559s] -- Up-to-date: /home/amwhisper/ros/workspace/roscar/install/roscar_interfaces/share/roscar_interfaces/cmake/ament_cmake_export_targets-extras.cmake
[3.559s] -- Up-to-date: /home/amwhisper/ros/workspace/roscar/install/roscar_interfaces/share/roscar_interfaces/cmake/rosidl_cmake_export_typesupport_targets-extras.cmake
[3.559s] -- Up-to-date: /home/amwhisper/ros/workspace/roscar/install/roscar_interfaces/share/roscar_interfaces/cmake/rosidl_cmake_export_typesupport_libraries-extras.cmake
[3.559s] -- Up-to-date: /home/amwhisper/ros/workspace/roscar/install/roscar_interfaces/share/roscar_interfaces/cmake/roscar_interfacesConfig.cmake
[3.559s] -- Up-to-date: /home/amwhisper/ros/workspace/roscar/install/roscar_interfaces/share/roscar_interfaces/cmake/roscar_interfacesConfig-version.cmake
[3.559s] -- Up-to-date: /home/amwhisper/ros/workspace/roscar/install/roscar_interfaces/share/roscar_interfaces/package.xml
[3.561s] Invoked command in '/home/amwhisper/ros/workspace/roscar/build/roscar_interfaces' returned '0': CMAKE_PREFIX_PATH=/opt/ros/humble /usr/bin/cmake --install /home/amwhisper/ros/workspace/roscar/build/roscar_interfaces
