[0.468s] Invoking command in '/home/amwhisper/ros/workspace/roscar/build/roscar_interfaces': CMAKE_PREFIX_PATH=/opt/ros/humble /usr/bin/cmake /home/amwhisper/ros/workspace/roscar/src/roscar_interfaces -DCMAKE_INSTALL_PREFIX=/home/amwhisper/ros/workspace/roscar/install/roscar_interfaces
[0.601s] -- The C compiler identification is GNU 11.4.0
[0.823s] -- The CXX compiler identification is GNU 11.4.0
[0.841s] -- Detecting C compiler ABI info
[0.936s] -- Detecting C compiler ABI info - done
[0.941s] -- Check for working C compiler: /usr/bin/cc - skipped
[0.943s] -- Detecting C compile features
[0.944s] -- Detecting C compile features - done
[0.949s] -- Detecting CXX compiler ABI info
[1.044s] -- Detecting CXX compiler ABI info - done
[1.050s] -- Check for working CXX compiler: /usr/bin/c++ - skipped
[1.050s] -- Detecting CXX compile features
[1.051s] -- Detecting CXX compile features - done
[1.056s] -- Found ament_cmake: 1.3.10 (/opt/ros/humble/share/ament_cmake/cmake)
[1.247s] -- Found Python3: /usr/bin/python3 (found version "3.10.12") found components: Interpreter 
[1.372s] -- Found rosidl_default_generators: 1.2.0 (/opt/ros/humble/share/rosidl_default_generators/cmake)
[1.380s] -- Using all available rosidl_typesupport_c: rosidl_typesupport_fastrtps_c;rosidl_typesupport_introspection_c
[1.392s] -- Found rosidl_adapter: 3.1.5 (/opt/ros/humble/share/rosidl_adapter/cmake)
[1.460s] -- Using all available rosidl_typesupport_cpp: rosidl_typesupport_fastrtps_cpp;rosidl_typesupport_introspection_cpp
[1.515s] -- Found geometry_msgs: 4.2.4 (/opt/ros/humble/share/geometry_msgs/cmake)
[1.842s] -- Found ament_cmake_ros: 0.10.0 (/opt/ros/humble/share/ament_cmake_ros/cmake)
[2.072s] -- Using all available rosidl_typesupport_c: rosidl_typesupport_fastrtps_c;rosidl_typesupport_introspection_c
[2.364s] -- Using all available rosidl_typesupport_cpp: rosidl_typesupport_fastrtps_cpp;rosidl_typesupport_introspection_cpp
[2.386s] -- Found PythonInterp: /usr/bin/python3 (found suitable version "3.10.12", minimum required is "3.6") 
[2.388s] -- Found python_cmake_module: 0.10.0 (/opt/ros/humble/share/python_cmake_module/cmake)
[2.416s] -- Found PythonLibs: /usr/lib/x86_64-linux-gnu/libpython3.10.so (found suitable version "3.10.12", minimum required is "3.5") 
[2.417s] -- Using PYTHON_EXECUTABLE: /usr/bin/python3
[2.417s] -- Using PYTHON_INCLUDE_DIRS: /usr/include/python3.10
[2.417s] -- Using PYTHON_LIBRARIES: /usr/lib/x86_64-linux-gnu/libpython3.10.so
[2.439s] -- Found PythonExtra: .so  
[2.491s] -- Found ament_lint_auto: 0.12.11 (/opt/ros/humble/share/ament_lint_auto/cmake)
[2.533s] -- Added test 'lint_cmake' to check CMake code style
[2.535s] -- Added test 'xmllint' to check XML markup files
[2.539s] -- Configuring done
[2.571s] -- Generating done
[2.573s] -- Build files have been written to: /home/amwhisper/ros/workspace/roscar/build/roscar_interfaces
[2.581s] Invoked command in '/home/amwhisper/ros/workspace/roscar/build/roscar_interfaces' returned '0': CMAKE_PREFIX_PATH=/opt/ros/humble /usr/bin/cmake /home/amwhisper/ros/workspace/roscar/src/roscar_interfaces -DCMAKE_INSTALL_PREFIX=/home/amwhisper/ros/workspace/roscar/install/roscar_interfaces
[2.583s] Invoking command in '/home/amwhisper/ros/workspace/roscar/build/roscar_interfaces': CMAKE_PREFIX_PATH=/opt/ros/humble /usr/bin/cmake --build /home/amwhisper/ros/workspace/roscar/build/roscar_interfaces -- -j6 -l6
[2.629s] [  3%] [34m[1mGenerating C code for ROS interfaces[0m
[2.644s] [  6%] [34m[1mGenerating C++ code for ROS interfaces[0m
[2.650s] [  6%] Built target ament_cmake_python_copy_roscar_interfaces
[2.856s] running egg_info
[2.856s] creating roscar_interfaces.egg-info
[2.856s] writing roscar_interfaces.egg-info/PKG-INFO
[2.856s] writing dependency_links to roscar_interfaces.egg-info/dependency_links.txt
[2.856s] writing top-level names to roscar_interfaces.egg-info/top_level.txt
[2.857s] writing manifest file 'roscar_interfaces.egg-info/SOURCES.txt'
[2.857s] [  6%] Built target roscar_interfaces__cpp
[2.857s] reading manifest file 'roscar_interfaces.egg-info/SOURCES.txt'
[2.857s] writing manifest file 'roscar_interfaces.egg-info/SOURCES.txt'
[2.868s] [ 12%] [34m[1mGenerating C++ introspection for ROS interfaces[0m
[2.868s] [ 16%] [34m[1mGenerating C++ type support for eProsima Fast-RTPS[0m
[2.868s] [ 16%] [34m[1mGenerating C++ type support dispatch for ROS interfaces[0m
[2.869s] [ 19%] [32mBuilding C object CMakeFiles/roscar_interfaces__rosidl_generator_c.dir/rosidl_generator_c/roscar_interfaces/msg/detail/can_control__functions.c.o[0m
[2.878s] [ 19%] Built target ament_cmake_python_build_roscar_interfaces_egg
[2.940s] [ 22%] [32m[1mLinking C shared library libroscar_interfaces__rosidl_generator_c.so[0m
[2.983s] [ 22%] Built target roscar_interfaces__rosidl_generator_c
[2.995s] [ 25%] [34m[1mGenerating C type support for eProsima Fast-RTPS[0m
[2.995s] [ 29%] [34m[1mGenerating C type support dispatch for ROS interfaces[0m
[2.997s] [ 32%] [34m[1mGenerating C introspection for ROS interfaces[0m
[3.058s] [ 35%] [32mBuilding CXX object CMakeFiles/roscar_interfaces__rosidl_typesupport_cpp.dir/rosidl_typesupport_cpp/roscar_interfaces/msg/can_control__type_support.cpp.o[0m
[3.080s] [ 38%] [32mBuilding CXX object CMakeFiles/roscar_interfaces__rosidl_typesupport_fastrtps_cpp.dir/rosidl_typesupport_fastrtps_cpp/roscar_interfaces/msg/detail/dds_fastrtps/can_control__type_support.cpp.o[0m
[3.097s] [ 41%] [32mBuilding CXX object CMakeFiles/roscar_interfaces__rosidl_typesupport_introspection_cpp.dir/rosidl_typesupport_introspection_cpp/roscar_interfaces/msg/detail/can_control__type_support.cpp.o[0m
[3.196s] [ 45%] [32mBuilding C object CMakeFiles/roscar_interfaces__rosidl_typesupport_introspection_c.dir/rosidl_typesupport_introspection_c/roscar_interfaces/msg/detail/can_control__type_support.c.o[0m
[3.241s] [ 48%] [32m[1mLinking C shared library libroscar_interfaces__rosidl_typesupport_introspection_c.so[0m
[3.244s] [ 51%] [32mBuilding CXX object CMakeFiles/roscar_interfaces__rosidl_typesupport_fastrtps_c.dir/rosidl_typesupport_fastrtps_c/roscar_interfaces/msg/detail/can_control__type_support_c.cpp.o[0m
[3.247s] [ 54%] [32mBuilding CXX object CMakeFiles/roscar_interfaces__rosidl_typesupport_c.dir/rosidl_typesupport_c/roscar_interfaces/msg/can_control__type_support.cpp.o[0m
[3.293s] [ 54%] Built target roscar_interfaces__rosidl_typesupport_introspection_c
[3.300s] [ 58%] [32m[1mLinking CXX shared library libroscar_interfaces__rosidl_typesupport_c.so[0m
[3.366s] [ 61%] [32m[1mLinking CXX shared library libroscar_interfaces__rosidl_typesupport_cpp.so[0m
[3.370s] [ 61%] Built target roscar_interfaces__rosidl_typesupport_c
[3.422s] [ 61%] Built target roscar_interfaces__rosidl_typesupport_cpp
[3.547s] [ 64%] [32m[1mLinking CXX shared library libroscar_interfaces__rosidl_typesupport_introspection_cpp.so[0m
[3.597s] [ 67%] [32m[1mLinking CXX shared library libroscar_interfaces__rosidl_typesupport_fastrtps_cpp.so[0m
[3.606s] [ 67%] Built target roscar_interfaces__rosidl_typesupport_introspection_cpp
[3.645s] [ 70%] [32m[1mLinking CXX shared library libroscar_interfaces__rosidl_typesupport_fastrtps_c.so[0m
[3.676s] [ 70%] Built target roscar_interfaces__rosidl_typesupport_fastrtps_cpp
[3.725s] [ 70%] Built target roscar_interfaces__rosidl_typesupport_fastrtps_c
[3.749s] [ 70%] Built target roscar_interfaces
[3.772s] [ 74%] [34m[1mGenerating Python code for ROS interfaces[0m
[3.996s] [ 74%] Built target roscar_interfaces__py
[4.021s] [ 77%] [32mBuilding C object CMakeFiles/roscar_interfaces__rosidl_generator_py.dir/rosidl_generator_py/roscar_interfaces/msg/_can_control_s.c.o[0m
[4.109s] [ 80%] [32m[1mLinking C shared library rosidl_generator_py/roscar_interfaces/libroscar_interfaces__rosidl_generator_py.so[0m
[4.159s] [ 80%] Built target roscar_interfaces__rosidl_generator_py
[4.183s] [ 83%] [32mBuilding C object CMakeFiles/roscar_interfaces__rosidl_typesupport_introspection_c__pyext.dir/rosidl_generator_py/roscar_interfaces/_roscar_interfaces_s.ep.rosidl_typesupport_introspection_c.c.o[0m
[4.184s] [ 87%] [32mBuilding C object CMakeFiles/roscar_interfaces__rosidl_typesupport_fastrtps_c__pyext.dir/rosidl_generator_py/roscar_interfaces/_roscar_interfaces_s.ep.rosidl_typesupport_fastrtps_c.c.o[0m
[4.184s] [ 90%] [32mBuilding C object CMakeFiles/roscar_interfaces__rosidl_typesupport_c__pyext.dir/rosidl_generator_py/roscar_interfaces/_roscar_interfaces_s.ep.rosidl_typesupport_c.c.o[0m
[4.270s] [ 93%] [32m[1mLinking C shared library rosidl_generator_py/roscar_interfaces/roscar_interfaces_s__rosidl_typesupport_introspection_c.cpython-310-x86_64-linux-gnu.so[0m
[4.270s] [ 96%] [32m[1mLinking C shared library rosidl_generator_py/roscar_interfaces/roscar_interfaces_s__rosidl_typesupport_c.cpython-310-x86_64-linux-gnu.so[0m
[4.278s] [100%] [32m[1mLinking C shared library rosidl_generator_py/roscar_interfaces/roscar_interfaces_s__rosidl_typesupport_fastrtps_c.cpython-310-x86_64-linux-gnu.so[0m
[4.310s] [100%] Built target roscar_interfaces__rosidl_typesupport_c__pyext
[4.310s] [100%] Built target roscar_interfaces__rosidl_typesupport_introspection_c__pyext
[4.319s] [100%] Built target roscar_interfaces__rosidl_typesupport_fastrtps_c__pyext
[4.334s] Invoked command in '/home/amwhisper/ros/workspace/roscar/build/roscar_interfaces' returned '0': CMAKE_PREFIX_PATH=/opt/ros/humble /usr/bin/cmake --build /home/amwhisper/ros/workspace/roscar/build/roscar_interfaces -- -j6 -l6
[4.451s] Invoking command in '/home/amwhisper/ros/workspace/roscar/build/roscar_interfaces': CMAKE_PREFIX_PATH=/opt/ros/humble /usr/bin/cmake --install /home/amwhisper/ros/workspace/roscar/build/roscar_interfaces
[4.459s] -- Install configuration: ""
[4.459s] -- Installing: /home/amwhisper/ros/workspace/roscar/install/roscar_interfaces/share/ament_index/resource_index/rosidl_interfaces/roscar_interfaces
[4.460s] -- Installing: /home/amwhisper/ros/workspace/roscar/install/roscar_interfaces/include/roscar_interfaces/roscar_interfaces
[4.460s] -- Installing: /home/amwhisper/ros/workspace/roscar/install/roscar_interfaces/include/roscar_interfaces/roscar_interfaces/msg
[4.460s] -- Installing: /home/amwhisper/ros/workspace/roscar/install/roscar_interfaces/include/roscar_interfaces/roscar_interfaces/msg/detail
[4.461s] -- Installing: /home/amwhisper/ros/workspace/roscar/install/roscar_interfaces/include/roscar_interfaces/roscar_interfaces/msg/detail/can_control__struct.h
[4.461s] -- Installing: /home/amwhisper/ros/workspace/roscar/install/roscar_interfaces/include/roscar_interfaces/roscar_interfaces/msg/detail/can_control__functions.c
[4.461s] -- Installing: /home/amwhisper/ros/workspace/roscar/install/roscar_interfaces/include/roscar_interfaces/roscar_interfaces/msg/detail/can_control__type_support.h
[4.461s] -- Installing: /home/amwhisper/ros/workspace/roscar/install/roscar_interfaces/include/roscar_interfaces/roscar_interfaces/msg/detail/can_control__functions.h
[4.461s] -- Installing: /home/amwhisper/ros/workspace/roscar/install/roscar_interfaces/include/roscar_interfaces/roscar_interfaces/msg/can_control.h
[4.461s] -- Installing: /home/amwhisper/ros/workspace/roscar/install/roscar_interfaces/include/roscar_interfaces/roscar_interfaces/msg/rosidl_generator_c__visibility_control.h
[4.461s] -- Installing: /home/amwhisper/ros/workspace/roscar/install/roscar_interfaces/share/roscar_interfaces/environment/library_path.sh
[4.461s] -- Installing: /home/amwhisper/ros/workspace/roscar/install/roscar_interfaces/share/roscar_interfaces/environment/library_path.dsv
[4.462s] -- Installing: /home/amwhisper/ros/workspace/roscar/install/roscar_interfaces/lib/libroscar_interfaces__rosidl_generator_c.so
[4.472s] -- Set runtime path of "/home/amwhisper/ros/workspace/roscar/install/roscar_interfaces/lib/libroscar_interfaces__rosidl_generator_c.so" to ""
[4.472s] -- Up-to-date: /home/amwhisper/ros/workspace/roscar/install/roscar_interfaces/include/roscar_interfaces/roscar_interfaces
[4.472s] -- Up-to-date: /home/amwhisper/ros/workspace/roscar/install/roscar_interfaces/include/roscar_interfaces/roscar_interfaces/msg
[4.473s] -- Installing: /home/amwhisper/ros/workspace/roscar/install/roscar_interfaces/include/roscar_interfaces/roscar_interfaces/msg/rosidl_typesupport_fastrtps_c__visibility_control.h
[4.473s] -- Up-to-date: /home/amwhisper/ros/workspace/roscar/install/roscar_interfaces/include/roscar_interfaces/roscar_interfaces/msg/detail
[4.473s] -- Installing: /home/amwhisper/ros/workspace/roscar/install/roscar_interfaces/include/roscar_interfaces/roscar_interfaces/msg/detail/can_control__rosidl_typesupport_fastrtps_c.h
[4.473s] -- Installing: /home/amwhisper/ros/workspace/roscar/install/roscar_interfaces/lib/libroscar_interfaces__rosidl_typesupport_fastrtps_c.so
[4.473s] -- Set runtime path of "/home/amwhisper/ros/workspace/roscar/install/roscar_interfaces/lib/libroscar_interfaces__rosidl_typesupport_fastrtps_c.so" to ""
[4.473s] -- Up-to-date: /home/amwhisper/ros/workspace/roscar/install/roscar_interfaces/include/roscar_interfaces/roscar_interfaces
[4.473s] -- Up-to-date: /home/amwhisper/ros/workspace/roscar/install/roscar_interfaces/include/roscar_interfaces/roscar_interfaces/msg
[4.473s] -- Installing: /home/amwhisper/ros/workspace/roscar/install/roscar_interfaces/include/roscar_interfaces/roscar_interfaces/msg/rosidl_typesupport_introspection_c__visibility_control.h
[4.473s] -- Up-to-date: /home/amwhisper/ros/workspace/roscar/install/roscar_interfaces/include/roscar_interfaces/roscar_interfaces/msg/detail
[4.473s] -- Installing: /home/amwhisper/ros/workspace/roscar/install/roscar_interfaces/include/roscar_interfaces/roscar_interfaces/msg/detail/can_control__rosidl_typesupport_introspection_c.h
[4.474s] -- Installing: /home/amwhisper/ros/workspace/roscar/install/roscar_interfaces/include/roscar_interfaces/roscar_interfaces/msg/detail/can_control__type_support.c
[4.474s] -- Installing: /home/amwhisper/ros/workspace/roscar/install/roscar_interfaces/lib/libroscar_interfaces__rosidl_typesupport_introspection_c.so
[4.474s] -- Set runtime path of "/home/amwhisper/ros/workspace/roscar/install/roscar_interfaces/lib/libroscar_interfaces__rosidl_typesupport_introspection_c.so" to ""
[4.474s] -- Installing: /home/amwhisper/ros/workspace/roscar/install/roscar_interfaces/lib/libroscar_interfaces__rosidl_typesupport_c.so
[4.474s] -- Set runtime path of "/home/amwhisper/ros/workspace/roscar/install/roscar_interfaces/lib/libroscar_interfaces__rosidl_typesupport_c.so" to ""
[4.474s] -- Up-to-date: /home/amwhisper/ros/workspace/roscar/install/roscar_interfaces/include/roscar_interfaces/roscar_interfaces
[4.474s] -- Up-to-date: /home/amwhisper/ros/workspace/roscar/install/roscar_interfaces/include/roscar_interfaces/roscar_interfaces/msg
[4.474s] -- Up-to-date: /home/amwhisper/ros/workspace/roscar/install/roscar_interfaces/include/roscar_interfaces/roscar_interfaces/msg/detail
[4.474s] -- Installing: /home/amwhisper/ros/workspace/roscar/install/roscar_interfaces/include/roscar_interfaces/roscar_interfaces/msg/detail/can_control__traits.hpp
[4.475s] -- Installing: /home/amwhisper/ros/workspace/roscar/install/roscar_interfaces/include/roscar_interfaces/roscar_interfaces/msg/detail/can_control__builder.hpp
[4.475s] -- Installing: /home/amwhisper/ros/workspace/roscar/install/roscar_interfaces/include/roscar_interfaces/roscar_interfaces/msg/detail/can_control__struct.hpp
[4.475s] -- Installing: /home/amwhisper/ros/workspace/roscar/install/roscar_interfaces/include/roscar_interfaces/roscar_interfaces/msg/can_control.hpp
[4.475s] -- Up-to-date: /home/amwhisper/ros/workspace/roscar/install/roscar_interfaces/include/roscar_interfaces/roscar_interfaces
[4.475s] -- Up-to-date: /home/amwhisper/ros/workspace/roscar/install/roscar_interfaces/include/roscar_interfaces/roscar_interfaces/msg
[4.475s] -- Installing: /home/amwhisper/ros/workspace/roscar/install/roscar_interfaces/include/roscar_interfaces/roscar_interfaces/msg/rosidl_typesupport_fastrtps_cpp__visibility_control.h
[4.475s] -- Up-to-date: /home/amwhisper/ros/workspace/roscar/install/roscar_interfaces/include/roscar_interfaces/roscar_interfaces/msg/detail
[4.475s] -- Installing: /home/amwhisper/ros/workspace/roscar/install/roscar_interfaces/include/roscar_interfaces/roscar_interfaces/msg/detail/can_control__rosidl_typesupport_fastrtps_cpp.hpp
[4.475s] -- Installing: /home/amwhisper/ros/workspace/roscar/install/roscar_interfaces/include/roscar_interfaces/roscar_interfaces/msg/detail/dds_fastrtps
[4.475s] -- Installing: /home/amwhisper/ros/workspace/roscar/install/roscar_interfaces/lib/libroscar_interfaces__rosidl_typesupport_fastrtps_cpp.so
[4.476s] -- Set runtime path of "/home/amwhisper/ros/workspace/roscar/install/roscar_interfaces/lib/libroscar_interfaces__rosidl_typesupport_fastrtps_cpp.so" to ""
[4.476s] -- Up-to-date: /home/amwhisper/ros/workspace/roscar/install/roscar_interfaces/include/roscar_interfaces/roscar_interfaces
[4.476s] -- Up-to-date: /home/amwhisper/ros/workspace/roscar/install/roscar_interfaces/include/roscar_interfaces/roscar_interfaces/msg
[4.476s] -- Up-to-date: /home/amwhisper/ros/workspace/roscar/install/roscar_interfaces/include/roscar_interfaces/roscar_interfaces/msg/detail
[4.476s] -- Installing: /home/amwhisper/ros/workspace/roscar/install/roscar_interfaces/include/roscar_interfaces/roscar_interfaces/msg/detail/can_control__rosidl_typesupport_introspection_cpp.hpp
[4.477s] -- Installing: /home/amwhisper/ros/workspace/roscar/install/roscar_interfaces/include/roscar_interfaces/roscar_interfaces/msg/detail/can_control__type_support.cpp
[4.477s] -- Installing: /home/amwhisper/ros/workspace/roscar/install/roscar_interfaces/lib/libroscar_interfaces__rosidl_typesupport_introspection_cpp.so
[4.477s] -- Set runtime path of "/home/amwhisper/ros/workspace/roscar/install/roscar_interfaces/lib/libroscar_interfaces__rosidl_typesupport_introspection_cpp.so" to ""
[4.477s] -- Installing: /home/amwhisper/ros/workspace/roscar/install/roscar_interfaces/lib/libroscar_interfaces__rosidl_typesupport_cpp.so
[4.478s] -- Set runtime path of "/home/amwhisper/ros/workspace/roscar/install/roscar_interfaces/lib/libroscar_interfaces__rosidl_typesupport_cpp.so" to ""
[4.478s] -- Installing: /home/amwhisper/ros/workspace/roscar/install/roscar_interfaces/share/roscar_interfaces/environment/pythonpath.sh
[4.478s] -- Installing: /home/amwhisper/ros/workspace/roscar/install/roscar_interfaces/share/roscar_interfaces/environment/pythonpath.dsv
[4.478s] -- Installing: /home/amwhisper/ros/workspace/roscar/install/roscar_interfaces/local/lib/python3.10/dist-packages/roscar_interfaces-0.0.0-py3.10.egg-info
[4.478s] -- Installing: /home/amwhisper/ros/workspace/roscar/install/roscar_interfaces/local/lib/python3.10/dist-packages/roscar_interfaces-0.0.0-py3.10.egg-info/top_level.txt
[4.478s] -- Installing: /home/amwhisper/ros/workspace/roscar/install/roscar_interfaces/local/lib/python3.10/dist-packages/roscar_interfaces-0.0.0-py3.10.egg-info/SOURCES.txt
[4.478s] -- Installing: /home/amwhisper/ros/workspace/roscar/install/roscar_interfaces/local/lib/python3.10/dist-packages/roscar_interfaces-0.0.0-py3.10.egg-info/PKG-INFO
[4.479s] -- Installing: /home/amwhisper/ros/workspace/roscar/install/roscar_interfaces/local/lib/python3.10/dist-packages/roscar_interfaces-0.0.0-py3.10.egg-info/dependency_links.txt
[4.479s] -- Installing: /home/amwhisper/ros/workspace/roscar/install/roscar_interfaces/local/lib/python3.10/dist-packages/roscar_interfaces
[4.479s] -- Installing: /home/amwhisper/ros/workspace/roscar/install/roscar_interfaces/local/lib/python3.10/dist-packages/roscar_interfaces/_roscar_interfaces_s.ep.rosidl_typesupport_c.c
[4.479s] -- Installing: /home/amwhisper/ros/workspace/roscar/install/roscar_interfaces/local/lib/python3.10/dist-packages/roscar_interfaces/msg
[4.479s] -- Installing: /home/amwhisper/ros/workspace/roscar/install/roscar_interfaces/local/lib/python3.10/dist-packages/roscar_interfaces/msg/__init__.py
[4.479s] -- Installing: /home/amwhisper/ros/workspace/roscar/install/roscar_interfaces/local/lib/python3.10/dist-packages/roscar_interfaces/msg/_can_control.py
[4.479s] -- Installing: /home/amwhisper/ros/workspace/roscar/install/roscar_interfaces/local/lib/python3.10/dist-packages/roscar_interfaces/msg/_can_control_s.c
[4.479s] -- Installing: /home/amwhisper/ros/workspace/roscar/install/roscar_interfaces/local/lib/python3.10/dist-packages/roscar_interfaces/__init__.py
[4.479s] -- Installing: /home/amwhisper/ros/workspace/roscar/install/roscar_interfaces/local/lib/python3.10/dist-packages/roscar_interfaces/roscar_interfaces_s__rosidl_typesupport_c.cpython-310-x86_64-linux-gnu.so
[4.480s] -- Installing: /home/amwhisper/ros/workspace/roscar/install/roscar_interfaces/local/lib/python3.10/dist-packages/roscar_interfaces/libroscar_interfaces__rosidl_generator_py.so
[4.480s] -- Installing: /home/amwhisper/ros/workspace/roscar/install/roscar_interfaces/local/lib/python3.10/dist-packages/roscar_interfaces/_roscar_interfaces_s.ep.rosidl_typesupport_fastrtps_c.c
[4.480s] -- Installing: /home/amwhisper/ros/workspace/roscar/install/roscar_interfaces/local/lib/python3.10/dist-packages/roscar_interfaces/roscar_interfaces_s__rosidl_typesupport_introspection_c.cpython-310-x86_64-linux-gnu.so
[4.480s] -- Installing: /home/amwhisper/ros/workspace/roscar/install/roscar_interfaces/local/lib/python3.10/dist-packages/roscar_interfaces/_roscar_interfaces_s.ep.rosidl_typesupport_introspection_c.c
[4.480s] -- Installing: /home/amwhisper/ros/workspace/roscar/install/roscar_interfaces/local/lib/python3.10/dist-packages/roscar_interfaces/roscar_interfaces_s__rosidl_typesupport_fastrtps_c.cpython-310-x86_64-linux-gnu.so
[4.509s] Listing '/home/amwhisper/ros/workspace/roscar/install/roscar_interfaces/local/lib/python3.10/dist-packages/roscar_interfaces'...
[4.509s] Compiling '/home/amwhisper/ros/workspace/roscar/install/roscar_interfaces/local/lib/python3.10/dist-packages/roscar_interfaces/__init__.py'...
[4.509s] Listing '/home/amwhisper/ros/workspace/roscar/install/roscar_interfaces/local/lib/python3.10/dist-packages/roscar_interfaces/msg'...
[4.509s] Compiling '/home/amwhisper/ros/workspace/roscar/install/roscar_interfaces/local/lib/python3.10/dist-packages/roscar_interfaces/msg/__init__.py'...
[4.509s] Compiling '/home/amwhisper/ros/workspace/roscar/install/roscar_interfaces/local/lib/python3.10/dist-packages/roscar_interfaces/msg/_can_control.py'...
[4.513s] -- Installing: /home/amwhisper/ros/workspace/roscar/install/roscar_interfaces/local/lib/python3.10/dist-packages/roscar_interfaces/roscar_interfaces_s__rosidl_typesupport_fastrtps_c.cpython-310-x86_64-linux-gnu.so
[4.513s] -- Set runtime path of "/home/amwhisper/ros/workspace/roscar/install/roscar_interfaces/local/lib/python3.10/dist-packages/roscar_interfaces/roscar_interfaces_s__rosidl_typesupport_fastrtps_c.cpython-310-x86_64-linux-gnu.so" to ""
[4.514s] -- Installing: /home/amwhisper/ros/workspace/roscar/install/roscar_interfaces/local/lib/python3.10/dist-packages/roscar_interfaces/roscar_interfaces_s__rosidl_typesupport_introspection_c.cpython-310-x86_64-linux-gnu.so
[4.514s] -- Set runtime path of "/home/amwhisper/ros/workspace/roscar/install/roscar_interfaces/local/lib/python3.10/dist-packages/roscar_interfaces/roscar_interfaces_s__rosidl_typesupport_introspection_c.cpython-310-x86_64-linux-gnu.so" to ""
[4.514s] -- Installing: /home/amwhisper/ros/workspace/roscar/install/roscar_interfaces/local/lib/python3.10/dist-packages/roscar_interfaces/roscar_interfaces_s__rosidl_typesupport_c.cpython-310-x86_64-linux-gnu.so
[4.515s] -- Set runtime path of "/home/amwhisper/ros/workspace/roscar/install/roscar_interfaces/local/lib/python3.10/dist-packages/roscar_interfaces/roscar_interfaces_s__rosidl_typesupport_c.cpython-310-x86_64-linux-gnu.so" to ""
[4.515s] -- Installing: /home/amwhisper/ros/workspace/roscar/install/roscar_interfaces/lib/libroscar_interfaces__rosidl_generator_py.so
[4.515s] -- Set runtime path of "/home/amwhisper/ros/workspace/roscar/install/roscar_interfaces/lib/libroscar_interfaces__rosidl_generator_py.so" to ""
[4.515s] -- Installing: /home/amwhisper/ros/workspace/roscar/install/roscar_interfaces/share/roscar_interfaces/msg/CanControl.idl
[4.515s] -- Installing: /home/amwhisper/ros/workspace/roscar/install/roscar_interfaces/share/roscar_interfaces/msg/CanControl.msg
[4.515s] -- Installing: /home/amwhisper/ros/workspace/roscar/install/roscar_interfaces/share/ament_index/resource_index/package_run_dependencies/roscar_interfaces
[4.516s] -- Installing: /home/amwhisper/ros/workspace/roscar/install/roscar_interfaces/share/ament_index/resource_index/parent_prefix_path/roscar_interfaces
[4.516s] -- Installing: /home/amwhisper/ros/workspace/roscar/install/roscar_interfaces/share/roscar_interfaces/environment/ament_prefix_path.sh
[4.516s] -- Installing: /home/amwhisper/ros/workspace/roscar/install/roscar_interfaces/share/roscar_interfaces/environment/ament_prefix_path.dsv
[4.516s] -- Installing: /home/amwhisper/ros/workspace/roscar/install/roscar_interfaces/share/roscar_interfaces/environment/path.sh
[4.517s] -- Installing: /home/amwhisper/ros/workspace/roscar/install/roscar_interfaces/share/roscar_interfaces/environment/path.dsv
[4.517s] -- Installing: /home/amwhisper/ros/workspace/roscar/install/roscar_interfaces/share/roscar_interfaces/local_setup.bash
[4.517s] -- Installing: /home/amwhisper/ros/workspace/roscar/install/roscar_interfaces/share/roscar_interfaces/local_setup.sh
[4.517s] -- Installing: /home/amwhisper/ros/workspace/roscar/install/roscar_interfaces/share/roscar_interfaces/local_setup.zsh
[4.517s] -- Installing: /home/amwhisper/ros/workspace/roscar/install/roscar_interfaces/share/roscar_interfaces/local_setup.dsv
[4.518s] -- Installing: /home/amwhisper/ros/workspace/roscar/install/roscar_interfaces/share/roscar_interfaces/package.dsv
[4.518s] -- Installing: /home/amwhisper/ros/workspace/roscar/install/roscar_interfaces/share/ament_index/resource_index/packages/roscar_interfaces
[4.518s] -- Installing: /home/amwhisper/ros/workspace/roscar/install/roscar_interfaces/share/roscar_interfaces/cmake/export_roscar_interfaces__rosidl_generator_cExport.cmake
[4.518s] -- Installing: /home/amwhisper/ros/workspace/roscar/install/roscar_interfaces/share/roscar_interfaces/cmake/export_roscar_interfaces__rosidl_generator_cExport-noconfig.cmake
[4.519s] -- Installing: /home/amwhisper/ros/workspace/roscar/install/roscar_interfaces/share/roscar_interfaces/cmake/export_roscar_interfaces__rosidl_typesupport_fastrtps_cExport.cmake
[4.519s] -- Installing: /home/amwhisper/ros/workspace/roscar/install/roscar_interfaces/share/roscar_interfaces/cmake/export_roscar_interfaces__rosidl_typesupport_fastrtps_cExport-noconfig.cmake
[4.519s] -- Installing: /home/amwhisper/ros/workspace/roscar/install/roscar_interfaces/share/roscar_interfaces/cmake/roscar_interfaces__rosidl_typesupport_introspection_cExport.cmake
[4.519s] -- Installing: /home/amwhisper/ros/workspace/roscar/install/roscar_interfaces/share/roscar_interfaces/cmake/roscar_interfaces__rosidl_typesupport_introspection_cExport-noconfig.cmake
[4.519s] -- Installing: /home/amwhisper/ros/workspace/roscar/install/roscar_interfaces/share/roscar_interfaces/cmake/roscar_interfaces__rosidl_typesupport_cExport.cmake
[4.519s] -- Installing: /home/amwhisper/ros/workspace/roscar/install/roscar_interfaces/share/roscar_interfaces/cmake/roscar_interfaces__rosidl_typesupport_cExport-noconfig.cmake
[4.519s] -- Installing: /home/amwhisper/ros/workspace/roscar/install/roscar_interfaces/share/roscar_interfaces/cmake/export_roscar_interfaces__rosidl_generator_cppExport.cmake
[4.519s] -- Installing: /home/amwhisper/ros/workspace/roscar/install/roscar_interfaces/share/roscar_interfaces/cmake/export_roscar_interfaces__rosidl_typesupport_fastrtps_cppExport.cmake
[4.520s] -- Installing: /home/amwhisper/ros/workspace/roscar/install/roscar_interfaces/share/roscar_interfaces/cmake/export_roscar_interfaces__rosidl_typesupport_fastrtps_cppExport-noconfig.cmake
[4.520s] -- Installing: /home/amwhisper/ros/workspace/roscar/install/roscar_interfaces/share/roscar_interfaces/cmake/roscar_interfaces__rosidl_typesupport_introspection_cppExport.cmake
[4.520s] -- Installing: /home/amwhisper/ros/workspace/roscar/install/roscar_interfaces/share/roscar_interfaces/cmake/roscar_interfaces__rosidl_typesupport_introspection_cppExport-noconfig.cmake
[4.520s] -- Installing: /home/amwhisper/ros/workspace/roscar/install/roscar_interfaces/share/roscar_interfaces/cmake/roscar_interfaces__rosidl_typesupport_cppExport.cmake
[4.520s] -- Installing: /home/amwhisper/ros/workspace/roscar/install/roscar_interfaces/share/roscar_interfaces/cmake/roscar_interfaces__rosidl_typesupport_cppExport-noconfig.cmake
[4.520s] -- Installing: /home/amwhisper/ros/workspace/roscar/install/roscar_interfaces/share/roscar_interfaces/cmake/export_roscar_interfaces__rosidl_generator_pyExport.cmake
[4.520s] -- Installing: /home/amwhisper/ros/workspace/roscar/install/roscar_interfaces/share/roscar_interfaces/cmake/export_roscar_interfaces__rosidl_generator_pyExport-noconfig.cmake
[4.520s] -- Installing: /home/amwhisper/ros/workspace/roscar/install/roscar_interfaces/share/roscar_interfaces/cmake/rosidl_cmake-extras.cmake
[4.520s] -- Installing: /home/amwhisper/ros/workspace/roscar/install/roscar_interfaces/share/roscar_interfaces/cmake/ament_cmake_export_dependencies-extras.cmake
[4.521s] -- Installing: /home/amwhisper/ros/workspace/roscar/install/roscar_interfaces/share/roscar_interfaces/cmake/ament_cmake_export_include_directories-extras.cmake
[4.521s] -- Installing: /home/amwhisper/ros/workspace/roscar/install/roscar_interfaces/share/roscar_interfaces/cmake/ament_cmake_export_libraries-extras.cmake
[4.521s] -- Installing: /home/amwhisper/ros/workspace/roscar/install/roscar_interfaces/share/roscar_interfaces/cmake/ament_cmake_export_targets-extras.cmake
[4.521s] -- Installing: /home/amwhisper/ros/workspace/roscar/install/roscar_interfaces/share/roscar_interfaces/cmake/rosidl_cmake_export_typesupport_targets-extras.cmake
[4.521s] -- Installing: /home/amwhisper/ros/workspace/roscar/install/roscar_interfaces/share/roscar_interfaces/cmake/rosidl_cmake_export_typesupport_libraries-extras.cmake
[4.521s] -- Installing: /home/amwhisper/ros/workspace/roscar/install/roscar_interfaces/share/roscar_interfaces/cmake/roscar_interfacesConfig.cmake
[4.521s] -- Installing: /home/amwhisper/ros/workspace/roscar/install/roscar_interfaces/share/roscar_interfaces/cmake/roscar_interfacesConfig-version.cmake
[4.521s] -- Installing: /home/amwhisper/ros/workspace/roscar/install/roscar_interfaces/share/roscar_interfaces/package.xml
[4.524s] Invoked command in '/home/amwhisper/ros/workspace/roscar/build/roscar_interfaces' returned '0': CMAKE_PREFIX_PATH=/opt/ros/humble /usr/bin/cmake --install /home/amwhisper/ros/workspace/roscar/build/roscar_interfaces
